[2025-04-15T00:00:01.577+0000] {local_task_job_runner.py:123} INFO - ::group::Pre task execution logs
[2025-04-15T00:00:01.590+0000] {taskinstance.py:2614} INFO - Dependencies all met for dep_context=non-requeueable deps ti=<TaskInstance: batdongsan_scraping.save_links scheduled__2025-04-14T00:00:00+00:00 [queued]>
[2025-04-15T00:00:01.597+0000] {taskinstance.py:2614} INFO - Dependencies all met for dep_context=requeueable deps ti=<TaskInstance: batdongsan_scraping.save_links scheduled__2025-04-14T00:00:00+00:00 [queued]>
[2025-04-15T00:00:01.597+0000] {taskinstance.py:2867} INFO - Starting attempt 1 of 3
[2025-04-15T00:00:01.607+0000] {taskinstance.py:2890} INFO - Executing <Task(PythonOperator): save_links> on 2025-04-14 00:00:00+00:00
[2025-04-15T00:00:01.614+0000] {standard_task_runner.py:104} INFO - Running: ['***', 'tasks', 'run', 'batdongsan_scraping', 'save_links', 'scheduled__2025-04-14T00:00:00+00:00', '--job-id', '7', '--raw', '--subdir', 'DAGS_FOLDER/batdongsan_scraping_dag.py', '--cfg-path', '/tmp/tmpihvfuaw_']
[2025-04-15T00:00:01.617+0000] {standard_task_runner.py:105} INFO - Job 7: Subtask save_links
[2025-04-15T00:00:01.616+0000] {logging_mixin.py:190} WARNING - /home/***/.local/lib/python3.12/site-packages/***/task/task_runner/standard_task_runner.py:70 DeprecationWarning: This process (pid=85598) is multi-threaded, use of fork() may lead to deadlocks in the child.
[2025-04-15T00:00:01.618+0000] {standard_task_runner.py:72} INFO - Started process 85600 to run task
[2025-04-15T00:00:01.653+0000] {task_command.py:467} INFO - Running <TaskInstance: batdongsan_scraping.save_links scheduled__2025-04-14T00:00:00+00:00 [running]> on host 9b73e981a31f
[2025-04-15T00:00:01.709+0000] {taskinstance.py:3134} INFO - Exporting env vars: AIRFLOW_CTX_DAG_OWNER='***' AIRFLOW_CTX_DAG_ID='batdongsan_scraping' AIRFLOW_CTX_TASK_ID='save_links' AIRFLOW_CTX_EXECUTION_DATE='2025-04-14T00:00:00+00:00' AIRFLOW_CTX_TRY_NUMBER='1' AIRFLOW_CTX_DAG_RUN_ID='scheduled__2025-04-14T00:00:00+00:00'
[2025-04-15T00:00:01.710+0000] {taskinstance.py:732} INFO - ::endgroup::
[2025-04-15T00:00:01.754+0000] {SaveLinkBatdongsan.py:118} INFO - Loaded 61703 existing links
[2025-04-15T00:00:02.123+0000] {SaveLinkBatdongsan.py:135} INFO - Scraping page 2: https://batdongsan.com.vn/nha-dat-ban/p2?gtn=7-ty&gcn=30-ty
[2025-04-15T00:00:02.123+0000] {SaveLinkBatdongsan.py:135} INFO - Scraping page 3: https://batdongsan.com.vn/nha-dat-ban/p3?gtn=7-ty&gcn=30-ty
[2025-04-15T00:00:02.150+0000] {SaveLinkBatdongsan.py:135} INFO - Scraping page 5: https://batdongsan.com.vn/nha-dat-ban/p5?gtn=7-ty&gcn=30-ty
[2025-04-15T00:00:02.174+0000] {SaveLinkBatdongsan.py:135} INFO - Scraping page 4: https://batdongsan.com.vn/nha-dat-ban/p4?gtn=7-ty&gcn=30-ty
[2025-04-15T00:00:02.177+0000] {SaveLinkBatdongsan.py:135} INFO - Scraping page 1: https://batdongsan.com.vn/nha-dat-ban/p1?gtn=7-ty&gcn=30-ty
[2025-04-15T00:00:07.118+0000] {SaveLinkBatdongsan.py:141} INFO - Found 20 links on page 3
[2025-04-15T00:00:08.202+0000] {SaveLinkBatdongsan.py:141} INFO - Found 20 links on page 1
[2025-04-15T00:00:08.357+0000] {SaveLinkBatdongsan.py:141} INFO - Found 20 links on page 4
[2025-04-15T00:00:08.360+0000] {SaveLinkBatdongsan.py:141} INFO - Found 20 links on page 5
[2025-04-15T00:00:08.377+0000] {SaveLinkBatdongsan.py:141} INFO - Found 20 links on page 2
[2025-04-15T00:00:08.693+0000] {SaveLinkBatdongsan.py:135} INFO - Scraping page 6: https://batdongsan.com.vn/nha-dat-ban/p6?gtn=7-ty&gcn=30-ty
[2025-04-15T00:00:08.756+0000] {SaveLinkBatdongsan.py:135} INFO - Scraping page 7: https://batdongsan.com.vn/nha-dat-ban/p7?gtn=7-ty&gcn=30-ty
[2025-04-15T00:00:08.779+0000] {SaveLinkBatdongsan.py:135} INFO - Scraping page 10: https://batdongsan.com.vn/nha-dat-ban/p10?gtn=7-ty&gcn=30-ty
[2025-04-15T00:00:08.781+0000] {SaveLinkBatdongsan.py:135} INFO - Scraping page 9: https://batdongsan.com.vn/nha-dat-ban/p9?gtn=7-ty&gcn=30-ty
[2025-04-15T00:00:08.815+0000] {SaveLinkBatdongsan.py:135} INFO - Scraping page 8: https://batdongsan.com.vn/nha-dat-ban/p8?gtn=7-ty&gcn=30-ty
[2025-04-15T00:00:12.711+0000] {SaveLinkBatdongsan.py:141} INFO - Found 0 links on page 9
[2025-04-15T00:00:12.715+0000] {SaveLinkBatdongsan.py:147} WARNING - No links found on page 9, added to error file
[2025-04-15T00:00:14.326+0000] {SaveLinkBatdongsan.py:135} INFO - Scraping page 11: https://batdongsan.com.vn/nha-dat-ban/p11?gtn=7-ty&gcn=30-ty
[2025-04-15T00:00:17.509+0000] {SaveLinkBatdongsan.py:141} INFO - Found 20 links on page 6
[2025-04-15T00:00:17.529+0000] {SaveLinkBatdongsan.py:141} INFO - Found 20 links on page 10
[2025-04-15T00:00:17.654+0000] {SaveLinkBatdongsan.py:141} INFO - Found 20 links on page 7
[2025-04-15T00:00:17.654+0000] {SaveLinkBatdongsan.py:141} INFO - Found 20 links on page 8
[2025-04-15T00:00:18.077+0000] {SaveLinkBatdongsan.py:125} INFO - Saved 61704 links to /opt/***/data/batdongsan_links.txt
[2025-04-15T00:00:18.082+0000] {SaveLinkBatdongsan.py:195} INFO - Progress saved at 10/100 pages
[2025-04-15T00:00:18.112+0000] {SaveLinkBatdongsan.py:135} INFO - Scraping page 12: https://batdongsan.com.vn/nha-dat-ban/p12?gtn=7-ty&gcn=30-ty
[2025-04-15T00:00:18.147+0000] {SaveLinkBatdongsan.py:135} INFO - Scraping page 13: https://batdongsan.com.vn/nha-dat-ban/p13?gtn=7-ty&gcn=30-ty
[2025-04-15T00:00:18.205+0000] {SaveLinkBatdongsan.py:135} INFO - Scraping page 14: https://batdongsan.com.vn/nha-dat-ban/p14?gtn=7-ty&gcn=30-ty
[2025-04-15T00:00:18.234+0000] {SaveLinkBatdongsan.py:135} INFO - Scraping page 15: https://batdongsan.com.vn/nha-dat-ban/p15?gtn=7-ty&gcn=30-ty
[2025-04-15T00:00:18.516+0000] {SaveLinkBatdongsan.py:141} INFO - Found 20 links on page 11
[2025-04-15T00:00:18.795+0000] {SaveLinkBatdongsan.py:135} INFO - Scraping page 16: https://batdongsan.com.vn/nha-dat-ban/p16?gtn=7-ty&gcn=30-ty
[2025-04-15T00:00:23.752+0000] {SaveLinkBatdongsan.py:141} INFO - Found 20 links on page 14
[2025-04-15T00:00:23.856+0000] {SaveLinkBatdongsan.py:141} INFO - Found 20 links on page 12
[2025-04-15T00:00:23.916+0000] {SaveLinkBatdongsan.py:141} INFO - Found 20 links on page 15
[2025-04-15T00:00:23.992+0000] {SaveLinkBatdongsan.py:141} INFO - Found 20 links on page 13
[2025-04-15T00:00:24.181+0000] {SaveLinkBatdongsan.py:141} INFO - Found 20 links on page 16
[2025-04-15T00:00:24.462+0000] {SaveLinkBatdongsan.py:135} INFO - Scraping page 17: https://batdongsan.com.vn/nha-dat-ban/p17?gtn=7-ty&gcn=30-ty
[2025-04-15T00:00:24.546+0000] {SaveLinkBatdongsan.py:135} INFO - Scraping page 19: https://batdongsan.com.vn/nha-dat-ban/p19?gtn=7-ty&gcn=30-ty
[2025-04-15T00:00:24.575+0000] {SaveLinkBatdongsan.py:135} INFO - Scraping page 18: https://batdongsan.com.vn/nha-dat-ban/p18?gtn=7-ty&gcn=30-ty
[2025-04-15T00:00:24.613+0000] {SaveLinkBatdongsan.py:135} INFO - Scraping page 20: https://batdongsan.com.vn/nha-dat-ban/p20?gtn=7-ty&gcn=30-ty
[2025-04-15T00:00:24.642+0000] {SaveLinkBatdongsan.py:135} INFO - Scraping page 21: https://batdongsan.com.vn/nha-dat-ban/p21?gtn=7-ty&gcn=30-ty
[2025-04-15T00:00:29.904+0000] {SaveLinkBatdongsan.py:141} INFO - Found 20 links on page 17
[2025-04-15T00:00:30.632+0000] {SaveLinkBatdongsan.py:141} INFO - Found 20 links on page 20
[2025-04-15T00:00:30.705+0000] {SaveLinkBatdongsan.py:141} INFO - Found 20 links on page 19
[2025-04-15T00:00:30.744+0000] {SaveLinkBatdongsan.py:141} INFO - Found 20 links on page 18
[2025-04-15T00:00:30.782+0000] {SaveLinkBatdongsan.py:141} INFO - Found 20 links on page 21
[2025-04-15T00:00:31.221+0000] {SaveLinkBatdongsan.py:135} INFO - Scraping page 24: https://batdongsan.com.vn/nha-dat-ban/p24?gtn=7-ty&gcn=30-ty
[2025-04-15T00:00:31.226+0000] {SaveLinkBatdongsan.py:135} INFO - Scraping page 22: https://batdongsan.com.vn/nha-dat-ban/p22?gtn=7-ty&gcn=30-ty
[2025-04-15T00:00:31.223+0000] {SaveLinkBatdongsan.py:125} INFO - Saved 61706 links to /opt/***/data/batdongsan_links.txt
[2025-04-15T00:00:31.242+0000] {SaveLinkBatdongsan.py:195} INFO - Progress saved at 20/100 pages
[2025-04-15T00:00:31.264+0000] {SaveLinkBatdongsan.py:135} INFO - Scraping page 23: https://batdongsan.com.vn/nha-dat-ban/p23?gtn=7-ty&gcn=30-ty
[2025-04-15T00:00:31.302+0000] {SaveLinkBatdongsan.py:135} INFO - Scraping page 26: https://batdongsan.com.vn/nha-dat-ban/p26?gtn=7-ty&gcn=30-ty
[2025-04-15T00:00:31.311+0000] {SaveLinkBatdongsan.py:135} INFO - Scraping page 25: https://batdongsan.com.vn/nha-dat-ban/p25?gtn=7-ty&gcn=30-ty
[2025-04-15T00:00:35.826+0000] {SaveLinkBatdongsan.py:141} INFO - Found 20 links on page 23
[2025-04-15T00:00:36.507+0000] {SaveLinkBatdongsan.py:135} INFO - Scraping page 27: https://batdongsan.com.vn/nha-dat-ban/p27?gtn=7-ty&gcn=30-ty
[2025-04-15T00:00:37.204+0000] {SaveLinkBatdongsan.py:141} INFO - Found 20 links on page 25
[2025-04-15T00:00:37.238+0000] {SaveLinkBatdongsan.py:141} INFO - Found 20 links on page 22
[2025-04-15T00:00:37.354+0000] {SaveLinkBatdongsan.py:141} INFO - Found 20 links on page 24
[2025-04-15T00:00:37.421+0000] {SaveLinkBatdongsan.py:141} INFO - Found 20 links on page 26
[2025-04-15T00:00:37.740+0000] {SaveLinkBatdongsan.py:135} INFO - Scraping page 28: https://batdongsan.com.vn/nha-dat-ban/p28?gtn=7-ty&gcn=30-ty
[2025-04-15T00:00:37.793+0000] {SaveLinkBatdongsan.py:135} INFO - Scraping page 29: https://batdongsan.com.vn/nha-dat-ban/p29?gtn=7-ty&gcn=30-ty
[2025-04-15T00:00:37.844+0000] {SaveLinkBatdongsan.py:135} INFO - Scraping page 30: https://batdongsan.com.vn/nha-dat-ban/p30?gtn=7-ty&gcn=30-ty
[2025-04-15T00:00:38.648+0000] {SaveLinkBatdongsan.py:135} INFO - Scraping page 31: https://batdongsan.com.vn/nha-dat-ban/p31?gtn=7-ty&gcn=30-ty
[2025-04-15T00:00:40.625+0000] {SaveLinkBatdongsan.py:141} INFO - Found 20 links on page 27
[2025-04-15T00:00:41.179+0000] {SaveLinkBatdongsan.py:135} INFO - Scraping page 32: https://batdongsan.com.vn/nha-dat-ban/p32?gtn=7-ty&gcn=30-ty
[2025-04-15T00:00:43.689+0000] {SaveLinkBatdongsan.py:141} INFO - Found 20 links on page 28
[2025-04-15T00:00:44.166+0000] {SaveLinkBatdongsan.py:141} INFO - Found 20 links on page 30
[2025-04-15T00:00:44.307+0000] {SaveLinkBatdongsan.py:141} INFO - Found 20 links on page 29
[2025-04-15T00:00:44.316+0000] {SaveLinkBatdongsan.py:141} INFO - Found 20 links on page 31
[2025-04-15T00:00:44.510+0000] {SaveLinkBatdongsan.py:135} INFO - Scraping page 33: https://batdongsan.com.vn/nha-dat-ban/p33?gtn=7-ty&gcn=30-ty
[2025-04-15T00:00:44.676+0000] {SaveLinkBatdongsan.py:135} INFO - Scraping page 34: https://batdongsan.com.vn/nha-dat-ban/p34?gtn=7-ty&gcn=30-ty
[2025-04-15T00:00:44.726+0000] {SaveLinkBatdongsan.py:125} INFO - Saved 61706 links to /opt/***/data/batdongsan_links.txt
[2025-04-15T00:00:44.726+0000] {SaveLinkBatdongsan.py:195} INFO - Progress saved at 30/100 pages
[2025-04-15T00:00:44.813+0000] {SaveLinkBatdongsan.py:135} INFO - Scraping page 35: https://batdongsan.com.vn/nha-dat-ban/p35?gtn=7-ty&gcn=30-ty
[2025-04-15T00:00:46.070+0000] {SaveLinkBatdongsan.py:135} INFO - Scraping page 36: https://batdongsan.com.vn/nha-dat-ban/p36?gtn=7-ty&gcn=30-ty
[2025-04-15T00:00:46.282+0000] {SaveLinkBatdongsan.py:141} INFO - Found 20 links on page 32
[2025-04-15T00:00:46.780+0000] {SaveLinkBatdongsan.py:135} INFO - Scraping page 37: https://batdongsan.com.vn/nha-dat-ban/p37?gtn=7-ty&gcn=30-ty
[2025-04-15T00:00:48.998+0000] {SaveLinkBatdongsan.py:141} INFO - Found 20 links on page 33
[2025-04-15T00:00:49.456+0000] {SaveLinkBatdongsan.py:141} INFO - Found 20 links on page 35
[2025-04-15T00:00:49.570+0000] {SaveLinkBatdongsan.py:135} INFO - Scraping page 38: https://batdongsan.com.vn/nha-dat-ban/p38?gtn=7-ty&gcn=30-ty
[2025-04-15T00:00:50.102+0000] {SaveLinkBatdongsan.py:135} INFO - Scraping page 39: https://batdongsan.com.vn/nha-dat-ban/p39?gtn=7-ty&gcn=30-ty
[2025-04-15T00:00:50.210+0000] {SaveLinkBatdongsan.py:141} INFO - Found 20 links on page 34
[2025-04-15T00:00:50.590+0000] {SaveLinkBatdongsan.py:135} INFO - Scraping page 40: https://batdongsan.com.vn/nha-dat-ban/p40?gtn=7-ty&gcn=30-ty
[2025-04-15T00:00:51.148+0000] {SaveLinkBatdongsan.py:141} INFO - Found 20 links on page 36
[2025-04-15T00:00:51.521+0000] {SaveLinkBatdongsan.py:141} INFO - Found 20 links on page 37
[2025-04-15T00:00:51.686+0000] {SaveLinkBatdongsan.py:135} INFO - Scraping page 41: https://batdongsan.com.vn/nha-dat-ban/p41?gtn=7-ty&gcn=30-ty
[2025-04-15T00:00:52.099+0000] {SaveLinkBatdongsan.py:135} INFO - Scraping page 42: https://batdongsan.com.vn/nha-dat-ban/p42?gtn=7-ty&gcn=30-ty
[2025-04-15T00:00:54.502+0000] {SaveLinkBatdongsan.py:141} INFO - Found 20 links on page 38
[2025-04-15T00:00:54.818+0000] {SaveLinkBatdongsan.py:141} INFO - Found 20 links on page 39
[2025-04-15T00:00:55.244+0000] {SaveLinkBatdongsan.py:135} INFO - Scraping page 43: https://batdongsan.com.vn/nha-dat-ban/p43?gtn=7-ty&gcn=30-ty
[2025-04-15T00:00:55.394+0000] {SaveLinkBatdongsan.py:135} INFO - Scraping page 44: https://batdongsan.com.vn/nha-dat-ban/p44?gtn=7-ty&gcn=30-ty
[2025-04-15T00:00:55.468+0000] {SaveLinkBatdongsan.py:141} INFO - Found 20 links on page 40
[2025-04-15T00:00:55.762+0000] {SaveLinkBatdongsan.py:125} INFO - Saved 61714 links to /opt/***/data/batdongsan_links.txt
[2025-04-15T00:00:55.763+0000] {SaveLinkBatdongsan.py:195} INFO - Progress saved at 40/100 pages
[2025-04-15T00:00:55.871+0000] {SaveLinkBatdongsan.py:135} INFO - Scraping page 45: https://batdongsan.com.vn/nha-dat-ban/p45?gtn=7-ty&gcn=30-ty
[2025-04-15T00:00:56.394+0000] {SaveLinkBatdongsan.py:141} INFO - Found 20 links on page 41
[2025-04-15T00:00:57.029+0000] {SaveLinkBatdongsan.py:135} INFO - Scraping page 46: https://batdongsan.com.vn/nha-dat-ban/p46?gtn=7-ty&gcn=30-ty
[2025-04-15T00:00:57.123+0000] {SaveLinkBatdongsan.py:141} INFO - Found 20 links on page 42
[2025-04-15T00:00:58.570+0000] {SaveLinkBatdongsan.py:135} INFO - Scraping page 47: https://batdongsan.com.vn/nha-dat-ban/p47?gtn=7-ty&gcn=30-ty
[2025-04-15T00:00:59.456+0000] {SaveLinkBatdongsan.py:141} INFO - Found 20 links on page 43
[2025-04-15T00:00:59.662+0000] {SaveLinkBatdongsan.py:141} INFO - Found 20 links on page 44
[2025-04-15T00:01:00.030+0000] {SaveLinkBatdongsan.py:135} INFO - Scraping page 48: https://batdongsan.com.vn/nha-dat-ban/p48?gtn=7-ty&gcn=30-ty
[2025-04-15T00:01:00.174+0000] {SaveLinkBatdongsan.py:135} INFO - Scraping page 49: https://batdongsan.com.vn/nha-dat-ban/p49?gtn=7-ty&gcn=30-ty
[2025-04-15T00:01:00.852+0000] {SaveLinkBatdongsan.py:141} INFO - Found 20 links on page 45
[2025-04-15T00:01:01.346+0000] {SaveLinkBatdongsan.py:141} INFO - Found 20 links on page 46
[2025-04-15T00:01:02.288+0000] {SaveLinkBatdongsan.py:135} INFO - Scraping page 50: https://batdongsan.com.vn/nha-dat-ban/p50?gtn=7-ty&gcn=30-ty
[2025-04-15T00:01:02.802+0000] {SaveLinkBatdongsan.py:135} INFO - Scraping page 51: https://batdongsan.com.vn/nha-dat-ban/p51?gtn=7-ty&gcn=30-ty
[2025-04-15T00:01:02.997+0000] {SaveLinkBatdongsan.py:141} INFO - Found 20 links on page 47
[2025-04-15T00:01:03.414+0000] {SaveLinkBatdongsan.py:135} INFO - Scraping page 52: https://batdongsan.com.vn/nha-dat-ban/p52?gtn=7-ty&gcn=30-ty
[2025-04-15T00:01:04.525+0000] {SaveLinkBatdongsan.py:141} INFO - Found 20 links on page 49
[2025-04-15T00:01:04.941+0000] {SaveLinkBatdongsan.py:141} INFO - Found 20 links on page 48
[2025-04-15T00:01:05.374+0000] {SaveLinkBatdongsan.py:135} INFO - Scraping page 53: https://batdongsan.com.vn/nha-dat-ban/p53?gtn=7-ty&gcn=30-ty
[2025-04-15T00:01:05.521+0000] {SaveLinkBatdongsan.py:135} INFO - Scraping page 54: https://batdongsan.com.vn/nha-dat-ban/p54?gtn=7-ty&gcn=30-ty
[2025-04-15T00:01:06.906+0000] {SaveLinkBatdongsan.py:141} INFO - Found 20 links on page 50
[2025-04-15T00:01:07.280+0000] {SaveLinkBatdongsan.py:141} INFO - Found 20 links on page 51
[2025-04-15T00:01:07.621+0000] {SaveLinkBatdongsan.py:135} INFO - Scraping page 55: https://batdongsan.com.vn/nha-dat-ban/p55?gtn=7-ty&gcn=30-ty
[2025-04-15T00:01:07.683+0000] {SaveLinkBatdongsan.py:125} INFO - Saved 61720 links to /opt/***/data/batdongsan_links.txt
[2025-04-15T00:01:07.684+0000] {SaveLinkBatdongsan.py:195} INFO - Progress saved at 50/100 pages
[2025-04-15T00:01:07.865+0000] {SaveLinkBatdongsan.py:135} INFO - Scraping page 56: https://batdongsan.com.vn/nha-dat-ban/p56?gtn=7-ty&gcn=30-ty
[2025-04-15T00:01:08.159+0000] {SaveLinkBatdongsan.py:141} INFO - Found 20 links on page 52
[2025-04-15T00:01:08.547+0000] {SaveLinkBatdongsan.py:135} INFO - Scraping page 57: https://batdongsan.com.vn/nha-dat-ban/p57?gtn=7-ty&gcn=30-ty
[2025-04-15T00:01:10.438+0000] {SaveLinkBatdongsan.py:141} INFO - Found 20 links on page 53
[2025-04-15T00:01:11.045+0000] {SaveLinkBatdongsan.py:135} INFO - Scraping page 58: https://batdongsan.com.vn/nha-dat-ban/p58?gtn=7-ty&gcn=30-ty
[2025-04-15T00:01:11.095+0000] {SaveLinkBatdongsan.py:141} INFO - Found 20 links on page 54
[2025-04-15T00:01:11.626+0000] {SaveLinkBatdongsan.py:135} INFO - Scraping page 59: https://batdongsan.com.vn/nha-dat-ban/p59?gtn=7-ty&gcn=30-ty
[2025-04-15T00:01:12.549+0000] {SaveLinkBatdongsan.py:141} INFO - Found 20 links on page 55
[2025-04-15T00:01:13.060+0000] {SaveLinkBatdongsan.py:141} INFO - Found 20 links on page 56
[2025-04-15T00:01:13.420+0000] {SaveLinkBatdongsan.py:135} INFO - Scraping page 60: https://batdongsan.com.vn/nha-dat-ban/p60?gtn=7-ty&gcn=30-ty
[2025-04-15T00:01:13.723+0000] {SaveLinkBatdongsan.py:135} INFO - Scraping page 61: https://batdongsan.com.vn/nha-dat-ban/p61?gtn=7-ty&gcn=30-ty
[2025-04-15T00:01:13.819+0000] {SaveLinkBatdongsan.py:141} INFO - Found 20 links on page 57
[2025-04-15T00:01:14.338+0000] {SaveLinkBatdongsan.py:135} INFO - Scraping page 62: https://batdongsan.com.vn/nha-dat-ban/p62?gtn=7-ty&gcn=30-ty
[2025-04-15T00:01:16.156+0000] {SaveLinkBatdongsan.py:141} INFO - Found 20 links on page 58
[2025-04-15T00:01:16.964+0000] {SaveLinkBatdongsan.py:135} INFO - Scraping page 63: https://batdongsan.com.vn/nha-dat-ban/p63?gtn=7-ty&gcn=30-ty
[2025-04-15T00:01:17.010+0000] {SaveLinkBatdongsan.py:141} INFO - Found 20 links on page 59
[2025-04-15T00:01:17.533+0000] {SaveLinkBatdongsan.py:135} INFO - Scraping page 64: https://batdongsan.com.vn/nha-dat-ban/p64?gtn=7-ty&gcn=30-ty
[2025-04-15T00:01:18.261+0000] {SaveLinkBatdongsan.py:141} INFO - Found 20 links on page 60
[2025-04-15T00:01:18.435+0000] {SaveLinkBatdongsan.py:141} INFO - Found 20 links on page 61
[2025-04-15T00:01:18.777+0000] {SaveLinkBatdongsan.py:125} INFO - Saved 61720 links to /opt/***/data/batdongsan_links.txt
[2025-04-15T00:01:18.778+0000] {SaveLinkBatdongsan.py:195} INFO - Progress saved at 60/100 pages
[2025-04-15T00:01:18.915+0000] {SaveLinkBatdongsan.py:135} INFO - Scraping page 65: https://batdongsan.com.vn/nha-dat-ban/p65?gtn=7-ty&gcn=30-ty
[2025-04-15T00:01:19.110+0000] {SaveLinkBatdongsan.py:135} INFO - Scraping page 66: https://batdongsan.com.vn/nha-dat-ban/p66?gtn=7-ty&gcn=30-ty
[2025-04-15T00:01:19.241+0000] {SaveLinkBatdongsan.py:141} INFO - Found 20 links on page 62
[2025-04-15T00:01:19.631+0000] {SaveLinkBatdongsan.py:135} INFO - Scraping page 67: https://batdongsan.com.vn/nha-dat-ban/p67?gtn=7-ty&gcn=30-ty
[2025-04-15T00:01:21.570+0000] {SaveLinkBatdongsan.py:141} INFO - Found 20 links on page 63
[2025-04-15T00:01:22.144+0000] {SaveLinkBatdongsan.py:135} INFO - Scraping page 68: https://batdongsan.com.vn/nha-dat-ban/p68?gtn=7-ty&gcn=30-ty
[2025-04-15T00:01:22.299+0000] {SaveLinkBatdongsan.py:141} INFO - Found 20 links on page 64
[2025-04-15T00:01:22.865+0000] {SaveLinkBatdongsan.py:135} INFO - Scraping page 69: https://batdongsan.com.vn/nha-dat-ban/p69?gtn=7-ty&gcn=30-ty
[2025-04-15T00:01:24.021+0000] {SaveLinkBatdongsan.py:141} INFO - Found 20 links on page 66
[2025-04-15T00:01:24.662+0000] {SaveLinkBatdongsan.py:141} INFO - Found 20 links on page 65
[2025-04-15T00:01:24.763+0000] {SaveLinkBatdongsan.py:135} INFO - Scraping page 70: https://batdongsan.com.vn/nha-dat-ban/p70?gtn=7-ty&gcn=30-ty
[2025-04-15T00:01:25.179+0000] {SaveLinkBatdongsan.py:135} INFO - Scraping page 71: https://batdongsan.com.vn/nha-dat-ban/p71?gtn=7-ty&gcn=30-ty
[2025-04-15T00:01:25.267+0000] {SaveLinkBatdongsan.py:141} INFO - Found 20 links on page 67
[2025-04-15T00:01:25.687+0000] {SaveLinkBatdongsan.py:135} INFO - Scraping page 72: https://batdongsan.com.vn/nha-dat-ban/p72?gtn=7-ty&gcn=30-ty
[2025-04-15T00:01:27.083+0000] {SaveLinkBatdongsan.py:141} INFO - Found 20 links on page 68
[2025-04-15T00:01:27.728+0000] {SaveLinkBatdongsan.py:135} INFO - Scraping page 73: https://batdongsan.com.vn/nha-dat-ban/p73?gtn=7-ty&gcn=30-ty
[2025-04-15T00:01:27.959+0000] {SaveLinkBatdongsan.py:141} INFO - Found 20 links on page 69
[2025-04-15T00:01:28.369+0000] {SaveLinkBatdongsan.py:135} INFO - Scraping page 74: https://batdongsan.com.vn/nha-dat-ban/p74?gtn=7-ty&gcn=30-ty
[2025-04-15T00:01:30.378+0000] {SaveLinkBatdongsan.py:141} INFO - Found 20 links on page 70
[2025-04-15T00:01:30.619+0000] {SaveLinkBatdongsan.py:141} INFO - Found 20 links on page 71
[2025-04-15T00:01:30.889+0000] {SaveLinkBatdongsan.py:141} INFO - Found 20 links on page 72
[2025-04-15T00:01:31.179+0000] {SaveLinkBatdongsan.py:135} INFO - Scraping page 75: https://batdongsan.com.vn/nha-dat-ban/p75?gtn=7-ty&gcn=30-ty
[2025-04-15T00:01:31.296+0000] {SaveLinkBatdongsan.py:125} INFO - Saved 61720 links to /opt/***/data/batdongsan_links.txt
[2025-04-15T00:01:31.298+0000] {SaveLinkBatdongsan.py:195} INFO - Progress saved at 70/100 pages
[2025-04-15T00:01:31.340+0000] {SaveLinkBatdongsan.py:135} INFO - Scraping page 76: https://batdongsan.com.vn/nha-dat-ban/p76?gtn=7-ty&gcn=30-ty
[2025-04-15T00:01:31.452+0000] {SaveLinkBatdongsan.py:135} INFO - Scraping page 77: https://batdongsan.com.vn/nha-dat-ban/p77?gtn=7-ty&gcn=30-ty
[2025-04-15T00:01:33.253+0000] {SaveLinkBatdongsan.py:141} INFO - Found 20 links on page 73
[2025-04-15T00:01:33.700+0000] {SaveLinkBatdongsan.py:141} INFO - Found 20 links on page 74
[2025-04-15T00:01:33.798+0000] {SaveLinkBatdongsan.py:135} INFO - Scraping page 78: https://batdongsan.com.vn/nha-dat-ban/p78?gtn=7-ty&gcn=30-ty
[2025-04-15T00:01:34.203+0000] {SaveLinkBatdongsan.py:135} INFO - Scraping page 79: https://batdongsan.com.vn/nha-dat-ban/p79?gtn=7-ty&gcn=30-ty
[2025-04-15T00:01:36.036+0000] {SaveLinkBatdongsan.py:141} INFO - Found 20 links on page 76
[2025-04-15T00:01:36.260+0000] {SaveLinkBatdongsan.py:141} INFO - Found 20 links on page 75
[2025-04-15T00:01:36.522+0000] {SaveLinkBatdongsan.py:135} INFO - Scraping page 80: https://batdongsan.com.vn/nha-dat-ban/p80?gtn=7-ty&gcn=30-ty
[2025-04-15T00:01:36.981+0000] {SaveLinkBatdongsan.py:141} INFO - Found 20 links on page 77
[2025-04-15T00:01:37.364+0000] {SaveLinkBatdongsan.py:135} INFO - Scraping page 81: https://batdongsan.com.vn/nha-dat-ban/p81?gtn=7-ty&gcn=30-ty
[2025-04-15T00:01:37.690+0000] {SaveLinkBatdongsan.py:135} INFO - Scraping page 82: https://batdongsan.com.vn/nha-dat-ban/p82?gtn=7-ty&gcn=30-ty
[2025-04-15T00:01:38.112+0000] {SaveLinkBatdongsan.py:141} INFO - Found 20 links on page 78
[2025-04-15T00:01:38.575+0000] {SaveLinkBatdongsan.py:135} INFO - Scraping page 83: https://batdongsan.com.vn/nha-dat-ban/p83?gtn=7-ty&gcn=30-ty
[2025-04-15T00:01:40.559+0000] {SaveLinkBatdongsan.py:141} INFO - Found 20 links on page 79
[2025-04-15T00:01:41.151+0000] {SaveLinkBatdongsan.py:135} INFO - Scraping page 84: https://batdongsan.com.vn/nha-dat-ban/p84?gtn=7-ty&gcn=30-ty
[2025-04-15T00:01:41.364+0000] {SaveLinkBatdongsan.py:141} INFO - Found 20 links on page 80
[2025-04-15T00:01:41.972+0000] {SaveLinkBatdongsan.py:125} INFO - Saved 61720 links to /opt/***/data/batdongsan_links.txt
[2025-04-15T00:01:41.972+0000] {SaveLinkBatdongsan.py:195} INFO - Progress saved at 80/100 pages
[2025-04-15T00:01:42.478+0000] {SaveLinkBatdongsan.py:135} INFO - Scraping page 85: https://batdongsan.com.vn/nha-dat-ban/p85?gtn=7-ty&gcn=30-ty
[2025-04-15T00:01:42.615+0000] {SaveLinkBatdongsan.py:141} INFO - Found 20 links on page 81
[2025-04-15T00:01:42.899+0000] {SaveLinkBatdongsan.py:141} INFO - Found 20 links on page 82
[2025-04-15T00:01:43.201+0000] {SaveLinkBatdongsan.py:135} INFO - Scraping page 86: https://batdongsan.com.vn/nha-dat-ban/p86?gtn=7-ty&gcn=30-ty
[2025-04-15T00:01:43.264+0000] {SaveLinkBatdongsan.py:141} INFO - Found 20 links on page 83
[2025-04-15T00:01:43.483+0000] {SaveLinkBatdongsan.py:135} INFO - Scraping page 87: https://batdongsan.com.vn/nha-dat-ban/p87?gtn=7-ty&gcn=30-ty
[2025-04-15T00:01:43.742+0000] {SaveLinkBatdongsan.py:135} INFO - Scraping page 88: https://batdongsan.com.vn/nha-dat-ban/p88?gtn=7-ty&gcn=30-ty
[2025-04-15T00:01:46.800+0000] {SaveLinkBatdongsan.py:141} INFO - Found 20 links on page 84
[2025-04-15T00:01:47.349+0000] {SaveLinkBatdongsan.py:135} INFO - Scraping page 89: https://batdongsan.com.vn/nha-dat-ban/p89?gtn=7-ty&gcn=30-ty
[2025-04-15T00:01:48.973+0000] {SaveLinkBatdongsan.py:141} INFO - Found 20 links on page 86
[2025-04-15T00:01:49.023+0000] {SaveLinkBatdongsan.py:141} INFO - Found 20 links on page 85
[2025-04-15T00:01:49.410+0000] {SaveLinkBatdongsan.py:141} INFO - Found 20 links on page 87
[2025-04-15T00:01:49.448+0000] {SaveLinkBatdongsan.py:141} INFO - Found 20 links on page 88
[2025-04-15T00:01:49.916+0000] {SaveLinkBatdongsan.py:135} INFO - Scraping page 90: https://batdongsan.com.vn/nha-dat-ban/p90?gtn=7-ty&gcn=30-ty
[2025-04-15T00:01:49.921+0000] {SaveLinkBatdongsan.py:135} INFO - Scraping page 91: https://batdongsan.com.vn/nha-dat-ban/p91?gtn=7-ty&gcn=30-ty
[2025-04-15T00:01:49.930+0000] {SaveLinkBatdongsan.py:135} INFO - Scraping page 92: https://batdongsan.com.vn/nha-dat-ban/p92?gtn=7-ty&gcn=30-ty
[2025-04-15T00:01:49.937+0000] {SaveLinkBatdongsan.py:135} INFO - Scraping page 93: https://batdongsan.com.vn/nha-dat-ban/p93?gtn=7-ty&gcn=30-ty
[2025-04-15T00:01:51.398+0000] {SaveLinkBatdongsan.py:141} INFO - Found 20 links on page 89
[2025-04-15T00:01:51.959+0000] {SaveLinkBatdongsan.py:135} INFO - Scraping page 94: https://batdongsan.com.vn/nha-dat-ban/p94?gtn=7-ty&gcn=30-ty
[2025-04-15T00:01:54.438+0000] {SaveLinkBatdongsan.py:141} INFO - Found 20 links on page 93
[2025-04-15T00:01:55.600+0000] {SaveLinkBatdongsan.py:141} INFO - Found 20 links on page 92
[2025-04-15T00:01:55.644+0000] {SaveLinkBatdongsan.py:141} INFO - Found 20 links on page 90
[2025-04-15T00:01:55.707+0000] {SaveLinkBatdongsan.py:141} INFO - Found 20 links on page 91
[2025-04-15T00:01:56.068+0000] {SaveLinkBatdongsan.py:125} INFO - Saved 61720 links to /opt/***/data/batdongsan_links.txt
[2025-04-15T00:01:56.069+0000] {SaveLinkBatdongsan.py:195} INFO - Progress saved at 90/100 pages
[2025-04-15T00:01:56.215+0000] {SaveLinkBatdongsan.py:135} INFO - Scraping page 95: https://batdongsan.com.vn/nha-dat-ban/p95?gtn=7-ty&gcn=30-ty
[2025-04-15T00:01:56.237+0000] {SaveLinkBatdongsan.py:135} INFO - Scraping page 97: https://batdongsan.com.vn/nha-dat-ban/p97?gtn=7-ty&gcn=30-ty
[2025-04-15T00:01:56.275+0000] {SaveLinkBatdongsan.py:135} INFO - Scraping page 96: https://batdongsan.com.vn/nha-dat-ban/p96?gtn=7-ty&gcn=30-ty
[2025-04-15T00:01:56.305+0000] {SaveLinkBatdongsan.py:135} INFO - Scraping page 98: https://batdongsan.com.vn/nha-dat-ban/p98?gtn=7-ty&gcn=30-ty
[2025-04-15T00:01:56.863+0000] {SaveLinkBatdongsan.py:141} INFO - Found 20 links on page 94
[2025-04-15T00:01:57.330+0000] {SaveLinkBatdongsan.py:135} INFO - Scraping page 99: https://batdongsan.com.vn/nha-dat-ban/p99?gtn=7-ty&gcn=30-ty
[2025-04-15T00:02:01.568+0000] {SaveLinkBatdongsan.py:141} INFO - Found 20 links on page 95
[2025-04-15T00:02:01.968+0000] {SaveLinkBatdongsan.py:141} INFO - Found 20 links on page 96
[2025-04-15T00:02:02.126+0000] {SaveLinkBatdongsan.py:141} INFO - Found 20 links on page 97
[2025-04-15T00:02:02.139+0000] {SaveLinkBatdongsan.py:135} INFO - Scraping page 100: https://batdongsan.com.vn/nha-dat-ban/p100?gtn=7-ty&gcn=30-ty
[2025-04-15T00:02:02.224+0000] {SaveLinkBatdongsan.py:141} INFO - Found 20 links on page 98
[2025-04-15T00:02:03.085+0000] {SaveLinkBatdongsan.py:141} INFO - Found 20 links on page 99
[2025-04-15T00:02:05.123+0000] {SaveLinkBatdongsan.py:141} INFO - Found 20 links on page 100
[2025-04-15T00:02:05.308+0000] {SaveLinkBatdongsan.py:125} INFO - Saved 61720 links to /opt/***/data/batdongsan_links.txt
[2025-04-15T00:02:05.309+0000] {SaveLinkBatdongsan.py:195} INFO - Progress saved at 100/100 pages
[2025-04-15T00:02:05.400+0000] {SaveLinkBatdongsan.py:125} INFO - Saved 61720 links to /opt/***/data/batdongsan_links.txt
[2025-04-15T00:02:05.400+0000] {SaveLinkBatdongsan.py:208} INFO - Saved 1 error URLs to /opt/***/data/batdongsan_error_links.txt
[2025-04-15T00:02:05.401+0000] {SaveLinkBatdongsan.py:223} INFO - Retrying 1 error URLs...
[2025-04-15T00:02:05.401+0000] {SaveLinkBatdongsan.py:230} INFO - Retrying (1/5): https://batdongsan.com.vn/nha-dat-ban/p9?gtn=7-ty&gcn=30-ty
[2025-04-15T00:02:08.504+0000] {SaveLinkBatdongsan.py:239} INFO - ✅ Success on attempt 1: Found 20 links.
[2025-04-15T00:02:08.567+0000] {SaveLinkBatdongsan.py:284} INFO - Retry complete. 0 failed pages remaining in /opt/***/data/batdongsan_error_links.txt.
[2025-04-15T00:02:08.896+0000] {SaveLinkBatdongsan.py:125} INFO - Saved 61720 links to /opt/***/data/batdongsan_links.txt
[2025-04-15T00:02:08.897+0000] {SaveLinkBatdongsan.py:292} INFO - Scraping process completed.
[2025-04-15T00:02:08.897+0000] {batdongsan_scraping_dag.py:51} INFO - Successfully completed save_links_task
[2025-04-15T00:02:08.900+0000] {python.py:240} INFO - Done. Returned value was: None
[2025-04-15T00:02:08.908+0000] {taskinstance.py:341} INFO - ::group::Post task execution logs
[2025-04-15T00:02:08.909+0000] {taskinstance.py:353} INFO - Marking task as SUCCESS. dag_id=batdongsan_scraping, task_id=save_links, run_id=scheduled__2025-04-14T00:00:00+00:00, execution_date=20250414T000000, start_date=20250415T000001, end_date=20250415T000208
[2025-04-15T00:02:09.480+0000] {local_task_job_runner.py:266} INFO - Task exited with return code 0
[2025-04-15T00:02:09.499+0000] {taskinstance.py:3901} INFO - 1 downstream tasks scheduled from follow-on schedule check
[2025-04-15T00:02:09.650+0000] {local_task_job_runner.py:245} INFO - ::endgroup::
