[2025-04-14T15:29:27.440+0000] {local_task_job_runner.py:123} INFO - ::group::Pre task execution logs
[2025-04-14T15:29:27.496+0000] {taskinstance.py:2614} INFO - Dependencies all met for dep_context=non-requeueable deps ti=<TaskInstance: batdongsan_scraping.scrape_data manual__2025-04-14T15:29:08.834708+00:00 [queued]>
[2025-04-14T15:29:27.509+0000] {taskinstance.py:2614} INFO - Dependencies all met for dep_context=requeueable deps ti=<TaskInstance: batdongsan_scraping.scrape_data manual__2025-04-14T15:29:08.834708+00:00 [queued]>
[2025-04-14T15:29:27.510+0000] {taskinstance.py:2867} INFO - Starting attempt 1 of 3
[2025-04-14T15:29:27.563+0000] {taskinstance.py:2890} INFO - Executing <Task(PythonOperator): scrape_data> on 2025-04-14 15:29:08.834708+00:00
[2025-04-14T15:29:27.589+0000] {standard_task_runner.py:104} INFO - Running: ['***', 'tasks', 'run', 'batdongsan_scraping', 'scrape_data', 'manual__2025-04-14T15:29:08.834708+00:00', '--job-id', '9', '--raw', '--subdir', 'DAGS_FOLDER/batdongsan_scraping_dag.py', '--cfg-path', '/tmp/tmp8aqhzdqq']
[2025-04-14T15:29:27.633+0000] {standard_task_runner.py:105} INFO - Job 9: Subtask scrape_data
[2025-04-14T15:29:27.626+0000] {logging_mixin.py:190} WARNING - /home/***/.local/lib/python3.12/site-packages/***/task/task_runner/standard_task_runner.py:70 DeprecationWarning: This process (pid=9580) is multi-threaded, use of fork() may lead to deadlocks in the child.
[2025-04-14T15:29:27.640+0000] {standard_task_runner.py:72} INFO - Started process 9609 to run task
[2025-04-14T15:29:27.834+0000] {task_command.py:467} INFO - Running <TaskInstance: batdongsan_scraping.scrape_data manual__2025-04-14T15:29:08.834708+00:00 [running]> on host 932270897c9d
[2025-04-14T15:29:28.619+0000] {taskinstance.py:3134} INFO - Exporting env vars: AIRFLOW_CTX_DAG_OWNER='***' AIRFLOW_CTX_DAG_ID='batdongsan_scraping' AIRFLOW_CTX_TASK_ID='scrape_data' AIRFLOW_CTX_EXECUTION_DATE='2025-04-14T15:29:08.834708+00:00' AIRFLOW_CTX_TRY_NUMBER='1' AIRFLOW_CTX_DAG_RUN_ID='manual__2025-04-14T15:29:08.834708+00:00'
[2025-04-14T15:29:28.630+0000] {taskinstance.py:732} INFO - ::endgroup::
[2025-04-14T15:29:29.190+0000] {ScraperBatdongsan.py:224} ERROR - Error in scrape_data: daemonic processes are not allowed to have children
[2025-04-14T15:29:29.233+0000] {batdongsan_scraping_dag.py:65} INFO - Successfully completed scrape_data_task
[2025-04-14T15:29:29.239+0000] {python.py:240} INFO - Done. Returned value was: None
[2025-04-14T15:29:29.484+0000] {taskinstance.py:341} INFO - ::group::Post task execution logs
[2025-04-14T15:29:29.489+0000] {taskinstance.py:353} INFO - Marking task as SUCCESS. dag_id=batdongsan_scraping, task_id=scrape_data, run_id=manual__2025-04-14T15:29:08.834708+00:00, execution_date=20250414T152908, start_date=20250414T152927, end_date=20250414T152929
[2025-04-14T15:29:29.985+0000] {local_task_job_runner.py:266} INFO - Task exited with return code 0
[2025-04-14T15:29:30.168+0000] {taskinstance.py:3901} INFO - 0 downstream tasks scheduled from follow-on schedule check
[2025-04-14T15:29:30.221+0000] {local_task_job_runner.py:245} INFO - ::endgroup::
