[2025-04-27T01:14:28.976+0000] {local_task_job_runner.py:123} INFO - ::group::Pre task execution logs
[2025-04-27T01:14:29.062+0000] {taskinstance.py:2614} INFO - Dependencies all met for dep_context=non-requeueable deps ti=<TaskInstance: batdongsan_scraping.save_links manual__2025-04-27T01:14:24.175397+00:00 [queued]>
[2025-04-27T01:14:29.114+0000] {taskinstance.py:2614} INFO - Dependencies all met for dep_context=requeueable deps ti=<TaskInstance: batdongsan_scraping.save_links manual__2025-04-27T01:14:24.175397+00:00 [queued]>
[2025-04-27T01:14:29.118+0000] {taskinstance.py:2867} INFO - Starting attempt 1 of 3
[2025-04-27T01:14:29.197+0000] {taskinstance.py:2890} INFO - Executing <Task(PythonOperator): save_links> on 2025-04-27 01:14:24.175397+00:00
[2025-04-27T01:14:29.251+0000] {standard_task_runner.py:104} INFO - Running: ['***', 'tasks', 'run', 'batdongsan_scraping', 'save_links', 'manual__2025-04-27T01:14:24.175397+00:00', '--job-id', '17', '--raw', '--subdir', 'DAGS_FOLDER/batdongsan_scraping_dag.py', '--cfg-path', '/tmp/tmpiw7_h5ch']
[2025-04-27T01:14:29.261+0000] {logging_mixin.py:190} WARNING - /home/***/.local/lib/python3.12/site-packages/***/task/task_runner/standard_task_runner.py:70 DeprecationWarning: This process (pid=72533) is multi-threaded, use of fork() may lead to deadlocks in the child.
[2025-04-27T01:14:29.264+0000] {standard_task_runner.py:105} INFO - Job 17: Subtask save_links
[2025-04-27T01:14:29.267+0000] {standard_task_runner.py:72} INFO - Started process 72821 to run task
[2025-04-27T01:14:29.447+0000] {task_command.py:467} INFO - Running <TaskInstance: batdongsan_scraping.save_links manual__2025-04-27T01:14:24.175397+00:00 [running]> on host 9ba2d9a280bc
[2025-04-27T01:14:29.762+0000] {taskinstance.py:3134} INFO - Exporting env vars: AIRFLOW_CTX_DAG_OWNER='***' AIRFLOW_CTX_DAG_ID='batdongsan_scraping' AIRFLOW_CTX_TASK_ID='save_links' AIRFLOW_CTX_EXECUTION_DATE='2025-04-27T01:14:24.175397+00:00' AIRFLOW_CTX_TRY_NUMBER='1' AIRFLOW_CTX_DAG_RUN_ID='manual__2025-04-27T01:14:24.175397+00:00'
[2025-04-27T01:14:29.777+0000] {taskinstance.py:732} INFO - ::endgroup::
[2025-04-27T01:14:30.030+0000] {SaveLinkBatdongsan.py:118} INFO - Loaded 63794 existing links
[2025-04-27T01:14:34.175+0000] {SaveLinkBatdongsan.py:135} INFO - Scraping page 5: https://batdongsan.com.vn/nha-dat-ban/p5?gtn=7-ty&gcn=30-ty
[2025-04-27T01:14:34.307+0000] {SaveLinkBatdongsan.py:135} INFO - Scraping page 1: https://batdongsan.com.vn/nha-dat-ban/p1?gtn=7-ty&gcn=30-ty
[2025-04-27T01:14:34.707+0000] {SaveLinkBatdongsan.py:135} INFO - Scraping page 2: https://batdongsan.com.vn/nha-dat-ban/p2?gtn=7-ty&gcn=30-ty
[2025-04-27T01:14:34.725+0000] {SaveLinkBatdongsan.py:135} INFO - Scraping page 3: https://batdongsan.com.vn/nha-dat-ban/p3?gtn=7-ty&gcn=30-ty
[2025-04-27T01:14:34.990+0000] {SaveLinkBatdongsan.py:135} INFO - Scraping page 4: https://batdongsan.com.vn/nha-dat-ban/p4?gtn=7-ty&gcn=30-ty
[2025-04-27T01:15:23.645+0000] {SaveLinkBatdongsan.py:141} INFO - Found 20 links on page 5
[2025-04-27T01:15:27.411+0000] {SaveLinkBatdongsan.py:135} INFO - Scraping page 6: https://batdongsan.com.vn/nha-dat-ban/p6?gtn=7-ty&gcn=30-ty
[2025-04-27T01:15:34.828+0000] {SaveLinkBatdongsan.py:141} INFO - Found 0 links on page 6
[2025-04-27T01:15:35.103+0000] {SaveLinkBatdongsan.py:147} WARNING - No links found on page 6, added to error file
[2025-04-27T01:15:36.119+0000] {SaveLinkBatdongsan.py:141} INFO - Found 20 links on page 1
[2025-04-27T01:15:39.962+0000] {SaveLinkBatdongsan.py:135} INFO - Scraping page 7: https://batdongsan.com.vn/nha-dat-ban/p7?gtn=7-ty&gcn=30-ty
[2025-04-27T01:15:40.020+0000] {SaveLinkBatdongsan.py:135} INFO - Scraping page 8: https://batdongsan.com.vn/nha-dat-ban/p8?gtn=7-ty&gcn=30-ty
[2025-04-27T01:15:40.413+0000] {SaveLinkBatdongsan.py:141} INFO - Found 20 links on page 2
[2025-04-27T01:15:40.800+0000] {SaveLinkBatdongsan.py:141} INFO - Found 20 links on page 4
[2025-04-27T01:15:41.542+0000] {SaveLinkBatdongsan.py:141} INFO - Found 20 links on page 3
[2025-04-27T01:15:44.755+0000] {SaveLinkBatdongsan.py:135} INFO - Scraping page 9: https://batdongsan.com.vn/nha-dat-ban/p9?gtn=7-ty&gcn=30-ty
[2025-04-27T01:15:46.548+0000] {SaveLinkBatdongsan.py:135} INFO - Scraping page 10: https://batdongsan.com.vn/nha-dat-ban/p10?gtn=7-ty&gcn=30-ty
[2025-04-27T01:15:47.071+0000] {SaveLinkBatdongsan.py:135} INFO - Scraping page 11: https://batdongsan.com.vn/nha-dat-ban/p11?gtn=7-ty&gcn=30-ty
[2025-04-27T01:16:26.047+0000] {SaveLinkBatdongsan.py:141} INFO - Found 20 links on page 7
[2025-04-27T01:16:29.775+0000] {SaveLinkBatdongsan.py:141} INFO - Found 20 links on page 8
[2025-04-27T01:16:32.665+0000] {SaveLinkBatdongsan.py:141} INFO - Found 20 links on page 9
[2025-04-27T01:16:33.834+0000] {SaveLinkBatdongsan.py:135} INFO - Scraping page 12: https://batdongsan.com.vn/nha-dat-ban/p12?gtn=7-ty&gcn=30-ty
[2025-04-27T01:16:34.507+0000] {SaveLinkBatdongsan.py:135} INFO - Scraping page 13: https://batdongsan.com.vn/nha-dat-ban/p13?gtn=7-ty&gcn=30-ty
[2025-04-27T01:16:37.887+0000] {SaveLinkBatdongsan.py:135} INFO - Scraping page 14: https://batdongsan.com.vn/nha-dat-ban/p14?gtn=7-ty&gcn=30-ty
[2025-04-27T01:16:44.765+0000] {SaveLinkBatdongsan.py:141} INFO - Found 20 links on page 10
[2025-04-27T01:16:45.037+0000] {SaveLinkBatdongsan.py:141} INFO - Found 20 links on page 11
[2025-04-27T01:16:48.501+0000] {SaveLinkBatdongsan.py:135} INFO - Scraping page 16: https://batdongsan.com.vn/nha-dat-ban/p16?gtn=7-ty&gcn=30-ty
[2025-04-27T01:16:48.544+0000] {SaveLinkBatdongsan.py:135} INFO - Scraping page 15: https://batdongsan.com.vn/nha-dat-ban/p15?gtn=7-ty&gcn=30-ty
[2025-04-27T01:16:51.801+0000] {SaveLinkBatdongsan.py:125} INFO - Saved 63814 links to /opt/***/data/batdongsan_links.txt
[2025-04-27T01:16:51.848+0000] {SaveLinkBatdongsan.py:195} INFO - Progress saved at 10/100 pages
[2025-04-27T01:17:03.397+0000] {SaveLinkBatdongsan.py:141} INFO - Found 20 links on page 12
[2025-04-27T01:17:07.237+0000] {SaveLinkBatdongsan.py:135} INFO - Scraping page 17: https://batdongsan.com.vn/nha-dat-ban/p17?gtn=7-ty&gcn=30-ty
[2025-04-27T01:17:08.845+0000] {SaveLinkBatdongsan.py:141} INFO - Found 20 links on page 13
[2025-04-27T01:17:08.890+0000] {SaveLinkBatdongsan.py:141} INFO - Found 20 links on page 14
[2025-04-27T01:17:11.441+0000] {SaveLinkBatdongsan.py:135} INFO - Scraping page 19: https://batdongsan.com.vn/nha-dat-ban/p19?gtn=7-ty&gcn=30-ty
[2025-04-27T01:17:11.758+0000] {SaveLinkBatdongsan.py:135} INFO - Scraping page 18: https://batdongsan.com.vn/nha-dat-ban/p18?gtn=7-ty&gcn=30-ty
[2025-04-27T01:17:17.256+0000] {SaveLinkBatdongsan.py:141} INFO - Found 20 links on page 15
[2025-04-27T01:17:18.613+0000] {SaveLinkBatdongsan.py:141} INFO - Found 20 links on page 16
[2025-04-27T01:17:20.681+0000] {SaveLinkBatdongsan.py:135} INFO - Scraping page 20: https://batdongsan.com.vn/nha-dat-ban/p20?gtn=7-ty&gcn=30-ty
[2025-04-27T01:17:22.352+0000] {SaveLinkBatdongsan.py:135} INFO - Scraping page 21: https://batdongsan.com.vn/nha-dat-ban/p21?gtn=7-ty&gcn=30-ty
[2025-04-27T01:17:33.091+0000] {SaveLinkBatdongsan.py:141} INFO - Found 20 links on page 17
[2025-04-27T01:17:36.373+0000] {SaveLinkBatdongsan.py:135} INFO - Scraping page 22: https://batdongsan.com.vn/nha-dat-ban/p22?gtn=7-ty&gcn=30-ty
[2025-04-27T01:17:39.744+0000] {SaveLinkBatdongsan.py:141} INFO - Found 20 links on page 18
[2025-04-27T01:17:43.825+0000] {SaveLinkBatdongsan.py:135} INFO - Scraping page 23: https://batdongsan.com.vn/nha-dat-ban/p23?gtn=7-ty&gcn=30-ty
[2025-04-27T01:17:47.598+0000] {SaveLinkBatdongsan.py:141} INFO - Found 20 links on page 20
[2025-04-27T01:17:50.817+0000] {SaveLinkBatdongsan.py:135} INFO - Scraping page 24: https://batdongsan.com.vn/nha-dat-ban/p24?gtn=7-ty&gcn=30-ty
[2025-04-27T01:17:52.032+0000] {SaveLinkBatdongsan.py:141} INFO - Found 20 links on page 19
[2025-04-27T01:17:52.498+0000] {SaveLinkBatdongsan.py:141} INFO - Found 20 links on page 21
[2025-04-27T01:17:54.853+0000] {SaveLinkBatdongsan.py:125} INFO - Saved 63857 links to /opt/***/data/batdongsan_links.txt
[2025-04-27T01:17:54.855+0000] {SaveLinkBatdongsan.py:195} INFO - Progress saved at 20/100 pages
[2025-04-27T01:17:56.555+0000] {SaveLinkBatdongsan.py:135} INFO - Scraping page 26: https://batdongsan.com.vn/nha-dat-ban/p26?gtn=7-ty&gcn=30-ty
[2025-04-27T01:17:57.569+0000] {SaveLinkBatdongsan.py:135} INFO - Scraping page 25: https://batdongsan.com.vn/nha-dat-ban/p25?gtn=7-ty&gcn=30-ty
[2025-04-27T01:18:04.647+0000] {SaveLinkBatdongsan.py:141} INFO - Found 20 links on page 22
[2025-04-27T01:18:07.775+0000] {SaveLinkBatdongsan.py:135} INFO - Scraping page 27: https://batdongsan.com.vn/nha-dat-ban/p27?gtn=7-ty&gcn=30-ty
[2025-04-27T01:18:15.762+0000] {SaveLinkBatdongsan.py:141} INFO - Found 20 links on page 23
[2025-04-27T01:18:16.295+0000] {SaveLinkBatdongsan.py:141} INFO - Found 20 links on page 24
[2025-04-27T01:18:18.984+0000] {SaveLinkBatdongsan.py:135} INFO - Scraping page 28: https://batdongsan.com.vn/nha-dat-ban/p28?gtn=7-ty&gcn=30-ty
[2025-04-27T01:18:20.095+0000] {SaveLinkBatdongsan.py:135} INFO - Scraping page 29: https://batdongsan.com.vn/nha-dat-ban/p29?gtn=7-ty&gcn=30-ty
[2025-04-27T01:18:24.401+0000] {SaveLinkBatdongsan.py:141} INFO - Found 20 links on page 26
[2025-04-27T01:18:24.425+0000] {SaveLinkBatdongsan.py:141} INFO - Found 20 links on page 25
[2025-04-27T01:18:27.954+0000] {SaveLinkBatdongsan.py:135} INFO - Scraping page 30: https://batdongsan.com.vn/nha-dat-ban/p30?gtn=7-ty&gcn=30-ty
[2025-04-27T01:18:28.692+0000] {SaveLinkBatdongsan.py:135} INFO - Scraping page 31: https://batdongsan.com.vn/nha-dat-ban/p31?gtn=7-ty&gcn=30-ty
[2025-04-27T01:18:37.413+0000] {SaveLinkBatdongsan.py:141} INFO - Found 20 links on page 27
[2025-04-27T01:18:41.483+0000] {SaveLinkBatdongsan.py:135} INFO - Scraping page 32: https://batdongsan.com.vn/nha-dat-ban/p32?gtn=7-ty&gcn=30-ty
[2025-04-27T01:18:45.784+0000] {SaveLinkBatdongsan.py:141} INFO - Found 20 links on page 29
[2025-04-27T01:18:48.626+0000] {SaveLinkBatdongsan.py:135} INFO - Scraping page 33: https://batdongsan.com.vn/nha-dat-ban/p33?gtn=7-ty&gcn=30-ty
[2025-04-27T01:18:51.926+0000] {SaveLinkBatdongsan.py:141} INFO - Found 20 links on page 28
[2025-04-27T01:18:55.857+0000] {SaveLinkBatdongsan.py:141} INFO - Found 20 links on page 30
[2025-04-27T01:18:55.914+0000] {SaveLinkBatdongsan.py:135} INFO - Scraping page 34: https://batdongsan.com.vn/nha-dat-ban/p34?gtn=7-ty&gcn=30-ty
[2025-04-27T01:18:58.106+0000] {SaveLinkBatdongsan.py:125} INFO - Saved 63858 links to /opt/***/data/batdongsan_links.txt
[2025-04-27T01:18:58.107+0000] {SaveLinkBatdongsan.py:195} INFO - Progress saved at 30/100 pages
[2025-04-27T01:18:59.154+0000] {SaveLinkBatdongsan.py:135} INFO - Scraping page 35: https://batdongsan.com.vn/nha-dat-ban/p35?gtn=7-ty&gcn=30-ty
[2025-04-27T01:19:00.960+0000] {SaveLinkBatdongsan.py:141} INFO - Found 20 links on page 31
[2025-04-27T01:19:04.357+0000] {SaveLinkBatdongsan.py:135} INFO - Scraping page 36: https://batdongsan.com.vn/nha-dat-ban/p36?gtn=7-ty&gcn=30-ty
[2025-04-27T01:19:13.276+0000] {SaveLinkBatdongsan.py:141} INFO - Found 20 links on page 32
[2025-04-27T01:19:16.376+0000] {SaveLinkBatdongsan.py:135} INFO - Scraping page 37: https://batdongsan.com.vn/nha-dat-ban/p37?gtn=7-ty&gcn=30-ty
[2025-04-27T01:19:19.306+0000] {SaveLinkBatdongsan.py:141} INFO - Found 20 links on page 33
[2025-04-27T01:19:23.328+0000] {SaveLinkBatdongsan.py:135} INFO - Scraping page 38: https://batdongsan.com.vn/nha-dat-ban/p38?gtn=7-ty&gcn=30-ty
[2025-04-27T01:19:26.808+0000] {SaveLinkBatdongsan.py:141} INFO - Found 20 links on page 34
[2025-04-27T01:19:29.313+0000] {SaveLinkBatdongsan.py:141} INFO - Found 20 links on page 35
[2025-04-27T01:19:30.833+0000] {SaveLinkBatdongsan.py:135} INFO - Scraping page 39: https://batdongsan.com.vn/nha-dat-ban/p39?gtn=7-ty&gcn=30-ty
[2025-04-27T01:19:33.643+0000] {SaveLinkBatdongsan.py:135} INFO - Scraping page 40: https://batdongsan.com.vn/nha-dat-ban/p40?gtn=7-ty&gcn=30-ty
[2025-04-27T01:19:33.925+0000] {SaveLinkBatdongsan.py:141} INFO - Found 20 links on page 36
[2025-04-27T01:19:38.273+0000] {SaveLinkBatdongsan.py:135} INFO - Scraping page 41: https://batdongsan.com.vn/nha-dat-ban/p41?gtn=7-ty&gcn=30-ty
[2025-04-27T01:19:40.062+0000] {SaveLinkBatdongsan.py:141} INFO - Found 20 links on page 37
[2025-04-27T01:19:43.516+0000] {SaveLinkBatdongsan.py:135} INFO - Scraping page 42: https://batdongsan.com.vn/nha-dat-ban/p42?gtn=7-ty&gcn=30-ty
[2025-04-27T01:19:49.876+0000] {SaveLinkBatdongsan.py:141} INFO - Found 20 links on page 38
[2025-04-27T01:19:52.415+0000] {SaveLinkBatdongsan.py:135} INFO - Scraping page 43: https://batdongsan.com.vn/nha-dat-ban/p43?gtn=7-ty&gcn=30-ty
[2025-04-27T01:19:56.722+0000] {SaveLinkBatdongsan.py:141} INFO - Found 20 links on page 39
[2025-04-27T01:19:59.557+0000] {SaveLinkBatdongsan.py:135} INFO - Scraping page 44: https://batdongsan.com.vn/nha-dat-ban/p44?gtn=7-ty&gcn=30-ty
[2025-04-27T01:20:02.387+0000] {SaveLinkBatdongsan.py:141} INFO - Found 20 links on page 40
[2025-04-27T01:20:04.638+0000] {SaveLinkBatdongsan.py:141} INFO - Found 20 links on page 41
[2025-04-27T01:20:04.655+0000] {SaveLinkBatdongsan.py:198} ERROR - Error processing page 40: Set changed size during iteration
[2025-04-27T01:20:06.099+0000] {SaveLinkBatdongsan.py:135} INFO - Scraping page 45: https://batdongsan.com.vn/nha-dat-ban/p45?gtn=7-ty&gcn=30-ty
[2025-04-27T01:20:06.639+0000] {SaveLinkBatdongsan.py:141} INFO - Found 20 links on page 42
[2025-04-27T01:20:09.149+0000] {SaveLinkBatdongsan.py:135} INFO - Scraping page 46: https://batdongsan.com.vn/nha-dat-ban/p46?gtn=7-ty&gcn=30-ty
[2025-04-27T01:20:10.204+0000] {SaveLinkBatdongsan.py:135} INFO - Scraping page 47: https://batdongsan.com.vn/nha-dat-ban/p47?gtn=7-ty&gcn=30-ty
[2025-04-27T01:20:17.272+0000] {SaveLinkBatdongsan.py:141} INFO - Found 20 links on page 43
[2025-04-27T01:20:20.027+0000] {SaveLinkBatdongsan.py:135} INFO - Scraping page 48: https://batdongsan.com.vn/nha-dat-ban/p48?gtn=7-ty&gcn=30-ty
[2025-04-27T01:20:30.014+0000] {SaveLinkBatdongsan.py:141} INFO - Found 20 links on page 44
[2025-04-27T01:20:32.820+0000] {SaveLinkBatdongsan.py:141} INFO - Found 20 links on page 45
[2025-04-27T01:20:33.045+0000] {SaveLinkBatdongsan.py:135} INFO - Scraping page 49: https://batdongsan.com.vn/nha-dat-ban/p49?gtn=7-ty&gcn=30-ty
[2025-04-27T01:20:36.232+0000] {SaveLinkBatdongsan.py:135} INFO - Scraping page 50: https://batdongsan.com.vn/nha-dat-ban/p50?gtn=7-ty&gcn=30-ty
[2025-04-27T01:20:36.640+0000] {SaveLinkBatdongsan.py:141} INFO - Found 20 links on page 46
[2025-04-27T01:20:38.017+0000] {SaveLinkBatdongsan.py:141} INFO - Found 20 links on page 47
[2025-04-27T01:20:40.861+0000] {SaveLinkBatdongsan.py:135} INFO - Scraping page 51: https://batdongsan.com.vn/nha-dat-ban/p51?gtn=7-ty&gcn=30-ty
[2025-04-27T01:20:41.489+0000] {SaveLinkBatdongsan.py:135} INFO - Scraping page 52: https://batdongsan.com.vn/nha-dat-ban/p52?gtn=7-ty&gcn=30-ty
[2025-04-27T01:20:43.688+0000] {SaveLinkBatdongsan.py:141} INFO - Found 20 links on page 48
[2025-04-27T01:20:46.424+0000] {SaveLinkBatdongsan.py:135} INFO - Scraping page 53: https://batdongsan.com.vn/nha-dat-ban/p53?gtn=7-ty&gcn=30-ty
[2025-04-27T01:21:04.519+0000] {SaveLinkBatdongsan.py:141} INFO - Found 20 links on page 50
[2025-04-27T01:21:07.282+0000] {SaveLinkBatdongsan.py:135} INFO - Scraping page 54: https://batdongsan.com.vn/nha-dat-ban/p54?gtn=7-ty&gcn=30-ty
[2025-04-27T01:21:07.584+0000] {SaveLinkBatdongsan.py:141} INFO - Found 20 links on page 49
[2025-04-27T01:21:09.488+0000] {SaveLinkBatdongsan.py:125} INFO - Saved 64062 links to /opt/***/data/batdongsan_links.txt
[2025-04-27T01:21:09.489+0000] {SaveLinkBatdongsan.py:195} INFO - Progress saved at 50/100 pages
[2025-04-27T01:21:10.662+0000] {SaveLinkBatdongsan.py:135} INFO - Scraping page 55: https://batdongsan.com.vn/nha-dat-ban/p55?gtn=7-ty&gcn=30-ty
[2025-04-27T01:21:11.691+0000] {SaveLinkBatdongsan.py:141} INFO - Found 20 links on page 52
[2025-04-27T01:21:11.693+0000] {SaveLinkBatdongsan.py:141} INFO - Found 20 links on page 51
[2025-04-27T01:21:14.772+0000] {SaveLinkBatdongsan.py:135} INFO - Scraping page 57: https://batdongsan.com.vn/nha-dat-ban/p57?gtn=7-ty&gcn=30-ty
[2025-04-27T01:21:14.816+0000] {SaveLinkBatdongsan.py:135} INFO - Scraping page 56: https://batdongsan.com.vn/nha-dat-ban/p56?gtn=7-ty&gcn=30-ty
[2025-04-27T01:21:20.915+0000] {SaveLinkBatdongsan.py:141} INFO - Found 20 links on page 53
[2025-04-27T01:21:23.207+0000] {SaveLinkBatdongsan.py:135} INFO - Scraping page 58: https://batdongsan.com.vn/nha-dat-ban/p58?gtn=7-ty&gcn=30-ty
[2025-04-27T01:21:32.820+0000] {SaveLinkBatdongsan.py:141} INFO - Found 20 links on page 55
[2025-04-27T01:21:34.473+0000] {SaveLinkBatdongsan.py:141} INFO - Found 20 links on page 54
[2025-04-27T01:21:35.600+0000] {SaveLinkBatdongsan.py:135} INFO - Scraping page 59: https://batdongsan.com.vn/nha-dat-ban/p59?gtn=7-ty&gcn=30-ty
[2025-04-27T01:21:37.801+0000] {SaveLinkBatdongsan.py:141} INFO - Found 20 links on page 57
[2025-04-27T01:21:38.089+0000] {SaveLinkBatdongsan.py:135} INFO - Scraping page 60: https://batdongsan.com.vn/nha-dat-ban/p60?gtn=7-ty&gcn=30-ty
[2025-04-27T01:21:41.421+0000] {SaveLinkBatdongsan.py:135} INFO - Scraping page 61: https://batdongsan.com.vn/nha-dat-ban/p61?gtn=7-ty&gcn=30-ty
[2025-04-27T01:21:44.462+0000] {SaveLinkBatdongsan.py:141} INFO - Found 20 links on page 56
[2025-04-27T01:21:48.247+0000] {SaveLinkBatdongsan.py:135} INFO - Scraping page 62: https://batdongsan.com.vn/nha-dat-ban/p62?gtn=7-ty&gcn=30-ty
[2025-04-27T01:21:51.366+0000] {SaveLinkBatdongsan.py:141} INFO - Found 20 links on page 58
[2025-04-27T01:21:51.541+0000] {SaveLinkBatdongsan.py:141} INFO - Found 0 links on page 62
[2025-04-27T01:21:51.546+0000] {SaveLinkBatdongsan.py:147} WARNING - No links found on page 62, added to error file
[2025-04-27T01:21:53.609+0000] {SaveLinkBatdongsan.py:135} INFO - Scraping page 63: https://batdongsan.com.vn/nha-dat-ban/p63?gtn=7-ty&gcn=30-ty
[2025-04-27T01:21:53.849+0000] {SaveLinkBatdongsan.py:135} INFO - Scraping page 64: https://batdongsan.com.vn/nha-dat-ban/p64?gtn=7-ty&gcn=30-ty
[2025-04-27T01:22:02.571+0000] {SaveLinkBatdongsan.py:141} INFO - Found 20 links on page 59
[2025-04-27T01:22:02.985+0000] {SaveLinkBatdongsan.py:141} INFO - Found 20 links on page 60
[2025-04-27T01:22:03.139+0000] {SaveLinkBatdongsan.py:198} ERROR - Error processing page 59: Set changed size during iteration
[2025-04-27T01:22:06.006+0000] {SaveLinkBatdongsan.py:141} INFO - Found 20 links on page 61
[2025-04-27T01:22:06.567+0000] {SaveLinkBatdongsan.py:135} INFO - Scraping page 66: https://batdongsan.com.vn/nha-dat-ban/p66?gtn=7-ty&gcn=30-ty
[2025-04-27T01:22:07.157+0000] {SaveLinkBatdongsan.py:135} INFO - Scraping page 65: https://batdongsan.com.vn/nha-dat-ban/p65?gtn=7-ty&gcn=30-ty
[2025-04-27T01:22:09.606+0000] {SaveLinkBatdongsan.py:135} INFO - Scraping page 67: https://batdongsan.com.vn/nha-dat-ban/p67?gtn=7-ty&gcn=30-ty
[2025-04-27T01:22:17.549+0000] {SaveLinkBatdongsan.py:141} INFO - Found 20 links on page 64
[2025-04-27T01:22:19.633+0000] {SaveLinkBatdongsan.py:141} INFO - Found 20 links on page 63
[2025-04-27T01:22:21.378+0000] {SaveLinkBatdongsan.py:135} INFO - Scraping page 68: https://batdongsan.com.vn/nha-dat-ban/p68?gtn=7-ty&gcn=30-ty
[2025-04-27T01:22:23.343+0000] {SaveLinkBatdongsan.py:135} INFO - Scraping page 69: https://batdongsan.com.vn/nha-dat-ban/p69?gtn=7-ty&gcn=30-ty
[2025-04-27T01:22:36.736+0000] {SaveLinkBatdongsan.py:141} INFO - Found 20 links on page 66
[2025-04-27T01:22:36.994+0000] {SaveLinkBatdongsan.py:141} INFO - Found 20 links on page 65
[2025-04-27T01:22:37.138+0000] {SaveLinkBatdongsan.py:141} INFO - Found 20 links on page 67
[2025-04-27T01:22:40.048+0000] {SaveLinkBatdongsan.py:135} INFO - Scraping page 70: https://batdongsan.com.vn/nha-dat-ban/p70?gtn=7-ty&gcn=30-ty
[2025-04-27T01:22:40.411+0000] {SaveLinkBatdongsan.py:135} INFO - Scraping page 72: https://batdongsan.com.vn/nha-dat-ban/p72?gtn=7-ty&gcn=30-ty
[2025-04-27T01:22:40.832+0000] {SaveLinkBatdongsan.py:135} INFO - Scraping page 71: https://batdongsan.com.vn/nha-dat-ban/p71?gtn=7-ty&gcn=30-ty
[2025-04-27T01:22:45.533+0000] {SaveLinkBatdongsan.py:141} INFO - Found 20 links on page 68
[2025-04-27T01:22:49.108+0000] {SaveLinkBatdongsan.py:135} INFO - Scraping page 73: https://batdongsan.com.vn/nha-dat-ban/p73?gtn=7-ty&gcn=30-ty
[2025-04-27T01:22:56.217+0000] {SaveLinkBatdongsan.py:141} INFO - Found 20 links on page 69
[2025-04-27T01:22:59.655+0000] {SaveLinkBatdongsan.py:135} INFO - Scraping page 74: https://batdongsan.com.vn/nha-dat-ban/p74?gtn=7-ty&gcn=30-ty
[2025-04-27T01:23:01.829+0000] {SaveLinkBatdongsan.py:141} INFO - Found 20 links on page 70
[2025-04-27T01:23:03.741+0000] {SaveLinkBatdongsan.py:125} INFO - Saved 64079 links to /opt/***/data/batdongsan_links.txt
[2025-04-27T01:23:03.743+0000] {SaveLinkBatdongsan.py:195} INFO - Progress saved at 70/100 pages
[2025-04-27T01:23:05.796+0000] {SaveLinkBatdongsan.py:141} INFO - Found 20 links on page 72
[2025-04-27T01:23:06.038+0000] {SaveLinkBatdongsan.py:135} INFO - Scraping page 75: https://batdongsan.com.vn/nha-dat-ban/p75?gtn=7-ty&gcn=30-ty
[2025-04-27T01:23:09.939+0000] {SaveLinkBatdongsan.py:135} INFO - Scraping page 76: https://batdongsan.com.vn/nha-dat-ban/p76?gtn=7-ty&gcn=30-ty
[2025-04-27T01:23:10.806+0000] {SaveLinkBatdongsan.py:141} INFO - Found 20 links on page 71
[2025-04-27T01:23:14.294+0000] {SaveLinkBatdongsan.py:135} INFO - Scraping page 77: https://batdongsan.com.vn/nha-dat-ban/p77?gtn=7-ty&gcn=30-ty
[2025-04-27T01:23:14.659+0000] {SaveLinkBatdongsan.py:141} INFO - Found 20 links on page 73
[2025-04-27T01:23:18.676+0000] {SaveLinkBatdongsan.py:135} INFO - Scraping page 78: https://batdongsan.com.vn/nha-dat-ban/p78?gtn=7-ty&gcn=30-ty
[2025-04-27T01:23:21.318+0000] {SaveLinkBatdongsan.py:141} INFO - Found 20 links on page 74
[2025-04-27T01:23:24.048+0000] {SaveLinkBatdongsan.py:135} INFO - Scraping page 79: https://batdongsan.com.vn/nha-dat-ban/p79?gtn=7-ty&gcn=30-ty
[2025-04-27T01:23:33.579+0000] {SaveLinkBatdongsan.py:141} INFO - Found 20 links on page 75
[2025-04-27T01:23:34.676+0000] {SaveLinkBatdongsan.py:141} INFO - Found 20 links on page 76
[2025-04-27T01:23:36.805+0000] {SaveLinkBatdongsan.py:135} INFO - Scraping page 80: https://batdongsan.com.vn/nha-dat-ban/p80?gtn=7-ty&gcn=30-ty
[2025-04-27T01:23:38.185+0000] {SaveLinkBatdongsan.py:135} INFO - Scraping page 81: https://batdongsan.com.vn/nha-dat-ban/p81?gtn=7-ty&gcn=30-ty
[2025-04-27T01:23:40.553+0000] {SaveLinkBatdongsan.py:141} INFO - Found 20 links on page 77
[2025-04-27T01:23:43.891+0000] {SaveLinkBatdongsan.py:135} INFO - Scraping page 82: https://batdongsan.com.vn/nha-dat-ban/p82?gtn=7-ty&gcn=30-ty
[2025-04-27T01:23:49.055+0000] {SaveLinkBatdongsan.py:141} INFO - Found 20 links on page 78
[2025-04-27T01:23:53.480+0000] {SaveLinkBatdongsan.py:135} INFO - Scraping page 83: https://batdongsan.com.vn/nha-dat-ban/p83?gtn=7-ty&gcn=30-ty
[2025-04-27T01:23:53.886+0000] {SaveLinkBatdongsan.py:141} INFO - Found 20 links on page 79
[2025-04-27T01:23:57.120+0000] {SaveLinkBatdongsan.py:135} INFO - Scraping page 84: https://batdongsan.com.vn/nha-dat-ban/p84?gtn=7-ty&gcn=30-ty
[2025-04-27T01:24:01.245+0000] {SaveLinkBatdongsan.py:141} INFO - Found 20 links on page 81
[2025-04-27T01:24:01.515+0000] {SaveLinkBatdongsan.py:141} INFO - Found 20 links on page 80
[2025-04-27T01:24:02.699+0000] {SaveLinkBatdongsan.py:125} INFO - Saved 64079 links to /opt/***/data/batdongsan_links.txt
[2025-04-27T01:24:02.699+0000] {SaveLinkBatdongsan.py:195} INFO - Progress saved at 80/100 pages
[2025-04-27T01:24:03.784+0000] {SaveLinkBatdongsan.py:135} INFO - Scraping page 85: https://batdongsan.com.vn/nha-dat-ban/p85?gtn=7-ty&gcn=30-ty
[2025-04-27T01:24:05.361+0000] {SaveLinkBatdongsan.py:135} INFO - Scraping page 86: https://batdongsan.com.vn/nha-dat-ban/p86?gtn=7-ty&gcn=30-ty
[2025-04-27T01:24:09.243+0000] {SaveLinkBatdongsan.py:141} INFO - Found 20 links on page 82
[2025-04-27T01:24:12.814+0000] {SaveLinkBatdongsan.py:135} INFO - Scraping page 87: https://batdongsan.com.vn/nha-dat-ban/p87?gtn=7-ty&gcn=30-ty
[2025-04-27T01:24:22.063+0000] {SaveLinkBatdongsan.py:141} INFO - Found 20 links on page 83
[2025-04-27T01:24:22.818+0000] {SaveLinkBatdongsan.py:141} INFO - Found 20 links on page 84
[2025-04-27T01:24:24.970+0000] {SaveLinkBatdongsan.py:135} INFO - Scraping page 88: https://batdongsan.com.vn/nha-dat-ban/p88?gtn=7-ty&gcn=30-ty
[2025-04-27T01:24:25.967+0000] {SaveLinkBatdongsan.py:135} INFO - Scraping page 89: https://batdongsan.com.vn/nha-dat-ban/p89?gtn=7-ty&gcn=30-ty
[2025-04-27T01:24:28.117+0000] {SaveLinkBatdongsan.py:141} INFO - Found 20 links on page 85
[2025-04-27T01:24:31.721+0000] {SaveLinkBatdongsan.py:135} INFO - Scraping page 90: https://batdongsan.com.vn/nha-dat-ban/p90?gtn=7-ty&gcn=30-ty
[2025-04-27T01:24:32.518+0000] {SaveLinkBatdongsan.py:141} INFO - Found 20 links on page 86
[2025-04-27T01:24:35.785+0000] {SaveLinkBatdongsan.py:135} INFO - Scraping page 91: https://batdongsan.com.vn/nha-dat-ban/p91?gtn=7-ty&gcn=30-ty
[2025-04-27T01:24:42.523+0000] {SaveLinkBatdongsan.py:141} INFO - Found 20 links on page 87
[2025-04-27T01:24:44.618+0000] {SaveLinkBatdongsan.py:141} INFO - Found 20 links on page 88
[2025-04-27T01:24:46.263+0000] {SaveLinkBatdongsan.py:135} INFO - Scraping page 92: https://batdongsan.com.vn/nha-dat-ban/p92?gtn=7-ty&gcn=30-ty
[2025-04-27T01:24:47.974+0000] {SaveLinkBatdongsan.py:135} INFO - Scraping page 93: https://batdongsan.com.vn/nha-dat-ban/p93?gtn=7-ty&gcn=30-ty
[2025-04-27T01:24:54.228+0000] {SaveLinkBatdongsan.py:141} INFO - Found 20 links on page 89
[2025-04-27T01:24:56.753+0000] {SaveLinkBatdongsan.py:135} INFO - Scraping page 94: https://batdongsan.com.vn/nha-dat-ban/p94?gtn=7-ty&gcn=30-ty
[2025-04-27T01:25:01.155+0000] {SaveLinkBatdongsan.py:141} INFO - Found 20 links on page 90
[2025-04-27T01:25:02.855+0000] {SaveLinkBatdongsan.py:141} INFO - Found 20 links on page 91
[2025-04-27T01:25:03.871+0000] {SaveLinkBatdongsan.py:125} INFO - Saved 64079 links to /opt/***/data/batdongsan_links.txt
[2025-04-27T01:25:03.872+0000] {SaveLinkBatdongsan.py:195} INFO - Progress saved at 90/100 pages
[2025-04-27T01:25:04.386+0000] {SaveLinkBatdongsan.py:135} INFO - Scraping page 95: https://batdongsan.com.vn/nha-dat-ban/p95?gtn=7-ty&gcn=30-ty
[2025-04-27T01:25:06.347+0000] {SaveLinkBatdongsan.py:135} INFO - Scraping page 96: https://batdongsan.com.vn/nha-dat-ban/p96?gtn=7-ty&gcn=30-ty
[2025-04-27T01:25:11.674+0000] {SaveLinkBatdongsan.py:141} INFO - Found 20 links on page 92
[2025-04-27T01:25:14.871+0000] {SaveLinkBatdongsan.py:135} INFO - Scraping page 97: https://batdongsan.com.vn/nha-dat-ban/p97?gtn=7-ty&gcn=30-ty
[2025-04-27T01:25:15.455+0000] {SaveLinkBatdongsan.py:141} INFO - Found 20 links on page 93
[2025-04-27T01:25:18.351+0000] {SaveLinkBatdongsan.py:135} INFO - Scraping page 98: https://batdongsan.com.vn/nha-dat-ban/p98?gtn=7-ty&gcn=30-ty
[2025-04-27T01:25:25.376+0000] {SaveLinkBatdongsan.py:141} INFO - Found 20 links on page 94
[2025-04-27T01:25:29.131+0000] {SaveLinkBatdongsan.py:135} INFO - Scraping page 99: https://batdongsan.com.vn/nha-dat-ban/p99?gtn=7-ty&gcn=30-ty
[2025-04-27T01:25:32.472+0000] {SaveLinkBatdongsan.py:141} INFO - Found 20 links on page 95
[2025-04-27T01:25:33.177+0000] {SaveLinkBatdongsan.py:141} INFO - Found 20 links on page 96
[2025-04-27T01:25:34.996+0000] {SaveLinkBatdongsan.py:135} INFO - Scraping page 100: https://batdongsan.com.vn/nha-dat-ban/p100?gtn=7-ty&gcn=30-ty
[2025-04-27T01:25:41.090+0000] {SaveLinkBatdongsan.py:141} INFO - Found 20 links on page 97
[2025-04-27T01:25:46.450+0000] {SaveLinkBatdongsan.py:141} INFO - Found 20 links on page 98
[2025-04-27T01:25:47.602+0000] {SaveLinkBatdongsan.py:141} INFO - Found 20 links on page 99
[2025-04-27T01:25:52.428+0000] {SaveLinkBatdongsan.py:141} INFO - Found 20 links on page 100
[2025-04-27T01:25:53.046+0000] {SaveLinkBatdongsan.py:125} INFO - Saved 64080 links to /opt/***/data/batdongsan_links.txt
[2025-04-27T01:25:53.050+0000] {SaveLinkBatdongsan.py:195} INFO - Progress saved at 100/100 pages
[2025-04-27T01:25:53.705+0000] {SaveLinkBatdongsan.py:125} INFO - Saved 64080 links to /opt/***/data/batdongsan_links.txt
[2025-04-27T01:25:53.707+0000] {SaveLinkBatdongsan.py:208} INFO - Saved 2 error URLs to /opt/***/data/batdongsan_error_links.txt
[2025-04-27T01:25:53.708+0000] {SaveLinkBatdongsan.py:223} INFO - Retrying 2 error URLs...
[2025-04-27T01:25:53.710+0000] {SaveLinkBatdongsan.py:230} INFO - Retrying (1/5): https://batdongsan.com.vn/nha-dat-ban/p6?gtn=7-ty&gcn=30-ty
[2025-04-27T01:25:53.710+0000] {SaveLinkBatdongsan.py:230} INFO - Retrying (1/5): https://batdongsan.com.vn/nha-dat-ban/p62?gtn=7-ty&gcn=30-ty
[2025-04-27T01:26:07.373+0000] {SaveLinkBatdongsan.py:239} INFO - ✅ Success on attempt 1: Found 20 links.
[2025-04-27T01:26:08.800+0000] {SaveLinkBatdongsan.py:239} INFO - ✅ Success on attempt 1: Found 20 links.
[2025-04-27T01:26:08.949+0000] {SaveLinkBatdongsan.py:284} INFO - Retry complete. 0 failed pages remaining in /opt/***/data/batdongsan_error_links.txt.
[2025-04-27T01:26:09.496+0000] {SaveLinkBatdongsan.py:125} INFO - Saved 64081 links to /opt/***/data/batdongsan_links.txt
[2025-04-27T01:26:09.499+0000] {SaveLinkBatdongsan.py:292} INFO - Scraping process completed.
[2025-04-27T01:26:09.500+0000] {batdongsan_scraping_dag.py:51} INFO - Successfully completed save_links_task
[2025-04-27T01:26:09.536+0000] {python.py:240} INFO - Done. Returned value was: None
[2025-04-27T01:26:09.564+0000] {taskinstance.py:341} INFO - ::group::Post task execution logs
[2025-04-27T01:26:09.565+0000] {taskinstance.py:353} INFO - Marking task as SUCCESS. dag_id=batdongsan_scraping, task_id=save_links, run_id=manual__2025-04-27T01:14:24.175397+00:00, execution_date=20250427T011424, start_date=20250427T011429, end_date=20250427T012609
[2025-04-27T01:26:09.703+0000] {local_task_job_runner.py:266} INFO - Task exited with return code 0
[2025-04-27T01:26:09.876+0000] {taskinstance.py:3901} INFO - 1 downstream tasks scheduled from follow-on schedule check
[2025-04-27T01:26:09.896+0000] {local_task_job_runner.py:245} INFO - ::endgroup::
