[2025-04-25T14:48:26.756+0000] {local_task_job_runner.py:123} INFO - ::group::Pre task execution logs
[2025-04-25T14:48:26.797+0000] {taskinstance.py:2614} INFO - Dependencies all met for dep_context=non-requeueable deps ti=<TaskInstance: batdongsan_scraping.save_links scheduled__2025-04-24T00:00:00+00:00 [queued]>
[2025-04-25T14:48:26.809+0000] {taskinstance.py:2614} INFO - Dependencies all met for dep_context=requeueable deps ti=<TaskInstance: batdongsan_scraping.save_links scheduled__2025-04-24T00:00:00+00:00 [queued]>
[2025-04-25T14:48:26.811+0000] {taskinstance.py:2867} INFO - Starting attempt 1 of 3
[2025-04-25T14:48:26.835+0000] {taskinstance.py:2890} INFO - Executing <Task(PythonOperator): save_links> on 2025-04-24 00:00:00+00:00
[2025-04-25T14:48:26.854+0000] {standard_task_runner.py:104} INFO - Running: ['***', 'tasks', 'run', 'batdongsan_scraping', 'save_links', 'scheduled__2025-04-24T00:00:00+00:00', '--job-id', '13', '--raw', '--subdir', 'DAGS_FOLDER/batdongsan_scraping_dag.py', '--cfg-path', '/tmp/tmpm83socs9']
[2025-04-25T14:48:26.859+0000] {standard_task_runner.py:105} INFO - Job 13: Subtask save_links
[2025-04-25T14:48:26.861+0000] {logging_mixin.py:190} WARNING - /home/***/.local/lib/python3.12/site-packages/***/task/task_runner/standard_task_runner.py:70 DeprecationWarning: This process (pid=11040) is multi-threaded, use of fork() may lead to deadlocks in the child.
[2025-04-25T14:48:26.863+0000] {standard_task_runner.py:72} INFO - Started process 11049 to run task
[2025-04-25T14:48:26.922+0000] {task_command.py:467} INFO - Running <TaskInstance: batdongsan_scraping.save_links scheduled__2025-04-24T00:00:00+00:00 [running]> on host ddc209ddd338
[2025-04-25T14:48:27.050+0000] {taskinstance.py:3134} INFO - Exporting env vars: AIRFLOW_CTX_DAG_OWNER='***' AIRFLOW_CTX_DAG_ID='batdongsan_scraping' AIRFLOW_CTX_TASK_ID='save_links' AIRFLOW_CTX_EXECUTION_DATE='2025-04-24T00:00:00+00:00' AIRFLOW_CTX_TRY_NUMBER='1' AIRFLOW_CTX_DAG_RUN_ID='scheduled__2025-04-24T00:00:00+00:00'
[2025-04-25T14:48:27.053+0000] {taskinstance.py:732} INFO - ::endgroup::
[2025-04-25T14:48:27.153+0000] {SaveLinkBatdongsan.py:118} INFO - Loaded 62521 existing links
[2025-04-25T14:48:29.341+0000] {SaveLinkBatdongsan.py:135} INFO - Scraping page 3: https://batdongsan.com.vn/nha-dat-ban/p3?gtn=7-ty&gcn=30-ty
[2025-04-25T14:48:29.359+0000] {SaveLinkBatdongsan.py:135} INFO - Scraping page 5: https://batdongsan.com.vn/nha-dat-ban/p5?gtn=7-ty&gcn=30-ty
[2025-04-25T14:48:29.378+0000] {SaveLinkBatdongsan.py:135} INFO - Scraping page 1: https://batdongsan.com.vn/nha-dat-ban/p1?gtn=7-ty&gcn=30-ty
[2025-04-25T14:48:29.382+0000] {SaveLinkBatdongsan.py:135} INFO - Scraping page 4: https://batdongsan.com.vn/nha-dat-ban/p4?gtn=7-ty&gcn=30-ty
[2025-04-25T14:48:29.383+0000] {SaveLinkBatdongsan.py:135} INFO - Scraping page 2: https://batdongsan.com.vn/nha-dat-ban/p2?gtn=7-ty&gcn=30-ty
[2025-04-25T14:49:02.782+0000] {SaveLinkBatdongsan.py:141} INFO - Found 20 links on page 4
[2025-04-25T14:49:06.982+0000] {SaveLinkBatdongsan.py:135} INFO - Scraping page 6: https://batdongsan.com.vn/nha-dat-ban/p6?gtn=7-ty&gcn=30-ty
[2025-04-25T14:49:07.388+0000] {SaveLinkBatdongsan.py:141} INFO - Found 20 links on page 2
[2025-04-25T14:49:07.998+0000] {SaveLinkBatdongsan.py:141} INFO - Found 20 links on page 5
[2025-04-25T14:49:09.477+0000] {SaveLinkBatdongsan.py:141} INFO - Found 20 links on page 1
[2025-04-25T14:49:09.919+0000] {SaveLinkBatdongsan.py:135} INFO - Scraping page 8: https://batdongsan.com.vn/nha-dat-ban/p8?gtn=7-ty&gcn=30-ty
[2025-04-25T14:49:09.966+0000] {SaveLinkBatdongsan.py:135} INFO - Scraping page 7: https://batdongsan.com.vn/nha-dat-ban/p7?gtn=7-ty&gcn=30-ty
[2025-04-25T14:49:11.649+0000] {SaveLinkBatdongsan.py:141} INFO - Found 20 links on page 3
[2025-04-25T14:49:11.860+0000] {SaveLinkBatdongsan.py:135} INFO - Scraping page 9: https://batdongsan.com.vn/nha-dat-ban/p9?gtn=7-ty&gcn=30-ty
[2025-04-25T14:49:17.769+0000] {SaveLinkBatdongsan.py:135} INFO - Scraping page 10: https://batdongsan.com.vn/nha-dat-ban/p10?gtn=7-ty&gcn=30-ty
[2025-04-25T14:49:36.343+0000] {SaveLinkBatdongsan.py:141} INFO - Found 20 links on page 8
[2025-04-25T14:49:36.565+0000] {SaveLinkBatdongsan.py:141} INFO - Found 20 links on page 10
[2025-04-25T14:49:39.312+0000] {SaveLinkBatdongsan.py:141} INFO - Found 20 links on page 9
[2025-04-25T14:49:39.346+0000] {SaveLinkBatdongsan.py:135} INFO - Scraping page 12: https://batdongsan.com.vn/nha-dat-ban/p12?gtn=7-ty&gcn=30-ty
[2025-04-25T14:49:39.352+0000] {SaveLinkBatdongsan.py:135} INFO - Scraping page 11: https://batdongsan.com.vn/nha-dat-ban/p11?gtn=7-ty&gcn=30-ty
[2025-04-25T14:49:41.281+0000] {SaveLinkBatdongsan.py:135} INFO - Scraping page 13: https://batdongsan.com.vn/nha-dat-ban/p13?gtn=7-ty&gcn=30-ty
[2025-04-25T14:49:42.021+0000] {SaveLinkBatdongsan.py:141} INFO - Found 20 links on page 7
[2025-04-25T14:49:43.315+0000] {SaveLinkBatdongsan.py:141} INFO - Found 20 links on page 6
[2025-04-25T14:49:47.673+0000] {SaveLinkBatdongsan.py:135} INFO - Scraping page 14: https://batdongsan.com.vn/nha-dat-ban/p14?gtn=7-ty&gcn=30-ty
[2025-04-25T14:49:48.899+0000] {SaveLinkBatdongsan.py:125} INFO - Saved 62627 links to /opt/***/data/batdongsan_links.txt
[2025-04-25T14:49:48.901+0000] {SaveLinkBatdongsan.py:195} INFO - Progress saved at 10/100 pages
[2025-04-25T14:49:49.049+0000] {SaveLinkBatdongsan.py:135} INFO - Scraping page 15: https://batdongsan.com.vn/nha-dat-ban/p15?gtn=7-ty&gcn=30-ty
[2025-04-25T14:50:02.813+0000] {SaveLinkBatdongsan.py:141} INFO - Found 20 links on page 11
[2025-04-25T14:50:03.609+0000] {SaveLinkBatdongsan.py:141} INFO - Found 20 links on page 13
[2025-04-25T14:50:04.758+0000] {SaveLinkBatdongsan.py:141} INFO - Found 20 links on page 12
[2025-04-25T14:50:07.650+0000] {SaveLinkBatdongsan.py:135} INFO - Scraping page 18: https://batdongsan.com.vn/nha-dat-ban/p18?gtn=7-ty&gcn=30-ty
[2025-04-25T14:50:07.651+0000] {SaveLinkBatdongsan.py:135} INFO - Scraping page 17: https://batdongsan.com.vn/nha-dat-ban/p17?gtn=7-ty&gcn=30-ty
[2025-04-25T14:50:07.672+0000] {SaveLinkBatdongsan.py:135} INFO - Scraping page 16: https://batdongsan.com.vn/nha-dat-ban/p16?gtn=7-ty&gcn=30-ty
[2025-04-25T14:50:08.328+0000] {SaveLinkBatdongsan.py:141} INFO - Found 20 links on page 15
[2025-04-25T14:50:08.528+0000] {SaveLinkBatdongsan.py:141} INFO - Found 20 links on page 14
[2025-04-25T14:50:10.600+0000] {SaveLinkBatdongsan.py:135} INFO - Scraping page 20: https://batdongsan.com.vn/nha-dat-ban/p20?gtn=7-ty&gcn=30-ty
[2025-04-25T14:50:10.635+0000] {SaveLinkBatdongsan.py:135} INFO - Scraping page 19: https://batdongsan.com.vn/nha-dat-ban/p19?gtn=7-ty&gcn=30-ty
[2025-04-25T14:50:22.031+0000] {SaveLinkBatdongsan.py:141} INFO - Found 20 links on page 17
[2025-04-25T14:50:24.598+0000] {SaveLinkBatdongsan.py:141} INFO - Found 20 links on page 20
[2025-04-25T14:50:24.655+0000] {SaveLinkBatdongsan.py:135} INFO - Scraping page 21: https://batdongsan.com.vn/nha-dat-ban/p21?gtn=7-ty&gcn=30-ty
[2025-04-25T14:50:26.611+0000] {SaveLinkBatdongsan.py:135} INFO - Scraping page 22: https://batdongsan.com.vn/nha-dat-ban/p22?gtn=7-ty&gcn=30-ty
[2025-04-25T14:50:26.972+0000] {SaveLinkBatdongsan.py:141} INFO - Found 20 links on page 18
[2025-04-25T14:50:27.885+0000] {SaveLinkBatdongsan.py:141} INFO - Found 20 links on page 16
[2025-04-25T14:50:28.493+0000] {SaveLinkBatdongsan.py:141} INFO - Found 20 links on page 19
[2025-04-25T14:50:28.933+0000] {SaveLinkBatdongsan.py:135} INFO - Scraping page 23: https://batdongsan.com.vn/nha-dat-ban/p23?gtn=7-ty&gcn=30-ty
[2025-04-25T14:50:30.174+0000] {SaveLinkBatdongsan.py:125} INFO - Saved 62707 links to /opt/***/data/batdongsan_links.txt
[2025-04-25T14:50:30.176+0000] {SaveLinkBatdongsan.py:195} INFO - Progress saved at 20/100 pages
[2025-04-25T14:50:30.552+0000] {SaveLinkBatdongsan.py:135} INFO - Scraping page 25: https://batdongsan.com.vn/nha-dat-ban/p25?gtn=7-ty&gcn=30-ty
[2025-04-25T14:50:30.622+0000] {SaveLinkBatdongsan.py:135} INFO - Scraping page 24: https://batdongsan.com.vn/nha-dat-ban/p24?gtn=7-ty&gcn=30-ty
[2025-04-25T14:50:43.058+0000] {SaveLinkBatdongsan.py:141} INFO - Found 20 links on page 21
[2025-04-25T14:50:44.810+0000] {SaveLinkBatdongsan.py:135} INFO - Scraping page 26: https://batdongsan.com.vn/nha-dat-ban/p26?gtn=7-ty&gcn=30-ty
[2025-04-25T14:50:45.638+0000] {SaveLinkBatdongsan.py:141} INFO - Found 20 links on page 23
[2025-04-25T14:50:46.876+0000] {SaveLinkBatdongsan.py:141} INFO - Found 20 links on page 25
[2025-04-25T14:50:47.890+0000] {SaveLinkBatdongsan.py:141} INFO - Found 20 links on page 22
[2025-04-25T14:50:48.276+0000] {SaveLinkBatdongsan.py:135} INFO - Scraping page 27: https://batdongsan.com.vn/nha-dat-ban/p27?gtn=7-ty&gcn=30-ty
[2025-04-25T14:50:50.153+0000] {SaveLinkBatdongsan.py:135} INFO - Scraping page 29: https://batdongsan.com.vn/nha-dat-ban/p29?gtn=7-ty&gcn=30-ty
[2025-04-25T14:50:50.154+0000] {SaveLinkBatdongsan.py:135} INFO - Scraping page 28: https://batdongsan.com.vn/nha-dat-ban/p28?gtn=7-ty&gcn=30-ty
[2025-04-25T14:50:50.542+0000] {SaveLinkBatdongsan.py:141} INFO - Found 20 links on page 24
[2025-04-25T14:50:52.388+0000] {SaveLinkBatdongsan.py:135} INFO - Scraping page 30: https://batdongsan.com.vn/nha-dat-ban/p30?gtn=7-ty&gcn=30-ty
[2025-04-25T14:51:02.589+0000] {SaveLinkBatdongsan.py:141} INFO - Found 20 links on page 26
[2025-04-25T14:51:04.445+0000] {SaveLinkBatdongsan.py:135} INFO - Scraping page 31: https://batdongsan.com.vn/nha-dat-ban/p31?gtn=7-ty&gcn=30-ty
[2025-04-25T14:51:06.258+0000] {SaveLinkBatdongsan.py:141} INFO - Found 20 links on page 27
[2025-04-25T14:51:08.786+0000] {SaveLinkBatdongsan.py:135} INFO - Scraping page 32: https://batdongsan.com.vn/nha-dat-ban/p32?gtn=7-ty&gcn=30-ty
[2025-04-25T14:51:09.195+0000] {SaveLinkBatdongsan.py:141} INFO - Found 20 links on page 28
[2025-04-25T14:51:10.372+0000] {SaveLinkBatdongsan.py:141} INFO - Found 20 links on page 30
[2025-04-25T14:51:10.413+0000] {SaveLinkBatdongsan.py:141} INFO - Found 20 links on page 29
[2025-04-25T14:51:11.595+0000] {SaveLinkBatdongsan.py:135} INFO - Scraping page 33: https://batdongsan.com.vn/nha-dat-ban/p33?gtn=7-ty&gcn=30-ty
[2025-04-25T14:51:12.028+0000] {SaveLinkBatdongsan.py:125} INFO - Saved 62829 links to /opt/***/data/batdongsan_links.txt
[2025-04-25T14:51:12.029+0000] {SaveLinkBatdongsan.py:195} INFO - Progress saved at 30/100 pages
[2025-04-25T14:51:12.759+0000] {SaveLinkBatdongsan.py:135} INFO - Scraping page 34: https://batdongsan.com.vn/nha-dat-ban/p34?gtn=7-ty&gcn=30-ty
[2025-04-25T14:51:12.822+0000] {SaveLinkBatdongsan.py:135} INFO - Scraping page 35: https://batdongsan.com.vn/nha-dat-ban/p35?gtn=7-ty&gcn=30-ty
[2025-04-25T14:51:23.263+0000] {SaveLinkBatdongsan.py:141} INFO - Found 20 links on page 31
[2025-04-25T14:51:25.127+0000] {SaveLinkBatdongsan.py:135} INFO - Scraping page 36: https://batdongsan.com.vn/nha-dat-ban/p36?gtn=7-ty&gcn=30-ty
[2025-04-25T14:51:28.179+0000] {SaveLinkBatdongsan.py:141} INFO - Found 20 links on page 32
[2025-04-25T14:51:29.938+0000] {SaveLinkBatdongsan.py:135} INFO - Scraping page 37: https://batdongsan.com.vn/nha-dat-ban/p37?gtn=7-ty&gcn=30-ty
[2025-04-25T14:51:33.124+0000] {SaveLinkBatdongsan.py:141} INFO - Found 20 links on page 33
[2025-04-25T14:51:33.528+0000] {SaveLinkBatdongsan.py:141} INFO - Found 20 links on page 35
[2025-04-25T14:51:33.689+0000] {SaveLinkBatdongsan.py:141} INFO - Found 20 links on page 34
[2025-04-25T14:51:35.054+0000] {SaveLinkBatdongsan.py:135} INFO - Scraping page 38: https://batdongsan.com.vn/nha-dat-ban/p38?gtn=7-ty&gcn=30-ty
[2025-04-25T14:51:35.277+0000] {SaveLinkBatdongsan.py:135} INFO - Scraping page 39: https://batdongsan.com.vn/nha-dat-ban/p39?gtn=7-ty&gcn=30-ty
[2025-04-25T14:51:35.533+0000] {SaveLinkBatdongsan.py:135} INFO - Scraping page 40: https://batdongsan.com.vn/nha-dat-ban/p40?gtn=7-ty&gcn=30-ty
[2025-04-25T14:51:42.635+0000] {SaveLinkBatdongsan.py:141} INFO - Found 20 links on page 36
[2025-04-25T14:51:44.203+0000] {SaveLinkBatdongsan.py:135} INFO - Scraping page 41: https://batdongsan.com.vn/nha-dat-ban/p41?gtn=7-ty&gcn=30-ty
[2025-04-25T14:51:46.472+0000] {SaveLinkBatdongsan.py:141} INFO - Found 20 links on page 37
[2025-04-25T14:51:48.784+0000] {SaveLinkBatdongsan.py:135} INFO - Scraping page 42: https://batdongsan.com.vn/nha-dat-ban/p42?gtn=7-ty&gcn=30-ty
[2025-04-25T14:51:49.254+0000] {SaveLinkBatdongsan.py:141} INFO - Found 20 links on page 39
[2025-04-25T14:51:51.165+0000] {SaveLinkBatdongsan.py:135} INFO - Scraping page 43: https://batdongsan.com.vn/nha-dat-ban/p43?gtn=7-ty&gcn=30-ty
[2025-04-25T14:51:52.952+0000] {SaveLinkBatdongsan.py:141} INFO - Found 20 links on page 38
[2025-04-25T14:51:53.574+0000] {SaveLinkBatdongsan.py:141} INFO - Found 20 links on page 40
[2025-04-25T14:51:54.890+0000] {SaveLinkBatdongsan.py:135} INFO - Scraping page 44: https://batdongsan.com.vn/nha-dat-ban/p44?gtn=7-ty&gcn=30-ty
[2025-04-25T14:51:55.584+0000] {SaveLinkBatdongsan.py:125} INFO - Saved 62895 links to /opt/***/data/batdongsan_links.txt
[2025-04-25T14:51:55.585+0000] {SaveLinkBatdongsan.py:195} INFO - Progress saved at 40/100 pages
[2025-04-25T14:51:55.671+0000] {SaveLinkBatdongsan.py:135} INFO - Scraping page 45: https://batdongsan.com.vn/nha-dat-ban/p45?gtn=7-ty&gcn=30-ty
[2025-04-25T14:52:02.566+0000] {SaveLinkBatdongsan.py:141} INFO - Found 20 links on page 41
[2025-04-25T14:52:04.076+0000] {SaveLinkBatdongsan.py:135} INFO - Scraping page 46: https://batdongsan.com.vn/nha-dat-ban/p46?gtn=7-ty&gcn=30-ty
[2025-04-25T14:52:06.236+0000] {SaveLinkBatdongsan.py:141} INFO - Found 20 links on page 42
[2025-04-25T14:52:07.634+0000] {SaveLinkBatdongsan.py:141} INFO - Found 20 links on page 43
[2025-04-25T14:52:08.087+0000] {SaveLinkBatdongsan.py:135} INFO - Scraping page 47: https://batdongsan.com.vn/nha-dat-ban/p47?gtn=7-ty&gcn=30-ty
[2025-04-25T14:52:09.721+0000] {SaveLinkBatdongsan.py:135} INFO - Scraping page 48: https://batdongsan.com.vn/nha-dat-ban/p48?gtn=7-ty&gcn=30-ty
[2025-04-25T14:52:10.436+0000] {SaveLinkBatdongsan.py:141} INFO - Found 20 links on page 44
[2025-04-25T14:52:12.205+0000] {SaveLinkBatdongsan.py:135} INFO - Scraping page 49: https://batdongsan.com.vn/nha-dat-ban/p49?gtn=7-ty&gcn=30-ty
[2025-04-25T14:52:12.366+0000] {SaveLinkBatdongsan.py:141} INFO - Found 20 links on page 45
[2025-04-25T14:52:15.240+0000] {SaveLinkBatdongsan.py:135} INFO - Scraping page 50: https://batdongsan.com.vn/nha-dat-ban/p50?gtn=7-ty&gcn=30-ty
[2025-04-25T14:52:22.664+0000] {SaveLinkBatdongsan.py:141} INFO - Found 20 links on page 46
[2025-04-25T14:52:23.679+0000] {SaveLinkBatdongsan.py:141} INFO - Found 20 links on page 47
[2025-04-25T14:52:24.441+0000] {SaveLinkBatdongsan.py:135} INFO - Scraping page 51: https://batdongsan.com.vn/nha-dat-ban/p51?gtn=7-ty&gcn=30-ty
[2025-04-25T14:52:25.366+0000] {SaveLinkBatdongsan.py:135} INFO - Scraping page 52: https://batdongsan.com.vn/nha-dat-ban/p52?gtn=7-ty&gcn=30-ty
[2025-04-25T14:52:25.901+0000] {SaveLinkBatdongsan.py:141} INFO - Found 20 links on page 48
[2025-04-25T14:52:29.620+0000] {SaveLinkBatdongsan.py:135} INFO - Scraping page 53: https://batdongsan.com.vn/nha-dat-ban/p53?gtn=7-ty&gcn=30-ty
[2025-04-25T14:52:29.866+0000] {SaveLinkBatdongsan.py:141} INFO - Found 20 links on page 49
[2025-04-25T14:52:32.136+0000] {SaveLinkBatdongsan.py:141} INFO - Found 20 links on page 50
[2025-04-25T14:52:32.737+0000] {SaveLinkBatdongsan.py:135} INFO - Scraping page 54: https://batdongsan.com.vn/nha-dat-ban/p54?gtn=7-ty&gcn=30-ty
[2025-04-25T14:52:33.482+0000] {SaveLinkBatdongsan.py:125} INFO - Saved 63046 links to /opt/***/data/batdongsan_links.txt
[2025-04-25T14:52:33.483+0000] {SaveLinkBatdongsan.py:195} INFO - Progress saved at 50/100 pages
[2025-04-25T14:52:33.959+0000] {SaveLinkBatdongsan.py:135} INFO - Scraping page 55: https://batdongsan.com.vn/nha-dat-ban/p55?gtn=7-ty&gcn=30-ty
[2025-04-25T14:52:40.639+0000] {SaveLinkBatdongsan.py:141} INFO - Found 20 links on page 51
[2025-04-25T14:52:42.413+0000] {SaveLinkBatdongsan.py:141} INFO - Found 20 links on page 52
[2025-04-25T14:52:43.015+0000] {SaveLinkBatdongsan.py:135} INFO - Scraping page 56: https://batdongsan.com.vn/nha-dat-ban/p56?gtn=7-ty&gcn=30-ty
[2025-04-25T14:52:44.519+0000] {SaveLinkBatdongsan.py:135} INFO - Scraping page 57: https://batdongsan.com.vn/nha-dat-ban/p57?gtn=7-ty&gcn=30-ty
[2025-04-25T14:52:45.869+0000] {SaveLinkBatdongsan.py:141} INFO - Found 20 links on page 53
[2025-04-25T14:52:47.920+0000] {SaveLinkBatdongsan.py:135} INFO - Scraping page 58: https://batdongsan.com.vn/nha-dat-ban/p58?gtn=7-ty&gcn=30-ty
[2025-04-25T14:52:49.370+0000] {SaveLinkBatdongsan.py:141} INFO - Found 20 links on page 54
[2025-04-25T14:52:49.658+0000] {SaveLinkBatdongsan.py:141} INFO - Found 20 links on page 55
[2025-04-25T14:52:51.321+0000] {SaveLinkBatdongsan.py:135} INFO - Scraping page 60: https://batdongsan.com.vn/nha-dat-ban/p60?gtn=7-ty&gcn=30-ty
[2025-04-25T14:52:51.372+0000] {SaveLinkBatdongsan.py:135} INFO - Scraping page 59: https://batdongsan.com.vn/nha-dat-ban/p59?gtn=7-ty&gcn=30-ty
[2025-04-25T14:53:01.720+0000] {SaveLinkBatdongsan.py:141} INFO - Found 20 links on page 56
[2025-04-25T14:53:02.935+0000] {SaveLinkBatdongsan.py:141} INFO - Found 20 links on page 57
[2025-04-25T14:53:03.764+0000] {SaveLinkBatdongsan.py:135} INFO - Scraping page 61: https://batdongsan.com.vn/nha-dat-ban/p61?gtn=7-ty&gcn=30-ty
[2025-04-25T14:53:04.258+0000] {SaveLinkBatdongsan.py:141} INFO - Found 20 links on page 58
[2025-04-25T14:53:04.719+0000] {SaveLinkBatdongsan.py:135} INFO - Scraping page 62: https://batdongsan.com.vn/nha-dat-ban/p62?gtn=7-ty&gcn=30-ty
[2025-04-25T14:53:05.987+0000] {SaveLinkBatdongsan.py:135} INFO - Scraping page 63: https://batdongsan.com.vn/nha-dat-ban/p63?gtn=7-ty&gcn=30-ty
[2025-04-25T14:53:11.073+0000] {SaveLinkBatdongsan.py:141} INFO - Found 20 links on page 60
[2025-04-25T14:53:11.082+0000] {SaveLinkBatdongsan.py:141} INFO - Found 20 links on page 59
[2025-04-25T14:53:12.556+0000] {SaveLinkBatdongsan.py:125} INFO - Saved 63205 links to /opt/***/data/batdongsan_links.txt
[2025-04-25T14:53:12.559+0000] {SaveLinkBatdongsan.py:195} INFO - Progress saved at 60/100 pages
[2025-04-25T14:53:13.425+0000] {SaveLinkBatdongsan.py:135} INFO - Scraping page 65: https://batdongsan.com.vn/nha-dat-ban/p65?gtn=7-ty&gcn=30-ty
[2025-04-25T14:53:13.665+0000] {SaveLinkBatdongsan.py:135} INFO - Scraping page 64: https://batdongsan.com.vn/nha-dat-ban/p64?gtn=7-ty&gcn=30-ty
[2025-04-25T14:53:20.546+0000] {SaveLinkBatdongsan.py:141} INFO - Found 20 links on page 61
[2025-04-25T14:53:22.767+0000] {SaveLinkBatdongsan.py:135} INFO - Scraping page 66: https://batdongsan.com.vn/nha-dat-ban/p66?gtn=7-ty&gcn=30-ty
[2025-04-25T14:53:24.953+0000] {SaveLinkBatdongsan.py:141} INFO - Found 20 links on page 62
[2025-04-25T14:53:24.982+0000] {SaveLinkBatdongsan.py:141} INFO - Found 20 links on page 63
[2025-04-25T14:53:27.326+0000] {SaveLinkBatdongsan.py:135} INFO - Scraping page 67: https://batdongsan.com.vn/nha-dat-ban/p67?gtn=7-ty&gcn=30-ty
[2025-04-25T14:53:27.605+0000] {SaveLinkBatdongsan.py:135} INFO - Scraping page 68: https://batdongsan.com.vn/nha-dat-ban/p68?gtn=7-ty&gcn=30-ty
[2025-04-25T14:53:30.269+0000] {SaveLinkBatdongsan.py:141} INFO - Found 20 links on page 65
[2025-04-25T14:53:32.053+0000] {SaveLinkBatdongsan.py:141} INFO - Found 20 links on page 64
[2025-04-25T14:53:32.466+0000] {SaveLinkBatdongsan.py:135} INFO - Scraping page 69: https://batdongsan.com.vn/nha-dat-ban/p69?gtn=7-ty&gcn=30-ty
[2025-04-25T14:53:33.930+0000] {SaveLinkBatdongsan.py:135} INFO - Scraping page 70: https://batdongsan.com.vn/nha-dat-ban/p70?gtn=7-ty&gcn=30-ty
[2025-04-25T14:53:40.161+0000] {SaveLinkBatdongsan.py:141} INFO - Found 20 links on page 66
[2025-04-25T14:53:43.494+0000] {SaveLinkBatdongsan.py:135} INFO - Scraping page 71: https://batdongsan.com.vn/nha-dat-ban/p71?gtn=7-ty&gcn=30-ty
[2025-04-25T14:53:43.779+0000] {SaveLinkBatdongsan.py:141} INFO - Found 20 links on page 67
[2025-04-25T14:53:45.605+0000] {SaveLinkBatdongsan.py:141} INFO - Found 20 links on page 68
[2025-04-25T14:53:46.414+0000] {SaveLinkBatdongsan.py:135} INFO - Scraping page 72: https://batdongsan.com.vn/nha-dat-ban/p72?gtn=7-ty&gcn=30-ty
[2025-04-25T14:53:46.862+0000] {SaveLinkBatdongsan.py:141} INFO - Found 20 links on page 69
[2025-04-25T14:53:47.544+0000] {SaveLinkBatdongsan.py:135} INFO - Scraping page 73: https://batdongsan.com.vn/nha-dat-ban/p73?gtn=7-ty&gcn=30-ty
[2025-04-25T14:53:48.784+0000] {SaveLinkBatdongsan.py:135} INFO - Scraping page 74: https://batdongsan.com.vn/nha-dat-ban/p74?gtn=7-ty&gcn=30-ty
[2025-04-25T14:53:51.098+0000] {SaveLinkBatdongsan.py:141} INFO - Found 20 links on page 70
[2025-04-25T14:53:52.555+0000] {SaveLinkBatdongsan.py:125} INFO - Saved 63340 links to /opt/***/data/batdongsan_links.txt
[2025-04-25T14:53:52.561+0000] {SaveLinkBatdongsan.py:195} INFO - Progress saved at 70/100 pages
[2025-04-25T14:53:53.639+0000] {SaveLinkBatdongsan.py:135} INFO - Scraping page 75: https://batdongsan.com.vn/nha-dat-ban/p75?gtn=7-ty&gcn=30-ty
[2025-04-25T14:54:02.420+0000] {SaveLinkBatdongsan.py:141} INFO - Found 20 links on page 71
[2025-04-25T14:54:04.119+0000] {SaveLinkBatdongsan.py:141} INFO - Found 20 links on page 73
[2025-04-25T14:54:04.417+0000] {SaveLinkBatdongsan.py:141} INFO - Found 20 links on page 72
[2025-04-25T14:54:04.793+0000] {SaveLinkBatdongsan.py:135} INFO - Scraping page 76: https://batdongsan.com.vn/nha-dat-ban/p76?gtn=7-ty&gcn=30-ty
[2025-04-25T14:54:06.615+0000] {SaveLinkBatdongsan.py:135} INFO - Scraping page 78: https://batdongsan.com.vn/nha-dat-ban/p78?gtn=7-ty&gcn=30-ty
[2025-04-25T14:54:06.659+0000] {SaveLinkBatdongsan.py:135} INFO - Scraping page 77: https://batdongsan.com.vn/nha-dat-ban/p77?gtn=7-ty&gcn=30-ty
[2025-04-25T14:54:07.044+0000] {SaveLinkBatdongsan.py:141} INFO - Found 20 links on page 74
[2025-04-25T14:54:09.563+0000] {SaveLinkBatdongsan.py:135} INFO - Scraping page 79: https://batdongsan.com.vn/nha-dat-ban/p79?gtn=7-ty&gcn=30-ty
[2025-04-25T14:54:12.814+0000] {SaveLinkBatdongsan.py:141} INFO - Found 20 links on page 75
[2025-04-25T14:54:15.007+0000] {SaveLinkBatdongsan.py:135} INFO - Scraping page 80: https://batdongsan.com.vn/nha-dat-ban/p80?gtn=7-ty&gcn=30-ty
[2025-04-25T14:54:21.795+0000] {SaveLinkBatdongsan.py:141} INFO - Found 20 links on page 76
[2025-04-25T14:54:23.723+0000] {SaveLinkBatdongsan.py:135} INFO - Scraping page 81: https://batdongsan.com.vn/nha-dat-ban/p81?gtn=7-ty&gcn=30-ty
[2025-04-25T14:54:24.254+0000] {SaveLinkBatdongsan.py:141} INFO - Found 20 links on page 78
[2025-04-25T14:54:25.325+0000] {SaveLinkBatdongsan.py:141} INFO - Found 20 links on page 77
[2025-04-25T14:54:26.227+0000] {SaveLinkBatdongsan.py:135} INFO - Scraping page 82: https://batdongsan.com.vn/nha-dat-ban/p82?gtn=7-ty&gcn=30-ty
[2025-04-25T14:54:27.141+0000] {SaveLinkBatdongsan.py:135} INFO - Scraping page 83: https://batdongsan.com.vn/nha-dat-ban/p83?gtn=7-ty&gcn=30-ty
[2025-04-25T14:54:28.544+0000] {SaveLinkBatdongsan.py:141} INFO - Found 20 links on page 79
[2025-04-25T14:54:30.270+0000] {SaveLinkBatdongsan.py:135} INFO - Scraping page 84: https://batdongsan.com.vn/nha-dat-ban/p84?gtn=7-ty&gcn=30-ty
[2025-04-25T14:54:34.625+0000] {SaveLinkBatdongsan.py:141} INFO - Found 20 links on page 80
[2025-04-25T14:54:36.171+0000] {SaveLinkBatdongsan.py:125} INFO - Saved 63490 links to /opt/***/data/batdongsan_links.txt
[2025-04-25T14:54:36.196+0000] {SaveLinkBatdongsan.py:195} INFO - Progress saved at 80/100 pages
[2025-04-25T14:54:37.009+0000] {SaveLinkBatdongsan.py:135} INFO - Scraping page 85: https://batdongsan.com.vn/nha-dat-ban/p85?gtn=7-ty&gcn=30-ty
[2025-04-25T14:54:42.374+0000] {SaveLinkBatdongsan.py:141} INFO - Found 20 links on page 81
[2025-04-25T14:54:44.333+0000] {SaveLinkBatdongsan.py:135} INFO - Scraping page 86: https://batdongsan.com.vn/nha-dat-ban/p86?gtn=7-ty&gcn=30-ty
[2025-04-25T14:54:46.833+0000] {SaveLinkBatdongsan.py:141} INFO - Found 20 links on page 83
[2025-04-25T14:54:46.838+0000] {SaveLinkBatdongsan.py:141} INFO - Found 20 links on page 82
[2025-04-25T14:54:48.866+0000] {SaveLinkBatdongsan.py:135} INFO - Scraping page 87: https://batdongsan.com.vn/nha-dat-ban/p87?gtn=7-ty&gcn=30-ty
[2025-04-25T14:54:49.079+0000] {SaveLinkBatdongsan.py:135} INFO - Scraping page 88: https://batdongsan.com.vn/nha-dat-ban/p88?gtn=7-ty&gcn=30-ty
[2025-04-25T14:54:49.236+0000] {SaveLinkBatdongsan.py:141} INFO - Found 20 links on page 84
[2025-04-25T14:54:51.132+0000] {SaveLinkBatdongsan.py:135} INFO - Scraping page 89: https://batdongsan.com.vn/nha-dat-ban/p89?gtn=7-ty&gcn=30-ty
[2025-04-25T14:54:52.521+0000] {SaveLinkBatdongsan.py:141} INFO - Found 20 links on page 85
[2025-04-25T14:54:54.687+0000] {SaveLinkBatdongsan.py:135} INFO - Scraping page 90: https://batdongsan.com.vn/nha-dat-ban/p90?gtn=7-ty&gcn=30-ty
[2025-04-25T14:55:06.305+0000] {SaveLinkBatdongsan.py:141} INFO - Found 20 links on page 87
[2025-04-25T14:55:08.467+0000] {SaveLinkBatdongsan.py:141} INFO - Found 20 links on page 86
[2025-04-25T14:55:08.599+0000] {SaveLinkBatdongsan.py:135} INFO - Scraping page 91: https://batdongsan.com.vn/nha-dat-ban/p91?gtn=7-ty&gcn=30-ty
[2025-04-25T14:55:09.933+0000] {SaveLinkBatdongsan.py:141} INFO - Found 20 links on page 88
[2025-04-25T14:55:09.934+0000] {SaveLinkBatdongsan.py:141} INFO - Found 20 links on page 89
[2025-04-25T14:55:10.625+0000] {SaveLinkBatdongsan.py:135} INFO - Scraping page 92: https://batdongsan.com.vn/nha-dat-ban/p92?gtn=7-ty&gcn=30-ty
[2025-04-25T14:55:11.587+0000] {SaveLinkBatdongsan.py:141} INFO - Found 20 links on page 90
[2025-04-25T14:55:12.258+0000] {SaveLinkBatdongsan.py:135} INFO - Scraping page 93: https://batdongsan.com.vn/nha-dat-ban/p93?gtn=7-ty&gcn=30-ty
[2025-04-25T14:55:12.566+0000] {SaveLinkBatdongsan.py:135} INFO - Scraping page 94: https://batdongsan.com.vn/nha-dat-ban/p94?gtn=7-ty&gcn=30-ty
[2025-04-25T14:55:13.493+0000] {SaveLinkBatdongsan.py:125} INFO - Saved 63648 links to /opt/***/data/batdongsan_links.txt
[2025-04-25T14:55:13.497+0000] {SaveLinkBatdongsan.py:195} INFO - Progress saved at 90/100 pages
[2025-04-25T14:55:13.912+0000] {SaveLinkBatdongsan.py:135} INFO - Scraping page 95: https://batdongsan.com.vn/nha-dat-ban/p95?gtn=7-ty&gcn=30-ty
[2025-04-25T14:55:26.745+0000] {SaveLinkBatdongsan.py:141} INFO - Found 20 links on page 91
[2025-04-25T14:55:27.842+0000] {SaveLinkBatdongsan.py:141} INFO - Found 20 links on page 92
[2025-04-25T14:55:28.892+0000] {SaveLinkBatdongsan.py:135} INFO - Scraping page 96: https://batdongsan.com.vn/nha-dat-ban/p96?gtn=7-ty&gcn=30-ty
[2025-04-25T14:55:29.932+0000] {SaveLinkBatdongsan.py:135} INFO - Scraping page 97: https://batdongsan.com.vn/nha-dat-ban/p97?gtn=7-ty&gcn=30-ty
[2025-04-25T14:55:31.376+0000] {SaveLinkBatdongsan.py:141} INFO - Found 20 links on page 94
[2025-04-25T14:55:33.053+0000] {SaveLinkBatdongsan.py:141} INFO - Found 20 links on page 93
[2025-04-25T14:55:33.530+0000] {SaveLinkBatdongsan.py:141} INFO - Found 20 links on page 95
[2025-04-25T14:55:33.572+0000] {SaveLinkBatdongsan.py:135} INFO - Scraping page 98: https://batdongsan.com.vn/nha-dat-ban/p98?gtn=7-ty&gcn=30-ty
[2025-04-25T14:55:35.733+0000] {SaveLinkBatdongsan.py:135} INFO - Scraping page 99: https://batdongsan.com.vn/nha-dat-ban/p99?gtn=7-ty&gcn=30-ty
[2025-04-25T14:55:36.019+0000] {SaveLinkBatdongsan.py:135} INFO - Scraping page 100: https://batdongsan.com.vn/nha-dat-ban/p100?gtn=7-ty&gcn=30-ty
[2025-04-25T14:55:45.079+0000] {SaveLinkBatdongsan.py:141} INFO - Found 20 links on page 97
[2025-04-25T14:55:46.595+0000] {SaveLinkBatdongsan.py:141} INFO - Found 20 links on page 96
[2025-04-25T14:55:50.367+0000] {SaveLinkBatdongsan.py:141} INFO - Found 20 links on page 98
[2025-04-25T14:55:51.838+0000] {SaveLinkBatdongsan.py:141} INFO - Found 20 links on page 100
[2025-04-25T14:55:52.755+0000] {SaveLinkBatdongsan.py:141} INFO - Found 20 links on page 99
[2025-04-25T14:55:53.780+0000] {SaveLinkBatdongsan.py:125} INFO - Saved 63794 links to /opt/***/data/batdongsan_links.txt
[2025-04-25T14:55:53.780+0000] {SaveLinkBatdongsan.py:195} INFO - Progress saved at 100/100 pages
[2025-04-25T14:55:54.764+0000] {SaveLinkBatdongsan.py:125} INFO - Saved 63794 links to /opt/***/data/batdongsan_links.txt
[2025-04-25T14:55:54.766+0000] {SaveLinkBatdongsan.py:223} INFO - Retrying 4 error URLs...
[2025-04-25T14:55:54.768+0000] {SaveLinkBatdongsan.py:230} INFO - Retrying (1/5): https://batdongsan.com.vn/nha-dat-ban/p1?gtn=7-ty&gcn=30-ty
[2025-04-25T14:55:54.769+0000] {SaveLinkBatdongsan.py:230} INFO - Retrying (1/5): https://batdongsan.com.vn/nha-dat-ban/p6?gtn=7-ty&gcn=30-ty
[2025-04-25T14:55:54.771+0000] {SaveLinkBatdongsan.py:230} INFO - Retrying (1/5): https://batdongsan.com.vn/nha-dat-ban/p15?gtn=7-ty&gcn=30-ty
[2025-04-25T14:55:54.771+0000] {SaveLinkBatdongsan.py:230} INFO - Retrying (1/5): https://batdongsan.com.vn/nha-dat-ban/p35?gtn=7-ty&gcn=30-ty
[2025-04-25T14:56:08.907+0000] {SaveLinkBatdongsan.py:248} WARNING - No links found.
[2025-04-25T14:56:11.145+0000] {SaveLinkBatdongsan.py:230} INFO - Retrying (2/5): https://batdongsan.com.vn/nha-dat-ban/p15?gtn=7-ty&gcn=30-ty
[2025-04-25T14:56:12.484+0000] {SaveLinkBatdongsan.py:239} INFO - ✅ Success on attempt 1: Found 20 links.
[2025-04-25T14:56:14.060+0000] {SaveLinkBatdongsan.py:239} INFO - ✅ Success on attempt 1: Found 20 links.
[2025-04-25T14:56:14.404+0000] {SaveLinkBatdongsan.py:239} INFO - ✅ Success on attempt 1: Found 20 links.
[2025-04-25T14:56:23.954+0000] {SaveLinkBatdongsan.py:239} INFO - ✅ Success on attempt 2: Found 20 links.
[2025-04-25T14:56:24.054+0000] {SaveLinkBatdongsan.py:284} INFO - Retry complete. 0 failed pages remaining in /opt/***/data/batdongsan_error_links.txt.
[2025-04-25T14:56:24.424+0000] {SaveLinkBatdongsan.py:125} INFO - Saved 63794 links to /opt/***/data/batdongsan_links.txt
[2025-04-25T14:56:24.425+0000] {SaveLinkBatdongsan.py:292} INFO - Scraping process completed.
[2025-04-25T14:56:24.426+0000] {batdongsan_scraping_dag.py:51} INFO - Successfully completed save_links_task
[2025-04-25T14:56:24.438+0000] {python.py:240} INFO - Done. Returned value was: None
[2025-04-25T14:56:24.455+0000] {taskinstance.py:341} INFO - ::group::Post task execution logs
[2025-04-25T14:56:24.456+0000] {taskinstance.py:353} INFO - Marking task as SUCCESS. dag_id=batdongsan_scraping, task_id=save_links, run_id=scheduled__2025-04-24T00:00:00+00:00, execution_date=20250424T000000, start_date=20250425T144826, end_date=20250425T145624
[2025-04-25T14:56:24.568+0000] {local_task_job_runner.py:266} INFO - Task exited with return code 0
[2025-04-25T14:56:24.622+0000] {taskinstance.py:3901} INFO - 1 downstream tasks scheduled from follow-on schedule check
[2025-04-25T14:56:24.626+0000] {local_task_job_runner.py:245} INFO - ::endgroup::
