[2025-04-20T14:38:55.298+0000] {local_task_job_runner.py:123} INFO - ::group::Pre task execution logs
[2025-04-20T14:38:55.348+0000] {taskinstance.py:2614} INFO - Dependencies all met for dep_context=non-requeueable deps ti=<TaskInstance: batdongsan_scraping.save_links scheduled__2025-04-16T00:00:00+00:00 [queued]>
[2025-04-20T14:38:55.367+0000] {taskinstance.py:2614} INFO - Dependencies all met for dep_context=requeueable deps ti=<TaskInstance: batdongsan_scraping.save_links scheduled__2025-04-16T00:00:00+00:00 [queued]>
[2025-04-20T14:38:55.367+0000] {taskinstance.py:2867} INFO - Starting attempt 2 of 3
[2025-04-20T14:38:55.387+0000] {taskinstance.py:2890} INFO - Executing <Task(PythonOperator): save_links> on 2025-04-16 00:00:00+00:00
[2025-04-20T14:38:55.396+0000] {logging_mixin.py:190} WARNING - /home/***/.local/lib/python3.12/site-packages/***/task/task_runner/standard_task_runner.py:70 DeprecationWarning: This process (pid=180) is multi-threaded, use of fork() may lead to deadlocks in the child.
[2025-04-20T14:38:55.394+0000] {standard_task_runner.py:104} INFO - Running: ['***', 'tasks', 'run', 'batdongsan_scraping', 'save_links', 'scheduled__2025-04-16T00:00:00+00:00', '--job-id', '73', '--raw', '--subdir', 'DAGS_FOLDER/batdongsan_scraping_dag.py', '--cfg-path', '/tmp/tmpoqaogvx0']
[2025-04-20T14:38:55.399+0000] {standard_task_runner.py:105} INFO - Job 73: Subtask save_links
[2025-04-20T14:38:55.398+0000] {standard_task_runner.py:72} INFO - Started process 200 to run task
[2025-04-20T14:38:55.452+0000] {task_command.py:467} INFO - Running <TaskInstance: batdongsan_scraping.save_links scheduled__2025-04-16T00:00:00+00:00 [running]> on host 932270897c9d
[2025-04-20T14:38:55.545+0000] {taskinstance.py:3134} INFO - Exporting env vars: AIRFLOW_CTX_DAG_OWNER='***' AIRFLOW_CTX_DAG_ID='batdongsan_scraping' AIRFLOW_CTX_TASK_ID='save_links' AIRFLOW_CTX_EXECUTION_DATE='2025-04-16T00:00:00+00:00' AIRFLOW_CTX_TRY_NUMBER='2' AIRFLOW_CTX_DAG_RUN_ID='scheduled__2025-04-16T00:00:00+00:00'
[2025-04-20T14:38:55.548+0000] {taskinstance.py:732} INFO - ::endgroup::
[2025-04-20T14:38:55.679+0000] {SaveLinkBatdongsan.py:118} INFO - Loaded 62073 existing links
[2025-04-20T14:38:59.750+0000] {SaveLinkBatdongsan.py:135} INFO - Scraping page 3: https://batdongsan.com.vn/nha-dat-ban/p3?gtn=7-ty&gcn=30-ty
[2025-04-20T14:38:59.768+0000] {SaveLinkBatdongsan.py:135} INFO - Scraping page 1: https://batdongsan.com.vn/nha-dat-ban/p1?gtn=7-ty&gcn=30-ty
[2025-04-20T14:38:59.853+0000] {SaveLinkBatdongsan.py:135} INFO - Scraping page 5: https://batdongsan.com.vn/nha-dat-ban/p5?gtn=7-ty&gcn=30-ty
[2025-04-20T14:38:59.962+0000] {SaveLinkBatdongsan.py:135} INFO - Scraping page 4: https://batdongsan.com.vn/nha-dat-ban/p4?gtn=7-ty&gcn=30-ty
[2025-04-20T14:39:00.220+0000] {SaveLinkBatdongsan.py:135} INFO - Scraping page 2: https://batdongsan.com.vn/nha-dat-ban/p2?gtn=7-ty&gcn=30-ty
[2025-04-20T14:39:24.175+0000] {SaveLinkBatdongsan.py:141} INFO - Found 20 links on page 3
[2025-04-20T14:39:32.180+0000] {SaveLinkBatdongsan.py:135} INFO - Scraping page 6: https://batdongsan.com.vn/nha-dat-ban/p6?gtn=7-ty&gcn=30-ty
[2025-04-20T14:39:32.736+0000] {SaveLinkBatdongsan.py:141} INFO - Found 20 links on page 2
[2025-04-20T14:39:34.563+0000] {SaveLinkBatdongsan.py:141} INFO - Found 20 links on page 5
[2025-04-20T14:39:35.431+0000] {SaveLinkBatdongsan.py:141} INFO - Found 20 links on page 4
[2025-04-20T14:39:39.380+0000] {SaveLinkBatdongsan.py:135} INFO - Scraping page 9: https://batdongsan.com.vn/nha-dat-ban/p9?gtn=7-ty&gcn=30-ty
[2025-04-20T14:39:39.750+0000] {SaveLinkBatdongsan.py:135} INFO - Scraping page 7: https://batdongsan.com.vn/nha-dat-ban/p7?gtn=7-ty&gcn=30-ty
[2025-04-20T14:39:40.487+0000] {SaveLinkBatdongsan.py:135} INFO - Scraping page 8: https://batdongsan.com.vn/nha-dat-ban/p8?gtn=7-ty&gcn=30-ty
[2025-04-20T14:39:45.131+0000] {SaveLinkBatdongsan.py:141} INFO - Found 20 links on page 1
[2025-04-20T14:39:48.707+0000] {SaveLinkBatdongsan.py:135} INFO - Scraping page 10: https://batdongsan.com.vn/nha-dat-ban/p10?gtn=7-ty&gcn=30-ty
[2025-04-20T14:40:02.385+0000] {SaveLinkBatdongsan.py:141} INFO - Found 20 links on page 6
[2025-04-20T14:40:08.209+0000] {SaveLinkBatdongsan.py:135} INFO - Scraping page 11: https://batdongsan.com.vn/nha-dat-ban/p11?gtn=7-ty&gcn=30-ty
[2025-04-20T14:40:09.827+0000] {SaveLinkBatdongsan.py:141} INFO - Found 20 links on page 9
[2025-04-20T14:40:28.333+0000] {SaveLinkBatdongsan.py:135} INFO - Scraping page 12: https://batdongsan.com.vn/nha-dat-ban/p12?gtn=7-ty&gcn=30-ty
[2025-04-20T14:40:28.532+0000] {SaveLinkBatdongsan.py:141} INFO - Found 20 links on page 8
[2025-04-20T14:40:29.274+0000] {SaveLinkBatdongsan.py:141} INFO - Found 20 links on page 7
[2025-04-20T14:40:36.176+0000] {SaveLinkBatdongsan.py:141} INFO - Found 20 links on page 10
[2025-04-20T14:40:37.537+0000] {SaveLinkBatdongsan.py:135} INFO - Scraping page 13: https://batdongsan.com.vn/nha-dat-ban/p13?gtn=7-ty&gcn=30-ty
[2025-04-20T14:40:38.148+0000] {SaveLinkBatdongsan.py:135} INFO - Scraping page 14: https://batdongsan.com.vn/nha-dat-ban/p14?gtn=7-ty&gcn=30-ty
[2025-04-20T14:40:42.676+0000] {SaveLinkBatdongsan.py:135} INFO - Scraping page 15: https://batdongsan.com.vn/nha-dat-ban/p15?gtn=7-ty&gcn=30-ty
[2025-04-20T14:40:46.010+0000] {SaveLinkBatdongsan.py:125} INFO - Saved 62158 links to /opt/***/data/batdongsan_links.txt
[2025-04-20T14:40:46.036+0000] {SaveLinkBatdongsan.py:195} INFO - Progress saved at 10/100 pages
[2025-04-20T14:41:30.110+0000] {SaveLinkBatdongsan.py:141} INFO - Found 20 links on page 11
[2025-04-20T14:41:31.151+0000] {SaveLinkBatdongsan.py:141} INFO - Found 0 links on page 15
[2025-04-20T14:41:31.175+0000] {SaveLinkBatdongsan.py:147} WARNING - No links found on page 15, added to error file
[2025-04-20T14:41:33.114+0000] {SaveLinkBatdongsan.py:141} INFO - Found 20 links on page 12
[2025-04-20T14:41:37.416+0000] {SaveLinkBatdongsan.py:135} INFO - Scraping page 16: https://batdongsan.com.vn/nha-dat-ban/p16?gtn=7-ty&gcn=30-ty
[2025-04-20T14:41:37.991+0000] {SaveLinkBatdongsan.py:135} INFO - Scraping page 17: https://batdongsan.com.vn/nha-dat-ban/p17?gtn=7-ty&gcn=30-ty
[2025-04-20T14:41:40.109+0000] {SaveLinkBatdongsan.py:135} INFO - Scraping page 18: https://batdongsan.com.vn/nha-dat-ban/p18?gtn=7-ty&gcn=30-ty
[2025-04-20T14:42:05.631+0000] {SaveLinkBatdongsan.py:141} INFO - Found 20 links on page 13
[2025-04-20T14:42:05.852+0000] {SaveLinkBatdongsan.py:141} INFO - Found 20 links on page 14
[2025-04-20T14:42:11.891+0000] {SaveLinkBatdongsan.py:135} INFO - Scraping page 19: https://batdongsan.com.vn/nha-dat-ban/p19?gtn=7-ty&gcn=30-ty
[2025-04-20T14:42:12.162+0000] {SaveLinkBatdongsan.py:135} INFO - Scraping page 20: https://batdongsan.com.vn/nha-dat-ban/p20?gtn=7-ty&gcn=30-ty
[2025-04-20T14:42:45.475+0000] {SaveLinkBatdongsan.py:141} INFO - Found 20 links on page 17
[2025-04-20T14:42:58.746+0000] {SaveLinkBatdongsan.py:141} INFO - Found 20 links on page 18
[2025-04-20T14:43:07.511+0000] {SaveLinkBatdongsan.py:135} INFO - Scraping page 21: https://batdongsan.com.vn/nha-dat-ban/p21?gtn=7-ty&gcn=30-ty
[2025-04-20T14:43:17.206+0000] {SaveLinkBatdongsan.py:135} INFO - Scraping page 22: https://batdongsan.com.vn/nha-dat-ban/p22?gtn=7-ty&gcn=30-ty
[2025-04-20T14:43:25.409+0000] {SaveLinkBatdongsan.py:141} INFO - Found 20 links on page 16
[2025-04-20T14:43:36.648+0000] {SaveLinkBatdongsan.py:135} INFO - Scraping page 23: https://batdongsan.com.vn/nha-dat-ban/p23?gtn=7-ty&gcn=30-ty
[2025-04-20T14:44:58.896+0000] {SaveLinkBatdongsan.py:141} INFO - Found 20 links on page 19
[2025-04-20T14:45:02.283+0000] {SaveLinkBatdongsan.py:141} INFO - Found 20 links on page 20
[2025-04-20T14:45:16.280+0000] {job.py:229} INFO - Heartbeat recovered after 13.92 seconds
[2025-04-20T14:45:16.647+0000] {SaveLinkBatdongsan.py:125} INFO - Saved 62229 links to /opt/***/data/batdongsan_links.txt
[2025-04-20T14:45:16.678+0000] {SaveLinkBatdongsan.py:195} INFO - Progress saved at 20/100 pages
[2025-04-20T14:45:18.847+0000] {SaveLinkBatdongsan.py:135} INFO - Scraping page 24: https://batdongsan.com.vn/nha-dat-ban/p24?gtn=7-ty&gcn=30-ty
[2025-04-20T14:45:26.042+0000] {SaveLinkBatdongsan.py:135} INFO - Scraping page 25: https://batdongsan.com.vn/nha-dat-ban/p25?gtn=7-ty&gcn=30-ty
[2025-04-20T14:45:59.501+0000] {SaveLinkBatdongsan.py:141} INFO - Found 20 links on page 21
[2025-04-20T14:46:13.007+0000] {SaveLinkBatdongsan.py:135} INFO - Scraping page 26: https://batdongsan.com.vn/nha-dat-ban/p26?gtn=7-ty&gcn=30-ty
[2025-04-20T14:46:23.672+0000] {SaveLinkBatdongsan.py:141} INFO - Found 20 links on page 23
[2025-04-20T14:46:25.440+0000] {SaveLinkBatdongsan.py:141} INFO - Found 20 links on page 22
[2025-04-20T14:46:32.777+0000] {SaveLinkBatdongsan.py:135} INFO - Scraping page 27: https://batdongsan.com.vn/nha-dat-ban/p27?gtn=7-ty&gcn=30-ty
[2025-04-20T14:46:34.438+0000] {SaveLinkBatdongsan.py:135} INFO - Scraping page 28: https://batdongsan.com.vn/nha-dat-ban/p28?gtn=7-ty&gcn=30-ty
[2025-04-20T14:47:18.011+0000] {SaveLinkBatdongsan.py:141} INFO - Found 20 links on page 25
[2025-04-20T14:47:40.720+0000] {SaveLinkBatdongsan.py:135} INFO - Scraping page 29: https://batdongsan.com.vn/nha-dat-ban/p29?gtn=7-ty&gcn=30-ty
[2025-04-20T14:47:41.190+0000] {SaveLinkBatdongsan.py:141} INFO - Found 20 links on page 24
[2025-04-20T14:47:52.858+0000] {SaveLinkBatdongsan.py:135} INFO - Scraping page 30: https://batdongsan.com.vn/nha-dat-ban/p30?gtn=7-ty&gcn=30-ty
[2025-04-20T14:47:57.376+0000] {SaveLinkBatdongsan.py:141} INFO - Found 20 links on page 26
[2025-04-20T14:48:09.680+0000] {SaveLinkBatdongsan.py:135} INFO - Scraping page 31: https://batdongsan.com.vn/nha-dat-ban/p31?gtn=7-ty&gcn=30-ty
[2025-04-20T14:48:17.590+0000] {SaveLinkBatdongsan.py:141} INFO - Found 20 links on page 27
[2025-04-20T14:48:29.559+0000] {SaveLinkBatdongsan.py:141} INFO - Found 20 links on page 28
[2025-04-20T14:48:31.675+0000] {SaveLinkBatdongsan.py:135} INFO - Scraping page 32: https://batdongsan.com.vn/nha-dat-ban/p32?gtn=7-ty&gcn=30-ty
[2025-04-20T14:48:43.231+0000] {SaveLinkBatdongsan.py:135} INFO - Scraping page 33: https://batdongsan.com.vn/nha-dat-ban/p33?gtn=7-ty&gcn=30-ty
[2025-04-20T14:50:04.094+0000] {SaveLinkBatdongsan.py:141} INFO - Found 20 links on page 31
[2025-04-20T14:50:04.119+0000] {SaveLinkBatdongsan.py:141} INFO - Found 20 links on page 29
[2025-04-20T14:50:04.400+0000] {SaveLinkBatdongsan.py:141} INFO - Found 20 links on page 30
[2025-04-20T14:50:09.176+0000] {SaveLinkBatdongsan.py:125} INFO - Saved 62308 links to /opt/***/data/batdongsan_links.txt
[2025-04-20T14:50:09.246+0000] {SaveLinkBatdongsan.py:195} INFO - Progress saved at 30/100 pages
[2025-04-20T14:50:14.477+0000] {SaveLinkBatdongsan.py:135} INFO - Scraping page 36: https://batdongsan.com.vn/nha-dat-ban/p36?gtn=7-ty&gcn=30-ty
[2025-04-20T14:50:15.152+0000] {SaveLinkBatdongsan.py:135} INFO - Scraping page 34: https://batdongsan.com.vn/nha-dat-ban/p34?gtn=7-ty&gcn=30-ty
[2025-04-20T14:50:15.991+0000] {SaveLinkBatdongsan.py:135} INFO - Scraping page 35: https://batdongsan.com.vn/nha-dat-ban/p35?gtn=7-ty&gcn=30-ty
[2025-04-20T14:50:38.773+0000] {SaveLinkBatdongsan.py:141} INFO - Found 20 links on page 32
[2025-04-20T14:50:41.035+0000] {SaveLinkBatdongsan.py:141} INFO - Found 20 links on page 33
[2025-04-20T14:50:46.237+0000] {SaveLinkBatdongsan.py:135} INFO - Scraping page 37: https://batdongsan.com.vn/nha-dat-ban/p37?gtn=7-ty&gcn=30-ty
[2025-04-20T14:50:49.788+0000] {SaveLinkBatdongsan.py:135} INFO - Scraping page 38: https://batdongsan.com.vn/nha-dat-ban/p38?gtn=7-ty&gcn=30-ty
[2025-04-20T14:51:17.286+0000] {SaveLinkBatdongsan.py:141} INFO - Found 20 links on page 36
[2025-04-20T14:51:26.810+0000] {SaveLinkBatdongsan.py:135} INFO - Scraping page 39: https://batdongsan.com.vn/nha-dat-ban/p39?gtn=7-ty&gcn=30-ty
[2025-04-20T14:51:46.195+0000] {SaveLinkBatdongsan.py:141} INFO - Found 20 links on page 35
[2025-04-20T14:51:51.845+0000] {SaveLinkBatdongsan.py:141} INFO - Found 20 links on page 34
[2025-04-20T14:51:54.994+0000] {SaveLinkBatdongsan.py:135} INFO - Scraping page 40: https://batdongsan.com.vn/nha-dat-ban/p40?gtn=7-ty&gcn=30-ty
[2025-04-20T14:51:59.430+0000] {SaveLinkBatdongsan.py:135} INFO - Scraping page 41: https://batdongsan.com.vn/nha-dat-ban/p41?gtn=7-ty&gcn=30-ty
[2025-04-20T14:52:14.664+0000] {SaveLinkBatdongsan.py:141} INFO - Found 20 links on page 38
[2025-04-20T14:52:20.589+0000] {SaveLinkBatdongsan.py:141} INFO - Found 20 links on page 37
[2025-04-20T14:52:24.739+0000] {SaveLinkBatdongsan.py:135} INFO - Scraping page 42: https://batdongsan.com.vn/nha-dat-ban/p42?gtn=7-ty&gcn=30-ty
[2025-04-20T14:52:47.661+0000] {SaveLinkBatdongsan.py:135} INFO - Scraping page 43: https://batdongsan.com.vn/nha-dat-ban/p43?gtn=7-ty&gcn=30-ty
[2025-04-20T14:52:47.801+0000] {SaveLinkBatdongsan.py:141} INFO - Found 20 links on page 39
[2025-04-20T14:52:59.591+0000] {SaveLinkBatdongsan.py:135} INFO - Scraping page 44: https://batdongsan.com.vn/nha-dat-ban/p44?gtn=7-ty&gcn=30-ty
[2025-04-20T14:53:39.002+0000] {SaveLinkBatdongsan.py:141} INFO - Found 20 links on page 41
[2025-04-20T14:53:47.363+0000] {SaveLinkBatdongsan.py:141} INFO - Found 20 links on page 42
[2025-04-20T14:53:47.391+0000] {SaveLinkBatdongsan.py:198} ERROR - Error processing page 41: Set changed size during iteration
[2025-04-20T14:53:51.616+0000] {SaveLinkBatdongsan.py:135} INFO - Scraping page 45: https://batdongsan.com.vn/nha-dat-ban/p45?gtn=7-ty&gcn=30-ty
[2025-04-20T14:53:57.269+0000] {SaveLinkBatdongsan.py:135} INFO - Scraping page 46: https://batdongsan.com.vn/nha-dat-ban/p46?gtn=7-ty&gcn=30-ty
[2025-04-20T14:53:57.631+0000] {SaveLinkBatdongsan.py:141} INFO - Found 20 links on page 40
[2025-04-20T14:54:06.111+0000] {SaveLinkBatdongsan.py:135} INFO - Scraping page 47: https://batdongsan.com.vn/nha-dat-ban/p47?gtn=7-ty&gcn=30-ty
[2025-04-20T14:54:13.623+0000] {SaveLinkBatdongsan.py:141} INFO - Found 20 links on page 43
[2025-04-20T14:54:22.620+0000] {SaveLinkBatdongsan.py:135} INFO - Scraping page 48: https://batdongsan.com.vn/nha-dat-ban/p48?gtn=7-ty&gcn=30-ty
[2025-04-20T14:54:39.257+0000] {SaveLinkBatdongsan.py:141} INFO - Found 20 links on page 44
[2025-04-20T14:54:53.135+0000] {SaveLinkBatdongsan.py:135} INFO - Scraping page 49: https://batdongsan.com.vn/nha-dat-ban/p49?gtn=7-ty&gcn=30-ty
[2025-04-20T14:55:23.616+0000] {SaveLinkBatdongsan.py:141} INFO - Found 20 links on page 45
[2025-04-20T14:55:42.874+0000] {SaveLinkBatdongsan.py:135} INFO - Scraping page 50: https://batdongsan.com.vn/nha-dat-ban/p50?gtn=7-ty&gcn=30-ty
[2025-04-20T14:55:43.788+0000] {SaveLinkBatdongsan.py:141} INFO - Found 20 links on page 47
[2025-04-20T14:55:49.609+0000] {SaveLinkBatdongsan.py:141} INFO - Found 20 links on page 46
[2025-04-20T14:55:57.558+0000] {SaveLinkBatdongsan.py:135} INFO - Scraping page 51: https://batdongsan.com.vn/nha-dat-ban/p51?gtn=7-ty&gcn=30-ty
[2025-04-20T14:55:58.037+0000] {SaveLinkBatdongsan.py:135} INFO - Scraping page 52: https://batdongsan.com.vn/nha-dat-ban/p52?gtn=7-ty&gcn=30-ty
[2025-04-20T14:56:00.232+0000] {SaveLinkBatdongsan.py:141} INFO - Found 20 links on page 48
[2025-04-20T14:56:13.229+0000] {SaveLinkBatdongsan.py:135} INFO - Scraping page 53: https://batdongsan.com.vn/nha-dat-ban/p53?gtn=7-ty&gcn=30-ty
[2025-04-20T14:56:32.618+0000] {SaveLinkBatdongsan.py:141} INFO - Found 20 links on page 49
[2025-04-20T14:56:42.866+0000] {SaveLinkBatdongsan.py:135} INFO - Scraping page 54: https://batdongsan.com.vn/nha-dat-ban/p54?gtn=7-ty&gcn=30-ty
[2025-04-20T14:57:05.398+0000] {SaveLinkBatdongsan.py:141} INFO - Found 20 links on page 50
[2025-04-20T14:57:13.154+0000] {SaveLinkBatdongsan.py:125} INFO - Saved 62526 links to /opt/***/data/batdongsan_links.txt
[2025-04-20T14:57:13.369+0000] {SaveLinkBatdongsan.py:195} INFO - Progress saved at 50/100 pages
[2025-04-20T14:57:17.215+0000] {SaveLinkBatdongsan.py:135} INFO - Scraping page 55: https://batdongsan.com.vn/nha-dat-ban/p55?gtn=7-ty&gcn=30-ty
[2025-04-20T14:57:28.388+0000] {SaveLinkBatdongsan.py:141} INFO - Found 20 links on page 51
[2025-04-20T14:57:46.929+0000] {SaveLinkBatdongsan.py:135} INFO - Scraping page 56: https://batdongsan.com.vn/nha-dat-ban/p56?gtn=7-ty&gcn=30-ty
[2025-04-20T14:57:57.903+0000] {SaveLinkBatdongsan.py:141} INFO - Found 20 links on page 52
[2025-04-20T14:58:15.162+0000] {SaveLinkBatdongsan.py:135} INFO - Scraping page 57: https://batdongsan.com.vn/nha-dat-ban/p57?gtn=7-ty&gcn=30-ty
[2025-04-20T14:58:43.119+0000] {SaveLinkBatdongsan.py:141} INFO - Found 20 links on page 53
[2025-04-20T14:59:06.110+0000] {SaveLinkBatdongsan.py:135} INFO - Scraping page 58: https://batdongsan.com.vn/nha-dat-ban/p58?gtn=7-ty&gcn=30-ty
[2025-04-20T14:59:16.795+0000] {local_task_job_runner.py:127} ERROR - Received SIGTERM. Terminating subprocesses
[2025-04-20T14:59:19.502+0000] {process_utils.py:132} INFO - Sending 15 to group 200. PIDs of all processes in the group: [32200, 32822, 33506, 34274, 34812, 34818, 34839, 34840, 34909, 34911, 35055, 35149, 34907, 34312, 34375, 34403, 34445, 34463, 34505, 34535, 34997, 34444, 33543, 33618, 33622, 33674, 33695, 33825, 34035, 34563, 33668, 32828, 32888, 32889, 32917, 32919, 32972, 33036, 33949, 32916, 32211, 32237, 32238, 32293, 35228, 32312, 32361, 32378, 32734, 34838, 35284, 32292, 200]
[2025-04-20T14:59:19.574+0000] {process_utils.py:87} INFO - Sending the signal 15 to group 200
[2025-04-20T14:59:19.731+0000] {SaveLinkBatdongsan.py:105} WARNING - Attempt 1 failed: ('Connection aborted.', RemoteDisconnected('Remote end closed connection without response'))
[2025-04-20T14:59:19.946+0000] {SaveLinkBatdongsan.py:105} WARNING - Attempt 1 failed: ('Connection aborted.', RemoteDisconnected('Remote end closed connection without response'))
[2025-04-20T14:59:20.237+0000] {SaveLinkBatdongsan.py:105} WARNING - Attempt 1 failed: ('Connection aborted.', RemoteDisconnected('Remote end closed connection without response'))
[2025-04-20T14:59:20.385+0000] {process_utils.py:80} INFO - Process psutil.Process(pid=35284, status='terminated', started='14:59:13') (35284) terminated with exit code None
[2025-04-20T14:59:20.222+0000] {taskinstance.py:3094} ERROR - Received SIGTERM. Terminating subprocesses.
[2025-04-20T14:59:20.613+0000] {process_utils.py:80} INFO - Process psutil.Process(pid=32378, status='terminated', started='14:56:44') (32378) terminated with exit code None
[2025-04-20T14:59:20.744+0000] {process_utils.py:80} INFO - Process psutil.Process(pid=34444, status='terminated', started='14:58:09') (34444) terminated with exit code None
[2025-04-20T14:59:20.781+0000] {process_utils.py:80} INFO - Process psutil.Process(pid=32734, status='terminated', started='14:57:03') (32734) terminated with exit code None
[2025-04-20T14:59:20.907+0000] {process_utils.py:80} INFO - Process psutil.Process(pid=33668, status='terminated', started='14:57:34') (33668) terminated with exit code None
[2025-04-20T14:59:20.908+0000] {process_utils.py:80} INFO - Process psutil.Process(pid=34035, status='terminated', started='14:57:47') (34035) terminated with exit code None
[2025-04-20T14:59:20.879+0000] {SaveLinkBatdongsan.py:105} WARNING - Attempt 1 failed: ('Connection aborted.', RemoteDisconnected('Remote end closed connection without response'))
[2025-04-20T14:59:20.967+0000] {process_utils.py:80} INFO - Process psutil.Process(pid=34838, status='terminated', started='14:58:48') (34838) terminated with exit code None
[2025-04-20T14:59:21.137+0000] {process_utils.py:80} INFO - Process psutil.Process(pid=34535, status='terminated', started='14:58:15') (34535) terminated with exit code None
[2025-04-20T14:59:21.229+0000] {process_utils.py:80} INFO - Process psutil.Process(pid=33695, status='terminated', started='14:57:34') (33695) terminated with exit code None
[2025-04-20T14:59:21.236+0000] {process_utils.py:80} INFO - Process psutil.Process(pid=34463, status='terminated', started='14:58:09') (34463) terminated with exit code None
[2025-04-20T14:59:20.700+0000] {connectionpool.py:868} WARNING - Retrying (Retry(total=2, connect=None, read=None, redirect=None, status=None)) after connection broken by 'RemoteDisconnected('Remote end closed connection without response')': /session/7ef412fd330700abae57f258a1b84289/source
[2025-04-20T14:59:21.300+0000] {process_utils.py:80} INFO - Process psutil.Process(pid=32312, status='terminated', started='14:56:40') (32312) terminated with exit code None
[2025-04-20T14:59:21.302+0000] {process_utils.py:80} INFO - Process psutil.Process(pid=34563, status='terminated', started='14:58:17') (34563) terminated with exit code None
[2025-04-20T14:59:21.304+0000] {process_utils.py:80} INFO - Process psutil.Process(pid=33949, status='terminated', started='14:57:46') (33949) terminated with exit code None
[2025-04-20T14:59:21.335+0000] {process_utils.py:80} INFO - Process psutil.Process(pid=33618, status='terminated', started='14:57:32') (33618) terminated with exit code None
[2025-04-20T14:59:21.337+0000] {process_utils.py:80} INFO - Process psutil.Process(pid=34505, status='terminated', started='14:58:13') (34505) terminated with exit code None
[2025-04-20T14:59:21.339+0000] {process_utils.py:80} INFO - Process psutil.Process(pid=33825, status='terminated', started='14:57:38') (33825) terminated with exit code None
[2025-04-20T14:59:21.398+0000] {process_utils.py:80} INFO - Process psutil.Process(pid=34911, status='terminated', started='14:58:50') (34911) terminated with exit code None
[2025-04-20T14:59:21.400+0000] {process_utils.py:80} INFO - Process psutil.Process(pid=33622, status='terminated', started='14:57:32') (33622) terminated with exit code None
[2025-04-20T14:59:21.403+0000] {process_utils.py:80} INFO - Process psutil.Process(pid=35149, status='terminated', started='14:59:06') (35149) terminated with exit code None
[2025-04-20T14:59:21.428+0000] {process_utils.py:80} INFO - Process psutil.Process(pid=32361, status='terminated', started='14:56:43') (32361) terminated with exit code None
[2025-04-20T14:59:21.432+0000] {process_utils.py:80} INFO - Process psutil.Process(pid=33543, status='terminated', started='14:57:30') (33543) terminated with exit code None
[2025-04-20T14:59:21.398+0000] {connectionpool.py:868} WARNING - Retrying (Retry(total=1, connect=None, read=None, redirect=None, status=None)) after connection broken by 'NewConnectionError('<urllib3.connection.HTTPConnection object at 0xffff97f2b890>: Failed to establish a new connection: [Errno 111] Connection refused')': /session/7ef412fd330700abae57f258a1b84289/source
[2025-04-20T14:59:21.453+0000] {connectionpool.py:868} WARNING - Retrying (Retry(total=0, connect=None, read=None, redirect=None, status=None)) after connection broken by 'NewConnectionError('<urllib3.connection.HTTPConnection object at 0xffff97f280e0>: Failed to establish a new connection: [Errno 111] Connection refused')': /session/7ef412fd330700abae57f258a1b84289/source
[2025-04-20T14:59:21.471+0000] {SaveLinkBatdongsan.py:105} WARNING - Attempt 1 failed: HTTPConnectionPool(host='localhost', port=33167): Max retries exceeded with url: /session/7ef412fd330700abae57f258a1b84289/source (Caused by NewConnectionError('<urllib3.connection.HTTPConnection object at 0xffff982bcfe0>: Failed to establish a new connection: [Errno 111] Connection refused'))
[2025-04-20T14:59:21.530+0000] {process_utils.py:80} INFO - Process psutil.Process(pid=35055, status='terminated', started='14:58:58') (35055) terminated with exit code None
[2025-04-20T14:59:21.532+0000] {process_utils.py:80} INFO - Process psutil.Process(pid=34907, status='terminated', started='14:58:50') (34907) terminated with exit code None
[2025-04-20T14:59:21.534+0000] {process_utils.py:80} INFO - Process psutil.Process(pid=32888, status='terminated', started='14:57:10') (32888) terminated with exit code None
[2025-04-20T14:59:21.500+0000] {taskinstance.py:3095} ERROR - Stacktrace: 
  File "/home/***/.local/bin/***", line 8, in <module>
    sys.exit(main())
  File "/home/***/.local/lib/python3.12/site-packages/***/__main__.py", line 62, in main
    args.func(args)
  File "/home/***/.local/lib/python3.12/site-packages/***/cli/cli_config.py", line 49, in command
    return func(*args, **kwargs)
  File "/home/***/.local/lib/python3.12/site-packages/***/utils/cli.py", line 116, in wrapper
    return f(*args, **kwargs)
  File "/home/***/.local/lib/python3.12/site-packages/***/utils/providers_configuration_loader.py", line 55, in wrapped_function
    return func(*args, **kwargs)
  File "/home/***/.local/lib/python3.12/site-packages/***/cli/commands/scheduler_command.py", line 56, in scheduler
    run_command_with_daemon_option(
  File "/home/***/.local/lib/python3.12/site-packages/***/cli/commands/daemon_utils.py", line 86, in run_command_with_daemon_option
    callback()
  File "/home/***/.local/lib/python3.12/site-packages/***/cli/commands/scheduler_command.py", line 59, in <lambda>
    callback=lambda: _run_scheduler_job(args),
  File "/home/***/.local/lib/python3.12/site-packages/***/cli/commands/scheduler_command.py", line 47, in _run_scheduler_job
    run_job(job=job_runner.job, execute_callable=job_runner._execute)
  File "/home/***/.local/lib/python3.12/site-packages/***/utils/session.py", line 97, in wrapper
    return func(*args, session=session, **kwargs)
  File "/home/***/.local/lib/python3.12/site-packages/***/jobs/job.py", line 421, in run_job
    return execute_job(job, execute_callable=execute_callable)
  File "/home/***/.local/lib/python3.12/site-packages/***/jobs/job.py", line 450, in execute_job
    ret = execute_callable()
  File "/home/***/.local/lib/python3.12/site-packages/***/jobs/scheduler_job_runner.py", line 990, in _execute
    executor.start()
  File "/home/***/.local/lib/python3.12/site-packages/***/executors/local_executor.py", line 392, in start
    self.impl.start()
  File "/home/***/.local/lib/python3.12/site-packages/***/executors/local_executor.py", line 330, in start
    worker.start()
  File "/usr/local/lib/python3.12/multiprocessing/process.py", line 121, in start
    self._popen = self._Popen(self)
  File "/usr/local/lib/python3.12/multiprocessing/context.py", line 224, in _Popen
    return _default_context.get_context().Process._Popen(process_obj)
  File "/usr/local/lib/python3.12/multiprocessing/context.py", line 282, in _Popen
    return Popen(process_obj)
  File "/usr/local/lib/python3.12/multiprocessing/popen_fork.py", line 19, in __init__
    self._launch(process_obj)
  File "/usr/local/lib/python3.12/multiprocessing/popen_fork.py", line 71, in _launch
    code = process_obj._bootstrap(parent_sentinel=child_r)
  File "/usr/local/lib/python3.12/multiprocessing/process.py", line 314, in _bootstrap
    self.run()
  File "/home/***/.local/lib/python3.12/site-packages/***/executors/local_executor.py", line 80, in run
    return super().run()
  File "/usr/local/lib/python3.12/multiprocessing/process.py", line 108, in run
    self._target(*self._args, **self._kwargs)
  File "/home/***/.local/lib/python3.12/site-packages/***/traces/tracer.py", line 58, in wrapper
    return func(*args, **kwargs)
  File "/home/***/.local/lib/python3.12/site-packages/***/executors/local_executor.py", line 211, in do_work
    self.execute_work(key=key, command=command)
  File "/home/***/.local/lib/python3.12/site-packages/***/traces/tracer.py", line 58, in wrapper
    return func(*args, **kwargs)
  File "/home/***/.local/lib/python3.12/site-packages/***/executors/local_executor.py", line 100, in execute_work
    state = self._execute_work_in_fork(command)
  File "/home/***/.local/lib/python3.12/site-packages/***/traces/tracer.py", line 58, in wrapper
    return func(*args, **kwargs)
  File "/home/***/.local/lib/python3.12/site-packages/***/executors/local_executor.py", line 142, in _execute_work_in_fork
    args.func(args)
  File "/home/***/.local/lib/python3.12/site-packages/***/cli/cli_config.py", line 49, in command
    return func(*args, **kwargs)
  File "/home/***/.local/lib/python3.12/site-packages/***/utils/cli.py", line 116, in wrapper
    return f(*args, **kwargs)
  File "/home/***/.local/lib/python3.12/site-packages/***/cli/commands/task_command.py", line 483, in task_run
    task_return_code = _run_task_by_selected_method(args, _dag, ti)
  File "/home/***/.local/lib/python3.12/site-packages/***/cli/commands/task_command.py", line 254, in _run_task_by_selected_method
    return _run_task_by_local_task_job(args, ti)
  File "/home/***/.local/lib/python3.12/site-packages/***/cli/commands/task_command.py", line 322, in _run_task_by_local_task_job
    ret = run_job(job=job_runner.job, execute_callable=job_runner._execute)
  File "/home/***/.local/lib/python3.12/site-packages/***/utils/session.py", line 97, in wrapper
    return func(*args, session=session, **kwargs)
  File "/home/***/.local/lib/python3.12/site-packages/***/jobs/job.py", line 421, in run_job
    return execute_job(job, execute_callable=execute_callable)
  File "/home/***/.local/lib/python3.12/site-packages/***/jobs/job.py", line 450, in execute_job
    ret = execute_callable()
  File "/home/***/.local/lib/python3.12/site-packages/***/jobs/local_task_job_runner.py", line 171, in _execute
    self.task_runner.start()
  File "/home/***/.local/lib/python3.12/site-packages/***/task/task_runner/standard_task_runner.py", line 55, in start
    self.process = self._start_by_fork()
  File "/home/***/.local/lib/python3.12/site-packages/***/task/task_runner/standard_task_runner.py", line 117, in _start_by_fork
    ret = args.func(args, dag=self.dag)
  File "/home/***/.local/lib/python3.12/site-packages/***/cli/cli_config.py", line 49, in command
    return func(*args, **kwargs)
  File "/home/***/.local/lib/python3.12/site-packages/***/utils/cli.py", line 116, in wrapper
    return f(*args, **kwargs)
  File "/home/***/.local/lib/python3.12/site-packages/***/cli/commands/task_command.py", line 483, in task_run
    task_return_code = _run_task_by_selected_method(args, _dag, ti)
  File "/home/***/.local/lib/python3.12/site-packages/***/cli/commands/task_command.py", line 256, in _run_task_by_selected_method
    return _run_raw_task(args, ti)
  File "/home/***/.local/lib/python3.12/site-packages/***/cli/commands/task_command.py", line 341, in _run_raw_task
    return ti._run_raw_task(
  File "/home/***/.local/lib/python3.12/site-packages/***/utils/session.py", line 97, in wrapper
    return func(*args, session=session, **kwargs)
  File "/home/***/.local/lib/python3.12/site-packages/***/models/taskinstance.py", line 3006, in _run_raw_task
    return _run_raw_task(
  File "/home/***/.local/lib/python3.12/site-packages/***/models/taskinstance.py", line 274, in _run_raw_task
    TaskInstance._execute_task_with_callbacks(
  File "/home/***/.local/lib/python3.12/site-packages/***/models/taskinstance.py", line 3161, in _execute_task_with_callbacks
    result = self._execute_task(context, task_orig)
  File "/home/***/.local/lib/python3.12/site-packages/***/models/taskinstance.py", line 3185, in _execute_task
    return _execute_task(self, context, task_orig)
  File "/home/***/.local/lib/python3.12/site-packages/***/models/taskinstance.py", line 768, in _execute_task
    result = _execute_callable(context=context, **execute_callable_kwargs)
  File "/home/***/.local/lib/python3.12/site-packages/***/models/taskinstance.py", line 734, in _execute_callable
    return ExecutionCallableRunner(
  File "/home/***/.local/lib/python3.12/site-packages/***/utils/operator_helpers.py", line 252, in run
    return self.func(*args, **kwargs)
  File "/home/***/.local/lib/python3.12/site-packages/***/models/baseoperator.py", line 424, in wrapper
    return func(self, *args, **kwargs)
  File "/home/***/.local/lib/python3.12/site-packages/***/operators/python.py", line 238, in execute
    return_value = self.execute_callable()
  File "/home/***/.local/lib/python3.12/site-packages/***/operators/python.py", line 256, in execute_callable
    return runner.run(*self.op_args, **self.op_kwargs)
  File "/home/***/.local/lib/python3.12/site-packages/***/utils/operator_helpers.py", line 252, in run
    return self.func(*args, **kwargs)
  File "/opt/***/dags/batdongsan_scraping_dag.py", line 50, in save_links_task
    scraper.run()
  File "/opt/***/dags/../scripts/SaveLinkBatdongsan.py", line 290, in run
    self.scrape_all_pages()
  File "/opt/***/dags/../scripts/SaveLinkBatdongsan.py", line 186, in scrape_all_pages
    for future in concurrent.futures.as_completed(futures):
  File "/usr/local/lib/python3.12/concurrent/futures/_base.py", line 243, in as_completed
    waiter.event.wait(wait_timeout)
  File "/usr/local/lib/python3.12/threading.py", line 655, in wait
    signaled = self._cond.wait(timeout)
  File "/usr/local/lib/python3.12/threading.py", line 355, in wait
    waiter.acquire()
  File "/home/***/.local/lib/python3.12/site-packages/***/models/taskinstance.py", line 3095, in signal_handler
    self.log.error("Stacktrace: \n%s", "".join(traceback.format_stack()))

[2025-04-20T14:59:21.567+0000] {process_utils.py:80} INFO - Process psutil.Process(pid=32916, status='terminated', started='14:57:11') (32916) terminated with exit code None
[2025-04-20T14:59:21.570+0000] {process_utils.py:80} INFO - Process psutil.Process(pid=33674, status='terminated', started='14:57:34') (33674) terminated with exit code None
[2025-04-20T14:59:21.572+0000] {process_utils.py:80} INFO - Process psutil.Process(pid=34312, status='terminated', started='14:58:02') (34312) terminated with exit code None
[2025-04-20T14:59:21.573+0000] {process_utils.py:80} INFO - Process psutil.Process(pid=32292, status='terminated', started='14:56:39') (32292) terminated with exit code None
[2025-04-20T14:59:21.576+0000] {process_utils.py:80} INFO - Process psutil.Process(pid=33036, status='terminated', started='14:57:17') (33036) terminated with exit code None
[2025-04-20T14:59:21.577+0000] {process_utils.py:80} INFO - Process psutil.Process(pid=34997, status='terminated', started='14:58:56') (34997) terminated with exit code None
[2025-04-20T14:59:21.577+0000] {process_utils.py:80} INFO - Process psutil.Process(pid=32919, status='terminated', started='14:57:11') (32919) terminated with exit code None
[2025-04-20T14:59:21.578+0000] {process_utils.py:80} INFO - Process psutil.Process(pid=32972, status='terminated', started='14:57:14') (32972) terminated with exit code None
[2025-04-20T14:59:21.583+0000] {process_utils.py:80} INFO - Process psutil.Process(pid=32889, status='terminated', started='14:57:10') (32889) terminated with exit code None
[2025-04-20T14:59:21.593+0000] {process_utils.py:80} INFO - Process psutil.Process(pid=35228, status='terminated', started='14:59:11') (35228) terminated with exit code None
[2025-04-20T14:59:21.626+0000] {process_utils.py:80} INFO - Process psutil.Process(pid=34445, status='terminated', started='14:58:09') (34445) terminated with exit code None
[2025-04-20T14:59:21.694+0000] {process_utils.py:80} INFO - Process psutil.Process(pid=34375, status='terminated', started='14:58:05') (34375) terminated with exit code None
[2025-04-20T14:59:21.696+0000] {process_utils.py:80} INFO - Process psutil.Process(pid=32237, status='terminated', started='14:56:38') (32237) terminated with exit code None
[2025-04-20T14:59:21.698+0000] {process_utils.py:80} INFO - Process psutil.Process(pid=34839, status='terminated', started='14:58:48') (34839) terminated with exit code None
[2025-04-20T14:59:21.716+0000] {process_utils.py:80} INFO - Process psutil.Process(pid=32211, status='terminated', started='14:56:34') (32211) terminated with exit code None
[2025-04-20T14:59:21.717+0000] {process_utils.py:80} INFO - Process psutil.Process(pid=34818, status='terminated', started='14:58:45') (34818) terminated with exit code None
[2025-04-20T14:59:21.718+0000] {process_utils.py:80} INFO - Process psutil.Process(pid=32828, status='terminated', started='14:57:08') (32828) terminated with exit code None
[2025-04-20T14:59:21.718+0000] {process_utils.py:80} INFO - Process psutil.Process(pid=32917, status='terminated', started='14:57:11') (32917) terminated with exit code None
[2025-04-20T14:59:21.718+0000] {process_utils.py:80} INFO - Process psutil.Process(pid=34840, status='terminated', started='14:58:48') (34840) terminated with exit code None
[2025-04-20T14:59:21.718+0000] {process_utils.py:80} INFO - Process psutil.Process(pid=32293, status='terminated', started='14:56:40') (32293) terminated with exit code None
[2025-04-20T14:59:21.752+0000] {process_utils.py:80} INFO - Process psutil.Process(pid=34403, status='terminated', started='14:58:06') (34403) terminated with exit code None
[2025-04-20T14:59:22.054+0000] {process_utils.py:80} INFO - Process psutil.Process(pid=32238, status='terminated', started='14:56:38') (32238) terminated with exit code None
[2025-04-20T14:59:22.486+0000] {process_utils.py:80} INFO - Process psutil.Process(pid=34909, status='terminated', started='14:58:50') (34909) terminated with exit code None
