[2025-04-13T15:45:44.552+0000] {manager.py:483} INFO - Processing files using up to 2 processes at a time 
[2025-04-13T15:45:44.553+0000] {manager.py:484} INFO - Process each file at most once every 30 seconds
[2025-04-13T15:45:44.553+0000] {manager.py:485} INFO - Checking for new files in /opt/airflow/dags every 300 seconds
[2025-04-13T15:45:44.554+0000] {manager.py:821} INFO - Searching for files in /opt/airflow/dags
[2025-04-13T15:45:44.561+0000] {manager.py:824} INFO - There are 1 files in /opt/airflow/dags
[2025-04-13T15:45:44.671+0000] {manager.py:997} INFO - 
================================================================================
DAG File Processing Stats

File Path                                       PID  Runtime      # DAGs    # Errors  Last Runtime    Last Run      Last # of DB Queries
--------------------------------------------  -----  ---------  --------  ----------  --------------  ----------  ----------------------
/opt/airflow/dags/batdongsan_scraping_dag.py    167  0.03s             0           0                                                   0
================================================================================
[2025-04-13T15:46:14.843+0000] {manager.py:997} INFO - 
================================================================================
DAG File Processing Stats

File Path                                       PID  Runtime      # DAGs    # Errors  Last Runtime    Last Run               Last # of DB Queries
--------------------------------------------  -----  ---------  --------  ----------  --------------  -------------------  ----------------------
/opt/airflow/dags/batdongsan_scraping_dag.py    172  0.00s             0           1  0.09s           2025-04-13T15:45:44                       3
================================================================================
[2025-04-13T15:46:45.039+0000] {manager.py:997} INFO - 
================================================================================
DAG File Processing Stats

File Path                                       PID  Runtime      # DAGs    # Errors  Last Runtime    Last Run               Last # of DB Queries
--------------------------------------------  -----  ---------  --------  ----------  --------------  -------------------  ----------------------
/opt/airflow/dags/batdongsan_scraping_dag.py    177  0.00s             0           1  0.05s           2025-04-13T15:46:14                       5
================================================================================
[2025-04-13T15:47:15.200+0000] {manager.py:997} INFO - 
================================================================================
DAG File Processing Stats

File Path                                       PID  Runtime      # DAGs    # Errors  Last Runtime    Last Run               Last # of DB Queries
--------------------------------------------  -----  ---------  --------  ----------  --------------  -------------------  ----------------------
/opt/airflow/dags/batdongsan_scraping_dag.py    182  0.00s             0           1  0.05s           2025-04-13T15:46:45                       5
================================================================================
[2025-04-13T15:47:45.385+0000] {manager.py:997} INFO - 
================================================================================
DAG File Processing Stats

File Path                                       PID  Runtime      # DAGs    # Errors  Last Runtime    Last Run               Last # of DB Queries
--------------------------------------------  -----  ---------  --------  ----------  --------------  -------------------  ----------------------
/opt/airflow/dags/batdongsan_scraping_dag.py    187  0.01s             0           1  0.04s           2025-04-13T15:47:15                       5
================================================================================
[2025-04-13T15:48:15.543+0000] {manager.py:997} INFO - 
================================================================================
DAG File Processing Stats

File Path                                       PID  Runtime      # DAGs    # Errors  Last Runtime    Last Run               Last # of DB Queries
--------------------------------------------  -----  ---------  --------  ----------  --------------  -------------------  ----------------------
/opt/airflow/dags/batdongsan_scraping_dag.py    192  0.00s             0           1  0.06s           2025-04-13T15:47:45                       5
================================================================================
[2025-04-13T15:48:45.706+0000] {manager.py:997} INFO - 
================================================================================
DAG File Processing Stats

File Path                                       PID  Runtime      # DAGs    # Errors  Last Runtime    Last Run               Last # of DB Queries
--------------------------------------------  -----  ---------  --------  ----------  --------------  -------------------  ----------------------
/opt/airflow/dags/batdongsan_scraping_dag.py    197  0.00s             0           1  0.04s           2025-04-13T15:48:15                       5
================================================================================
[2025-04-13T15:49:07.134+0000] {manager.py:465} INFO - Exiting gracefully upon receiving signal 15
[2025-04-13T15:57:40.832+0000] {manager.py:483} INFO - Processing files using up to 2 processes at a time 
[2025-04-13T15:57:40.832+0000] {manager.py:484} INFO - Process each file at most once every 30 seconds
[2025-04-13T15:57:40.833+0000] {manager.py:485} INFO - Checking for new files in /opt/airflow/dags every 300 seconds
[2025-04-13T15:57:40.833+0000] {manager.py:821} INFO - Searching for files in /opt/airflow/dags
[2025-04-13T15:57:40.835+0000] {manager.py:824} INFO - There are 1 files in /opt/airflow/dags
[2025-04-13T15:57:40.931+0000] {manager.py:997} INFO - 
================================================================================
DAG File Processing Stats

File Path                                       PID  Runtime      # DAGs    # Errors  Last Runtime    Last Run      Last # of DB Queries
--------------------------------------------  -----  ---------  --------  ----------  --------------  ----------  ----------------------
/opt/airflow/dags/batdongsan_scraping_dag.py    167  0.03s             0           0                                                   0
================================================================================
[2025-04-13T15:58:11.049+0000] {manager.py:997} INFO - 
================================================================================
DAG File Processing Stats

File Path                                     PID    Runtime      # DAGs    # Errors  Last Runtime    Last Run               Last # of DB Queries
--------------------------------------------  -----  ---------  --------  ----------  --------------  -------------------  ----------------------
/opt/airflow/dags/batdongsan_scraping_dag.py                           0           1  0.73s           2025-04-13T15:57:41                       5
================================================================================
[2025-04-13T15:58:41.193+0000] {manager.py:997} INFO - 
================================================================================
DAG File Processing Stats

File Path                                     PID    Runtime      # DAGs    # Errors  Last Runtime    Last Run               Last # of DB Queries
--------------------------------------------  -----  ---------  --------  ----------  --------------  -------------------  ----------------------
/opt/airflow/dags/batdongsan_scraping_dag.py                           0           1  0.55s           2025-04-13T15:58:12                       5
================================================================================
[2025-04-13T15:59:11.601+0000] {manager.py:997} INFO - 
================================================================================
DAG File Processing Stats

File Path                                     PID    Runtime      # DAGs    # Errors  Last Runtime    Last Run               Last # of DB Queries
--------------------------------------------  -----  ---------  --------  ----------  --------------  -------------------  ----------------------
/opt/airflow/dags/batdongsan_scraping_dag.py                           0           1  0.50s           2025-04-13T15:58:42                       5
================================================================================
[2025-04-13T15:59:41.691+0000] {manager.py:997} INFO - 
================================================================================
DAG File Processing Stats

File Path                                     PID    Runtime      # DAGs    # Errors  Last Runtime    Last Run               Last # of DB Queries
--------------------------------------------  -----  ---------  --------  ----------  --------------  -------------------  ----------------------
/opt/airflow/dags/batdongsan_scraping_dag.py                           0           1  0.48s           2025-04-13T15:59:13                       5
================================================================================
[2025-04-13T16:00:11.821+0000] {manager.py:997} INFO - 
================================================================================
DAG File Processing Stats

File Path                                     PID    Runtime      # DAGs    # Errors  Last Runtime    Last Run               Last # of DB Queries
--------------------------------------------  -----  ---------  --------  ----------  --------------  -------------------  ----------------------
/opt/airflow/dags/batdongsan_scraping_dag.py                           0           1  0.47s           2025-04-13T15:59:44                       5
================================================================================
[2025-04-13T16:00:41.923+0000] {manager.py:997} INFO - 
================================================================================
DAG File Processing Stats

File Path                                     PID    Runtime      # DAGs    # Errors  Last Runtime    Last Run               Last # of DB Queries
--------------------------------------------  -----  ---------  --------  ----------  --------------  -------------------  ----------------------
/opt/airflow/dags/batdongsan_scraping_dag.py                           0           1  0.48s           2025-04-13T16:00:14                       5
================================================================================
[2025-04-13T16:00:42.513+0000] {manager.py:465} INFO - Exiting gracefully upon receiving signal 15
[2025-04-13T16:12:36.017+0000] {manager.py:483} INFO - Processing files using up to 2 processes at a time 
[2025-04-13T16:12:36.019+0000] {manager.py:484} INFO - Process each file at most once every 30 seconds
[2025-04-13T16:12:36.019+0000] {manager.py:485} INFO - Checking for new files in /opt/airflow/dags every 300 seconds
[2025-04-13T16:12:36.019+0000] {manager.py:821} INFO - Searching for files in /opt/airflow/dags
[2025-04-13T16:12:36.022+0000] {manager.py:824} INFO - There are 1 files in /opt/airflow/dags
[2025-04-13T16:12:36.075+0000] {manager.py:997} INFO - 
================================================================================
DAG File Processing Stats

File Path                                       PID  Runtime      # DAGs    # Errors  Last Runtime    Last Run      Last # of DB Queries
--------------------------------------------  -----  ---------  --------  ----------  --------------  ----------  ----------------------
/opt/airflow/dags/batdongsan_scraping_dag.py    167  0.01s             0           0                                                   0
================================================================================
[2025-04-13T16:13:06.214+0000] {manager.py:997} INFO - 
================================================================================
DAG File Processing Stats

File Path                                     PID    Runtime      # DAGs    # Errors  Last Runtime    Last Run               Last # of DB Queries
--------------------------------------------  -----  ---------  --------  ----------  --------------  -------------------  ----------------------
/opt/airflow/dags/batdongsan_scraping_dag.py                           0           1  0.56s           2025-04-13T16:12:36                       3
================================================================================
[2025-04-13T16:13:36.383+0000] {manager.py:997} INFO - 
================================================================================
DAG File Processing Stats

File Path                                     PID    Runtime      # DAGs    # Errors  Last Runtime    Last Run               Last # of DB Queries
--------------------------------------------  -----  ---------  --------  ----------  --------------  -------------------  ----------------------
/opt/airflow/dags/batdongsan_scraping_dag.py                           0           1  0.61s           2025-04-13T16:13:07                       5
================================================================================
[2025-04-13T16:14:06.707+0000] {manager.py:997} INFO - 
================================================================================
DAG File Processing Stats

File Path                                     PID    Runtime      # DAGs    # Errors  Last Runtime    Last Run               Last # of DB Queries
--------------------------------------------  -----  ---------  --------  ----------  --------------  -------------------  ----------------------
/opt/airflow/dags/batdongsan_scraping_dag.py                           0           1  0.51s           2025-04-13T16:14:05                       3
================================================================================
[2025-04-13T16:14:36.783+0000] {manager.py:997} INFO - 
================================================================================
DAG File Processing Stats

File Path                                     PID    Runtime      # DAGs    # Errors  Last Runtime    Last Run               Last # of DB Queries
--------------------------------------------  -----  ---------  --------  ----------  --------------  -------------------  ----------------------
/opt/airflow/dags/batdongsan_scraping_dag.py                           0           1  0.47s           2025-04-13T16:14:35                       5
================================================================================
[2025-04-13T16:15:07.473+0000] {manager.py:997} INFO - 
================================================================================
DAG File Processing Stats

File Path                                     PID    Runtime      # DAGs    # Errors  Last Runtime    Last Run               Last # of DB Queries
--------------------------------------------  -----  ---------  --------  ----------  --------------  -------------------  ----------------------
/opt/airflow/dags/batdongsan_scraping_dag.py                           0           1  0.73s           2025-04-13T16:15:06                       5
================================================================================
[2025-04-13T16:15:37.811+0000] {manager.py:997} INFO - 
================================================================================
DAG File Processing Stats

File Path                                     PID    Runtime      # DAGs    # Errors  Last Runtime    Last Run               Last # of DB Queries
--------------------------------------------  -----  ---------  --------  ----------  --------------  -------------------  ----------------------
/opt/airflow/dags/batdongsan_scraping_dag.py                           0           1  0.52s           2025-04-13T16:15:37                       5
================================================================================
[2025-04-13T16:16:07.948+0000] {manager.py:997} INFO - 
================================================================================
DAG File Processing Stats

File Path                                       PID  Runtime      # DAGs    # Errors  Last Runtime    Last Run               Last # of DB Queries
--------------------------------------------  -----  ---------  --------  ----------  --------------  -------------------  ----------------------
/opt/airflow/dags/batdongsan_scraping_dag.py    214  0.47s             0           1  0.52s           2025-04-13T16:15:37                       5
================================================================================
[2025-04-13T16:16:38.109+0000] {manager.py:997} INFO - 
================================================================================
DAG File Processing Stats

File Path                                       PID  Runtime      # DAGs    # Errors  Last Runtime    Last Run               Last # of DB Queries
--------------------------------------------  -----  ---------  --------  ----------  --------------  -------------------  ----------------------
/opt/airflow/dags/batdongsan_scraping_dag.py    220  0.00s             0           1  0.53s           2025-04-13T16:16:08                       5
================================================================================
[2025-04-13T16:17:08.263+0000] {manager.py:997} INFO - 
================================================================================
DAG File Processing Stats

File Path                                     PID    Runtime      # DAGs    # Errors  Last Runtime    Last Run               Last # of DB Queries
--------------------------------------------  -----  ---------  --------  ----------  --------------  -------------------  ----------------------
/opt/airflow/dags/batdongsan_scraping_dag.py                           0           1  0.51s           2025-04-13T16:16:38                       5
================================================================================
[2025-04-13T16:17:36.399+0000] {manager.py:821} INFO - Searching for files in /opt/airflow/dags
[2025-04-13T16:17:36.401+0000] {manager.py:824} INFO - There are 1 files in /opt/airflow/dags
[2025-04-13T16:17:38.420+0000] {manager.py:997} INFO - 
================================================================================
DAG File Processing Stats

File Path                                     PID    Runtime      # DAGs    # Errors  Last Runtime    Last Run               Last # of DB Queries
--------------------------------------------  -----  ---------  --------  ----------  --------------  -------------------  ----------------------
/opt/airflow/dags/batdongsan_scraping_dag.py                           0           1  0.52s           2025-04-13T16:17:09                       5
================================================================================
[2025-04-13T16:18:08.558+0000] {manager.py:997} INFO - 
================================================================================
DAG File Processing Stats

File Path                                     PID    Runtime      # DAGs    # Errors  Last Runtime    Last Run               Last # of DB Queries
--------------------------------------------  -----  ---------  --------  ----------  --------------  -------------------  ----------------------
/opt/airflow/dags/batdongsan_scraping_dag.py                           0           1  0.78s           2025-04-13T16:17:40                       5
================================================================================
[2025-04-13T16:18:38.702+0000] {manager.py:997} INFO - 
================================================================================
DAG File Processing Stats

File Path                                     PID    Runtime      # DAGs    # Errors  Last Runtime    Last Run               Last # of DB Queries
--------------------------------------------  -----  ---------  --------  ----------  --------------  -------------------  ----------------------
/opt/airflow/dags/batdongsan_scraping_dag.py                           0           1  0.47s           2025-04-13T16:18:10                       5
================================================================================
[2025-04-13T16:19:09.096+0000] {manager.py:997} INFO - 
================================================================================
DAG File Processing Stats

File Path                                     PID    Runtime      # DAGs    # Errors  Last Runtime    Last Run               Last # of DB Queries
--------------------------------------------  -----  ---------  --------  ----------  --------------  -------------------  ----------------------
/opt/airflow/dags/batdongsan_scraping_dag.py                           0           1  0.51s           2025-04-13T16:18:41                       5
================================================================================
[2025-04-13T16:19:39.258+0000] {manager.py:997} INFO - 
================================================================================
DAG File Processing Stats

File Path                                     PID    Runtime      # DAGs    # Errors  Last Runtime    Last Run               Last # of DB Queries
--------------------------------------------  -----  ---------  --------  ----------  --------------  -------------------  ----------------------
/opt/airflow/dags/batdongsan_scraping_dag.py                           0           1  0.50s           2025-04-13T16:19:12                       5
================================================================================
[2025-04-13T16:20:09.408+0000] {manager.py:997} INFO - 
================================================================================
DAG File Processing Stats

File Path                                     PID    Runtime      # DAGs    # Errors  Last Runtime    Last Run               Last # of DB Queries
--------------------------------------------  -----  ---------  --------  ----------  --------------  -------------------  ----------------------
/opt/airflow/dags/batdongsan_scraping_dag.py                           0           1  0.54s           2025-04-13T16:19:42                       5
================================================================================
[2025-04-13T16:20:39.561+0000] {manager.py:997} INFO - 
================================================================================
DAG File Processing Stats

File Path                                     PID    Runtime      # DAGs    # Errors  Last Runtime    Last Run               Last # of DB Queries
--------------------------------------------  -----  ---------  --------  ----------  --------------  -------------------  ----------------------
/opt/airflow/dags/batdongsan_scraping_dag.py                           1           0  0.84s           2025-04-13T16:20:13                      45
================================================================================
[2025-04-13T16:21:09.762+0000] {manager.py:997} INFO - 
================================================================================
DAG File Processing Stats

File Path                                     PID    Runtime      # DAGs    # Errors  Last Runtime    Last Run               Last # of DB Queries
--------------------------------------------  -----  ---------  --------  ----------  --------------  -------------------  ----------------------
/opt/airflow/dags/batdongsan_scraping_dag.py                           1           0  0.57s           2025-04-13T16:20:50                      12
================================================================================
[2025-04-13T16:21:40.046+0000] {manager.py:997} INFO - 
================================================================================
DAG File Processing Stats

File Path                                     PID    Runtime      # DAGs    # Errors  Last Runtime    Last Run               Last # of DB Queries
--------------------------------------------  -----  ---------  --------  ----------  --------------  -------------------  ----------------------
/opt/airflow/dags/batdongsan_scraping_dag.py                           1           0  0.52s           2025-04-13T16:21:21                      12
================================================================================
[2025-04-13T16:22:10.185+0000] {manager.py:997} INFO - 
================================================================================
DAG File Processing Stats

File Path                                     PID    Runtime      # DAGs    # Errors  Last Runtime    Last Run               Last # of DB Queries
--------------------------------------------  -----  ---------  --------  ----------  --------------  -------------------  ----------------------
/opt/airflow/dags/batdongsan_scraping_dag.py                           1           0  0.52s           2025-04-13T16:21:52                      12
================================================================================
[2025-04-13T16:22:36.825+0000] {manager.py:821} INFO - Searching for files in /opt/airflow/dags
[2025-04-13T16:22:36.828+0000] {manager.py:824} INFO - There are 1 files in /opt/airflow/dags
[2025-04-13T16:22:40.345+0000] {manager.py:997} INFO - 
================================================================================
DAG File Processing Stats

File Path                                     PID    Runtime      # DAGs    # Errors  Last Runtime    Last Run               Last # of DB Queries
--------------------------------------------  -----  ---------  --------  ----------  --------------  -------------------  ----------------------
/opt/airflow/dags/batdongsan_scraping_dag.py                           1           0  0.52s           2025-04-13T16:22:22                      12
================================================================================
[2025-04-13T16:23:10.487+0000] {manager.py:997} INFO - 
================================================================================
DAG File Processing Stats

File Path                                     PID    Runtime      # DAGs    # Errors  Last Runtime    Last Run               Last # of DB Queries
--------------------------------------------  -----  ---------  --------  ----------  --------------  -------------------  ----------------------
/opt/airflow/dags/batdongsan_scraping_dag.py                           1           0  0.54s           2025-04-13T16:22:53                      12
================================================================================
[2025-04-13T16:23:40.641+0000] {manager.py:997} INFO - 
================================================================================
DAG File Processing Stats

File Path                                     PID    Runtime      # DAGs    # Errors  Last Runtime    Last Run               Last # of DB Queries
--------------------------------------------  -----  ---------  --------  ----------  --------------  -------------------  ----------------------
/opt/airflow/dags/batdongsan_scraping_dag.py                           1           0  0.53s           2025-04-13T16:23:24                      12
================================================================================
[2025-04-13T16:24:10.782+0000] {manager.py:997} INFO - 
================================================================================
DAG File Processing Stats

File Path                                     PID    Runtime      # DAGs    # Errors  Last Runtime    Last Run               Last # of DB Queries
--------------------------------------------  -----  ---------  --------  ----------  --------------  -------------------  ----------------------
/opt/airflow/dags/batdongsan_scraping_dag.py                           1           0  0.53s           2025-04-13T16:23:54                      12
================================================================================
[2025-04-13T16:24:40.937+0000] {manager.py:997} INFO - 
================================================================================
DAG File Processing Stats

File Path                                     PID    Runtime      # DAGs    # Errors  Last Runtime    Last Run               Last # of DB Queries
--------------------------------------------  -----  ---------  --------  ----------  --------------  -------------------  ----------------------
/opt/airflow/dags/batdongsan_scraping_dag.py                           1           0  0.54s           2025-04-13T16:24:25                      12
================================================================================
[2025-04-13T16:25:11.075+0000] {manager.py:997} INFO - 
================================================================================
DAG File Processing Stats

File Path                                     PID    Runtime      # DAGs    # Errors  Last Runtime    Last Run               Last # of DB Queries
--------------------------------------------  -----  ---------  --------  ----------  --------------  -------------------  ----------------------
/opt/airflow/dags/batdongsan_scraping_dag.py                           1           0  0.56s           2025-04-13T16:24:56                      12
================================================================================
[2025-04-13T16:25:41.285+0000] {manager.py:997} INFO - 
================================================================================
DAG File Processing Stats

File Path                                     PID    Runtime      # DAGs    # Errors  Last Runtime    Last Run               Last # of DB Queries
--------------------------------------------  -----  ---------  --------  ----------  --------------  -------------------  ----------------------
/opt/airflow/dags/batdongsan_scraping_dag.py                           1           0  0.56s           2025-04-13T16:25:26                      12
================================================================================
[2025-04-13T16:26:11.432+0000] {manager.py:997} INFO - 
================================================================================
DAG File Processing Stats

File Path                                     PID    Runtime      # DAGs    # Errors  Last Runtime    Last Run               Last # of DB Queries
--------------------------------------------  -----  ---------  --------  ----------  --------------  -------------------  ----------------------
/opt/airflow/dags/batdongsan_scraping_dag.py                           1           0  0.84s           2025-04-13T16:25:57                      12
================================================================================
[2025-04-13T16:26:41.627+0000] {manager.py:997} INFO - 
================================================================================
DAG File Processing Stats

File Path                                     PID    Runtime      # DAGs    # Errors  Last Runtime    Last Run               Last # of DB Queries
--------------------------------------------  -----  ---------  --------  ----------  --------------  -------------------  ----------------------
/opt/airflow/dags/batdongsan_scraping_dag.py                           1           0  0.72s           2025-04-13T16:26:28                      12
================================================================================
[2025-04-13T16:27:11.674+0000] {manager.py:997} INFO - 
================================================================================
DAG File Processing Stats

File Path                                     PID    Runtime      # DAGs    # Errors  Last Runtime    Last Run               Last # of DB Queries
--------------------------------------------  -----  ---------  --------  ----------  --------------  -------------------  ----------------------
/opt/airflow/dags/batdongsan_scraping_dag.py                           1           0  0.87s           2025-04-13T16:26:59                      12
================================================================================
[2025-04-13T16:27:36.925+0000] {manager.py:821} INFO - Searching for files in /opt/airflow/dags
[2025-04-13T16:27:36.927+0000] {manager.py:824} INFO - There are 1 files in /opt/airflow/dags
[2025-04-13T16:27:41.956+0000] {manager.py:997} INFO - 
================================================================================
DAG File Processing Stats

File Path                                     PID    Runtime      # DAGs    # Errors  Last Runtime    Last Run               Last # of DB Queries
--------------------------------------------  -----  ---------  --------  ----------  --------------  -------------------  ----------------------
/opt/airflow/dags/batdongsan_scraping_dag.py                           1           0  0.52s           2025-04-13T16:27:30                      12
================================================================================
[2025-04-13T16:28:12.073+0000] {manager.py:997} INFO - 
================================================================================
DAG File Processing Stats

File Path                                     PID    Runtime      # DAGs    # Errors  Last Runtime    Last Run               Last # of DB Queries
--------------------------------------------  -----  ---------  --------  ----------  --------------  -------------------  ----------------------
/opt/airflow/dags/batdongsan_scraping_dag.py                           1           0  0.61s           2025-04-13T16:28:01                      12
================================================================================
[2025-04-13T16:28:42.615+0000] {manager.py:997} INFO - 
================================================================================
DAG File Processing Stats

File Path                                     PID    Runtime      # DAGs    # Errors  Last Runtime    Last Run               Last # of DB Queries
--------------------------------------------  -----  ---------  --------  ----------  --------------  -------------------  ----------------------
/opt/airflow/dags/batdongsan_scraping_dag.py                           1           0  0.53s           2025-04-13T16:28:31                      12
================================================================================
[2025-04-13T16:29:11.877+0000] {manager.py:465} INFO - Exiting gracefully upon receiving signal 15
