[2025-04-30T05:22:46.605+0000] {local_task_job_runner.py:123} INFO - ::group::Pre task execution logs
[2025-04-30T05:22:46.666+0000] {taskinstance.py:2614} INFO - Dependencies all met for dep_context=non-requeueable deps ti=<TaskInstance: batdongsan_scraping.process_data scheduled__2025-04-29T00:00:00+00:00 [queued]>
[2025-04-30T05:22:46.696+0000] {taskinstance.py:2614} INFO - Dependencies all met for dep_context=requeueable deps ti=<TaskInstance: batdongsan_scraping.process_data scheduled__2025-04-29T00:00:00+00:00 [queued]>
[2025-04-30T05:22:46.697+0000] {taskinstance.py:2867} INFO - Starting attempt 1 of 2
[2025-04-30T05:22:46.766+0000] {taskinstance.py:2890} INFO - Executing <Task(PythonOperator): process_data> on 2025-04-29 00:00:00+00:00
[2025-04-30T05:22:46.812+0000] {standard_task_runner.py:104} INFO - Running: ['***', 'tasks', 'run', 'batdongsan_scraping', 'process_data', 'scheduled__2025-04-29T00:00:00+00:00', '--job-id', '35', '--raw', '--subdir', 'DAGS_FOLDER/batdongsan_scraping_dag.py', '--cfg-path', '/tmp/tmpdjytk_xt']
[2025-04-30T05:22:46.833+0000] {standard_task_runner.py:105} INFO - Job 35: Subtask process_data
[2025-04-30T05:22:46.861+0000] {logging_mixin.py:190} WARNING - /home/***/.local/lib/python3.12/site-packages/***/task/task_runner/standard_task_runner.py:70 DeprecationWarning: This process (pid=98113) is multi-threaded, use of fork() may lead to deadlocks in the child.
[2025-04-30T05:22:46.890+0000] {standard_task_runner.py:72} INFO - Started process 98993 to run task
[2025-04-30T05:22:47.351+0000] {task_command.py:467} INFO - Running <TaskInstance: batdongsan_scraping.process_data scheduled__2025-04-29T00:00:00+00:00 [running]> on host 9ba2d9a280bc
[2025-04-30T05:22:48.018+0000] {taskinstance.py:3134} INFO - Exporting env vars: AIRFLOW_CTX_DAG_OWNER='***' AIRFLOW_CTX_DAG_ID='batdongsan_scraping' AIRFLOW_CTX_TASK_ID='process_data' AIRFLOW_CTX_EXECUTION_DATE='2025-04-29T00:00:00+00:00' AIRFLOW_CTX_TRY_NUMBER='1' AIRFLOW_CTX_DAG_RUN_ID='scheduled__2025-04-29T00:00:00+00:00'
[2025-04-30T05:22:48.023+0000] {taskinstance.py:732} INFO - ::endgroup::
[2025-04-30T05:22:49.420+0000] {BatDongSanProcessor.py:51} INFO - Successfully loaded data from /opt/***/data/hn_batdongsan.tsv
[2025-04-30T05:22:51.858+0000] {BatDongSanProcessor.py:88} INFO - Successfully saved processed data to /opt/***/data/cleaned/hn_batdongsan_cleaned_20250430_052250.tsv
[2025-04-30T05:22:51.863+0000] {python.py:240} INFO - Done. Returned value was: Processing completed successfully
[2025-04-30T05:22:51.948+0000] {taskinstance.py:341} INFO - ::group::Post task execution logs
[2025-04-30T05:22:51.949+0000] {taskinstance.py:353} INFO - Marking task as SUCCESS. dag_id=batdongsan_scraping, task_id=process_data, run_id=scheduled__2025-04-29T00:00:00+00:00, execution_date=20250429T000000, start_date=20250430T052246, end_date=20250430T052251
[2025-04-30T05:22:52.151+0000] {local_task_job_runner.py:266} INFO - Task exited with return code 0
[2025-04-30T05:22:52.232+0000] {taskinstance.py:3901} INFO - 0 downstream tasks scheduled from follow-on schedule check
[2025-04-30T05:22:52.264+0000] {local_task_job_runner.py:245} INFO - ::endgroup::
