[2025-04-15T01:33:59.999+0000] {local_task_job_runner.py:123} INFO - ::group::Pre task execution logs
[2025-04-15T01:34:00.015+0000] {taskinstance.py:2614} INFO - Dependencies all met for dep_context=non-requeueable deps ti=<TaskInstance: batdongsan_scraping.process_data scheduled__2025-04-14T00:00:00+00:00 [queued]>
[2025-04-15T01:34:00.022+0000] {taskinstance.py:2614} INFO - Dependencies all met for dep_context=requeueable deps ti=<TaskInstance: batdongsan_scraping.process_data scheduled__2025-04-14T00:00:00+00:00 [queued]>
[2025-04-15T01:34:00.023+0000] {taskinstance.py:2867} INFO - Starting attempt 1 of 2
[2025-04-15T01:34:00.034+0000] {taskinstance.py:2890} INFO - Executing <Task(PythonOperator): process_data> on 2025-04-14 00:00:00+00:00
[2025-04-15T01:34:00.041+0000] {standard_task_runner.py:104} INFO - Running: ['***', 'tasks', 'run', 'batdongsan_scraping', 'process_data', 'scheduled__2025-04-14T00:00:00+00:00', '--job-id', '9', '--raw', '--subdir', 'DAGS_FOLDER/batdongsan_scraping_dag.py', '--cfg-path', '/tmp/tmp2o08z02a']
[2025-04-15T01:34:00.044+0000] {standard_task_runner.py:105} INFO - Job 9: Subtask process_data
[2025-04-15T01:34:00.047+0000] {logging_mixin.py:190} WARNING - /home/***/.local/lib/python3.12/site-packages/***/task/task_runner/standard_task_runner.py:70 DeprecationWarning: This process (pid=51686) is multi-threaded, use of fork() may lead to deadlocks in the child.
[2025-04-15T01:34:00.048+0000] {standard_task_runner.py:72} INFO - Started process 51688 to run task
[2025-04-15T01:34:00.081+0000] {task_command.py:467} INFO - Running <TaskInstance: batdongsan_scraping.process_data scheduled__2025-04-14T00:00:00+00:00 [running]> on host 9b73e981a31f
[2025-04-15T01:34:00.147+0000] {taskinstance.py:3134} INFO - Exporting env vars: AIRFLOW_CTX_DAG_OWNER='***' AIRFLOW_CTX_DAG_ID='batdongsan_scraping' AIRFLOW_CTX_TASK_ID='process_data' AIRFLOW_CTX_EXECUTION_DATE='2025-04-14T00:00:00+00:00' AIRFLOW_CTX_TRY_NUMBER='1' AIRFLOW_CTX_DAG_RUN_ID='scheduled__2025-04-14T00:00:00+00:00'
[2025-04-15T01:34:00.149+0000] {taskinstance.py:732} INFO - ::endgroup::
[2025-04-15T01:34:00.379+0000] {BatDongSanProcessor.py:51} INFO - Successfully loaded data from /opt/***/data/batdongsan.tsv
[2025-04-15T01:34:01.502+0000] {BatDongSanProcessor.py:88} INFO - Successfully saved processed data to /opt/***/data/cleaned/batdongsan_cleaned_20250415_013400.tsv
[2025-04-15T01:34:01.508+0000] {python.py:240} INFO - Done. Returned value was: Processing completed successfully
[2025-04-15T01:34:01.534+0000] {taskinstance.py:341} INFO - ::group::Post task execution logs
[2025-04-15T01:34:01.534+0000] {taskinstance.py:353} INFO - Marking task as SUCCESS. dag_id=batdongsan_scraping, task_id=process_data, run_id=scheduled__2025-04-14T00:00:00+00:00, execution_date=20250414T000000, start_date=20250415T013400, end_date=20250415T013401
[2025-04-15T01:34:01.588+0000] {local_task_job_runner.py:266} INFO - Task exited with return code 0
[2025-04-15T01:34:01.603+0000] {taskinstance.py:3901} INFO - 0 downstream tasks scheduled from follow-on schedule check
[2025-04-15T01:34:01.606+0000] {local_task_job_runner.py:245} INFO - ::endgroup::
