[2025-04-14T22:40:49.814+0000] {local_task_job_runner.py:123} INFO - ::group::Pre task execution logs
[2025-04-14T22:40:49.831+0000] {taskinstance.py:2614} INFO - Dependencies all met for dep_context=non-requeueable deps ti=<TaskInstance: batdongsan_scraping.process_data manual__2025-04-14T17:31:22.628767+00:00 [queued]>
[2025-04-14T22:40:49.841+0000] {taskinstance.py:2614} INFO - Dependencies all met for dep_context=requeueable deps ti=<TaskInstance: batdongsan_scraping.process_data manual__2025-04-14T17:31:22.628767+00:00 [queued]>
[2025-04-14T22:40:49.841+0000] {taskinstance.py:2867} INFO - Starting attempt 1 of 2
[2025-04-14T22:40:49.851+0000] {taskinstance.py:2890} INFO - Executing <Task(PythonOperator): process_data> on 2025-04-14 17:31:22.628767+00:00
[2025-04-14T22:40:49.860+0000] {standard_task_runner.py:104} INFO - Running: ['***', 'tasks', 'run', 'batdongsan_scraping', 'process_data', 'manual__2025-04-14T17:31:22.628767+00:00', '--job-id', '6', '--raw', '--subdir', 'DAGS_FOLDER/batdongsan_scraping_dag.py', '--cfg-path', '/tmp/tmp0i11x6b9']
[2025-04-14T22:40:49.863+0000] {standard_task_runner.py:105} INFO - Job 6: Subtask process_data
[2025-04-14T22:40:49.866+0000] {logging_mixin.py:190} WARNING - /home/***/.local/lib/python3.12/site-packages/***/task/task_runner/standard_task_runner.py:70 DeprecationWarning: This process (pid=83734) is multi-threaded, use of fork() may lead to deadlocks in the child.
[2025-04-14T22:40:49.866+0000] {standard_task_runner.py:72} INFO - Started process 83736 to run task
[2025-04-14T22:40:49.905+0000] {task_command.py:467} INFO - Running <TaskInstance: batdongsan_scraping.process_data manual__2025-04-14T17:31:22.628767+00:00 [running]> on host 9b73e981a31f
[2025-04-14T22:40:49.969+0000] {taskinstance.py:3134} INFO - Exporting env vars: AIRFLOW_CTX_DAG_OWNER='***' AIRFLOW_CTX_DAG_ID='batdongsan_scraping' AIRFLOW_CTX_TASK_ID='process_data' AIRFLOW_CTX_EXECUTION_DATE='2025-04-14T17:31:22.628767+00:00' AIRFLOW_CTX_TRY_NUMBER='1' AIRFLOW_CTX_DAG_RUN_ID='manual__2025-04-14T17:31:22.628767+00:00'
[2025-04-14T22:40:49.971+0000] {taskinstance.py:732} INFO - ::endgroup::
[2025-04-14T22:40:50.249+0000] {BatDongSanProcessor.py:51} INFO - Successfully loaded data from /opt/***/data/batdongsan.tsv
[2025-04-14T22:40:51.424+0000] {BatDongSanProcessor.py:88} INFO - Successfully saved processed data to /opt/***/data/cleaned/batdongsan_cleaned_20250414_224050.tsv
[2025-04-14T22:40:51.432+0000] {python.py:240} INFO - Done. Returned value was: Processing completed successfully
[2025-04-14T22:40:51.455+0000] {taskinstance.py:341} INFO - ::group::Post task execution logs
[2025-04-14T22:40:51.456+0000] {taskinstance.py:353} INFO - Marking task as SUCCESS. dag_id=batdongsan_scraping, task_id=process_data, run_id=manual__2025-04-14T17:31:22.628767+00:00, execution_date=20250414T173122, start_date=20250414T224049, end_date=20250414T224051
[2025-04-14T22:40:51.528+0000] {local_task_job_runner.py:266} INFO - Task exited with return code 0
[2025-04-14T22:40:51.542+0000] {taskinstance.py:3901} INFO - 0 downstream tasks scheduled from follow-on schedule check
[2025-04-14T22:40:51.545+0000] {local_task_job_runner.py:245} INFO - ::endgroup::
